<?xml version="1.0" encoding="ASCII"?>
<trace:Trace xmlns:xsi="http://www.w3.org/2001/XMLSchema-instance" xmlns:trace="http://www.inria.fr/sophia/aoste/trace/1.0.0" name="model_MoCC2013_0225_235229">
  <logicalSteps nextStep="//@logicalSteps.1">
    <eventOccurrences referedElement="//@references.0" counter="1"/>
    <eventOccurrences referedElement="//@references.1" eState="noTick" fState="noTick"/>
    <eventOccurrences referedElement="//@references.2" eState="noTick" fState="noTick"/>
    <eventOccurrences referedElement="//@references.3" eState="noTick" fState="noTick"/>
    <eventOccurrences referedElement="//@references.4" eState="noTick" fState="noTick"/>
    <eventOccurrences referedElement="//@references.5" eState="noTick" fState="noTick"/>
    <eventOccurrences referedElement="//@references.6" eState="noTick" fState="noTick"/>
    <eventOccurrences referedElement="//@references.7" eState="noTick" fState="noTick"/>
    <eventOccurrences referedElement="//@references.8" eState="noTick" fState="noTick"/>
    <eventOccurrences referedElement="//@references.9" eState="noTick" fState="noTick"/>
    <eventOccurrences referedElement="//@references.10" eState="noTick" fState="noTick"/>
    <eventOccurrences referedElement="//@references.11" eState="noTick" fState="noTick"/>
    <eventOccurrences referedElement="//@references.12" eState="noTick" fState="noTick"/>
    <eventOccurrences referedElement="//@references.13" eState="noTick" fState="noTick"/>
    <eventOccurrences referedElement="//@references.14" eState="noTick" fState="noTick"/>
    <eventOccurrences referedElement="//@references.15" eState="noTick" fState="noTick"/>
    <eventOccurrences referedElement="//@references.16" eState="noTick" fState="noTick"/>
    <eventOccurrences referedElement="//@references.17" eState="noTick" fState="noTick"/>
    <eventOccurrences referedElement="//@references.18" eState="noTick" fState="noTick"/>
    <eventOccurrences referedElement="//@references.19" eState="noTick" fState="noTick"/>
    <eventOccurrences referedElement="//@references.20" eState="noTick" fState="noTick"/>
    <eventOccurrences referedElement="//@references.21" eState="noTick" fState="noTick"/>
    <eventOccurrences referedElement="//@references.22" eState="noTick" fState="noTick"/>
    <eventOccurrences referedElement="//@references.23" eState="noTick" fState="noTick"/>
    <eventOccurrences referedElement="//@references.24" eState="noTick" fState="noTick"/>
    <eventOccurrences referedElement="//@references.25" eState="noTick" fState="noTick"/>
    <eventOccurrences referedElement="//@references.26" eState="noTick" fState="noTick"/>
    <eventOccurrences referedElement="//@references.27" eState="noTick" fState="noTick"/>
    <eventOccurrences referedElement="//@references.28" eState="noTick" fState="noTick"/>
    <eventOccurrences referedElement="//@references.29" eState="noTick" fState="noTick"/>
    <eventOccurrences referedElement="//@references.30" eState="noTick" fState="noTick"/>
    <eventOccurrences referedElement="//@references.31" eState="noTick" fState="noTick"/>
    <eventOccurrences referedElement="//@references.32" eState="noTick" fState="noTick"/>
    <eventOccurrences referedElement="//@references.33" eState="noTick" fState="noTick"/>
    <eventOccurrences referedElement="//@references.34" eState="noTick" fState="noTick"/>
    <eventOccurrences referedElement="//@references.35" eState="noTick" fState="noTick"/>
    <eventOccurrences referedElement="//@references.36" eState="noTick" fState="noTick"/>
    <eventOccurrences referedElement="//@references.37" eState="noTick" fState="noTick"/>
    <eventOccurrences referedElement="//@references.38" eState="noTick" fState="noTick"/>
    <eventOccurrences referedElement="//@references.39" eState="noTick" fState="noTick"/>
    <eventOccurrences referedElement="//@references.40" eState="noTick" fState="noTick"/>
    <eventOccurrences referedElement="//@references.41" eState="noTick" fState="noTick"/>
    <eventOccurrences referedElement="//@references.42" eState="noTick" fState="noTick"/>
    <eventOccurrences referedElement="//@references.43" eState="noTick" fState="noTick"/>
    <eventOccurrences referedElement="//@references.44" eState="noTick" fState="noTick"/>
    <eventOccurrences referedElement="//@references.45" eState="noTick" fState="noTick"/>
    <eventOccurrences referedElement="//@references.46" eState="noTick" fState="noTick"/>
    <eventOccurrences referedElement="//@references.47" eState="noTick" fState="noTick"/>
    <eventOccurrences referedElement="//@references.48" eState="noTick" fState="noTick"/>
    <eventOccurrences referedElement="//@references.49" eState="noTick" fState="noTick"/>
    <eventOccurrences referedElement="//@references.50" eState="noTick" fState="noTick"/>
    <eventOccurrences referedElement="//@references.51" eState="noTick" fState="noTick"/>
    <eventOccurrences referedElement="//@references.52" eState="noTick" fState="noTick"/>
    <eventOccurrences referedElement="//@references.53" eState="noTick" fState="noTick"/>
    <eventOccurrences referedElement="//@references.54" eState="noTick" fState="noTick"/>
    <eventOccurrences referedElement="//@references.55" eState="noTick" fState="noTick"/>
    <eventOccurrences referedElement="//@references.56" eState="noTick" fState="noTick"/>
    <eventOccurrences referedElement="//@references.57" eState="noTick" fState="noTick"/>
    <eventOccurrences referedElement="//@references.58" eState="noTick" fState="noTick"/>
    <eventOccurrences referedElement="//@references.59" eState="noTick" fState="noTick"/>
    <eventOccurrences referedElement="//@references.60" eState="noTick" fState="noTick"/>
    <eventOccurrences referedElement="//@references.61" eState="noTick" fState="noTick"/>
    <eventOccurrences referedElement="//@references.62" eState="noTick" fState="noTick"/>
    <eventOccurrences referedElement="//@references.63" eState="noTick" fState="noTick"/>
    <eventOccurrences referedElement="//@references.64" eState="noTick" fState="noTick"/>
    <eventOccurrences referedElement="//@references.65" counter="1"/>
    <eventOccurrences referedElement="//@references.66" eState="noTick" fState="noTick"/>
    <eventOccurrences referedElement="//@references.67" eState="noTick" fState="noTick"/>
    <eventOccurrences referedElement="//@references.68" eState="noTick" fState="noTick"/>
    <eventOccurrences referedElement="//@references.69" eState="noTick" fState="noTick"/>
    <eventOccurrences referedElement="//@references.70" eState="noTick" fState="noTick"/>
    <eventOccurrences referedElement="//@references.71" eState="noTick" fState="noTick"/>
    <eventOccurrences referedElement="//@references.72" eState="noTick" fState="noTick"/>
    <eventOccurrences referedElement="//@references.73" eState="noTick" fState="noTick"/>
    <eventOccurrences referedElement="//@references.74" eState="noTick" fState="noTick"/>
    <eventOccurrences referedElement="//@references.75" eState="noTick" fState="noTick"/>
    <eventOccurrences referedElement="//@references.76" eState="noTick" fState="noTick"/>
    <eventOccurrences referedElement="//@references.77" eState="noTick" fState="noTick"/>
    <eventOccurrences referedElement="//@references.78" eState="noTick" fState="noTick"/>
    <eventOccurrences referedElement="//@references.79" eState="noTick" fState="noTick"/>
    <eventOccurrences referedElement="//@references.80" eState="noTick" fState="noTick"/>
    <eventOccurrences referedElement="//@references.81" eState="noTick" fState="noTick"/>
    <eventOccurrences referedElement="//@references.82" eState="noTick" fState="noTick"/>
    <eventOccurrences referedElement="//@references.83" eState="noTick" fState="noTick"/>
    <eventOccurrences referedElement="//@references.84" eState="noTick" fState="noTick"/>
    <eventOccurrences referedElement="//@references.85" eState="noTick" fState="noTick"/>
    <eventOccurrences referedElement="//@references.86" eState="noTick" fState="noTick"/>
  </logicalSteps>
  <logicalSteps nextStep="//@logicalSteps.2" previousStep="//@logicalSteps.0" stepNumber="1">
    <eventOccurrences referedElement="//@references.0" counter="1" eState="noTick" fState="noTick"/>
    <eventOccurrences referedElement="//@references.1" eState="noTick" fState="noTick"/>
    <eventOccurrences referedElement="//@references.2" eState="noTick" fState="noTick"/>
    <eventOccurrences referedElement="//@references.3" eState="noTick" fState="noTick"/>
    <eventOccurrences referedElement="//@references.4" eState="noTick" fState="noTick"/>
    <eventOccurrences referedElement="//@references.5" eState="noTick" fState="noTick"/>
    <eventOccurrences referedElement="//@references.6" counter="1"/>
    <eventOccurrences referedElement="//@references.7" eState="noTick" fState="noTick"/>
    <eventOccurrences referedElement="//@references.8" eState="noTick" fState="noTick"/>
    <eventOccurrences referedElement="//@references.9" eState="noTick" fState="noTick"/>
    <eventOccurrences referedElement="//@references.10" eState="noTick" fState="noTick"/>
    <eventOccurrences referedElement="//@references.11" eState="noTick" fState="noTick"/>
    <eventOccurrences referedElement="//@references.12" eState="noTick" fState="noTick"/>
    <eventOccurrences referedElement="//@references.13" eState="noTick" fState="noTick"/>
    <eventOccurrences referedElement="//@references.14" eState="noTick" fState="noTick"/>
    <eventOccurrences referedElement="//@references.15" eState="noTick" fState="noTick"/>
    <eventOccurrences referedElement="//@references.16" eState="noTick" fState="noTick"/>
    <eventOccurrences referedElement="//@references.17" eState="noTick" fState="noTick"/>
    <eventOccurrences referedElement="//@references.18" eState="noTick" fState="noTick"/>
    <eventOccurrences referedElement="//@references.19" eState="noTick" fState="noTick"/>
    <eventOccurrences referedElement="//@references.20" eState="noTick" fState="noTick"/>
    <eventOccurrences referedElement="//@references.21" eState="noTick" fState="noTick"/>
    <eventOccurrences referedElement="//@references.22" eState="noTick" fState="noTick"/>
    <eventOccurrences referedElement="//@references.23" eState="noTick" fState="noTick"/>
    <eventOccurrences referedElement="//@references.24" eState="noTick" fState="noTick"/>
    <eventOccurrences referedElement="//@references.25" eState="noTick" fState="noTick"/>
    <eventOccurrences referedElement="//@references.26" eState="noTick" fState="noTick"/>
    <eventOccurrences referedElement="//@references.27" eState="noTick" fState="noTick"/>
    <eventOccurrences referedElement="//@references.28" eState="noTick" fState="noTick"/>
    <eventOccurrences referedElement="//@references.29" eState="noTick" fState="noTick"/>
    <eventOccurrences referedElement="//@references.30" eState="noTick" fState="noTick"/>
    <eventOccurrences referedElement="//@references.31" eState="noTick" fState="noTick"/>
    <eventOccurrences referedElement="//@references.32" eState="noTick" fState="noTick"/>
    <eventOccurrences referedElement="//@references.33" eState="noTick" fState="noTick"/>
    <eventOccurrences referedElement="//@references.34" eState="noTick" fState="noTick"/>
    <eventOccurrences referedElement="//@references.35" eState="noTick" fState="noTick"/>
    <eventOccurrences referedElement="//@references.36" eState="noTick" fState="noTick"/>
    <eventOccurrences referedElement="//@references.37" eState="noTick" fState="noTick"/>
    <eventOccurrences referedElement="//@references.38" eState="noTick" fState="noTick"/>
    <eventOccurrences referedElement="//@references.39" eState="noTick" fState="noTick"/>
    <eventOccurrences referedElement="//@references.40" eState="noTick" fState="noTick"/>
    <eventOccurrences referedElement="//@references.41" eState="noTick" fState="noTick"/>
    <eventOccurrences referedElement="//@references.42" eState="noTick" fState="noTick"/>
    <eventOccurrences referedElement="//@references.43" eState="noTick" fState="noTick"/>
    <eventOccurrences referedElement="//@references.44" eState="noTick" fState="noTick"/>
    <eventOccurrences referedElement="//@references.45" eState="noTick" fState="noTick"/>
    <eventOccurrences referedElement="//@references.46" eState="noTick" fState="noTick"/>
    <eventOccurrences referedElement="//@references.47" eState="noTick" fState="noTick"/>
    <eventOccurrences referedElement="//@references.48" eState="noTick" fState="noTick"/>
    <eventOccurrences referedElement="//@references.49" eState="noTick" fState="noTick"/>
    <eventOccurrences referedElement="//@references.50" eState="noTick" fState="noTick"/>
    <eventOccurrences referedElement="//@references.51" eState="noTick" fState="noTick"/>
    <eventOccurrences referedElement="//@references.52" eState="noTick" fState="noTick"/>
    <eventOccurrences referedElement="//@references.53" eState="noTick" fState="noTick"/>
    <eventOccurrences referedElement="//@references.54" eState="noTick" fState="noTick"/>
    <eventOccurrences referedElement="//@references.55" eState="noTick" fState="noTick"/>
    <eventOccurrences referedElement="//@references.56" eState="noTick" fState="noTick"/>
    <eventOccurrences referedElement="//@references.57" eState="noTick" fState="noTick"/>
    <eventOccurrences referedElement="//@references.58" eState="noTick" fState="noTick"/>
    <eventOccurrences referedElement="//@references.59" eState="noTick" fState="noTick"/>
    <eventOccurrences referedElement="//@references.60" eState="noTick" fState="noTick"/>
    <eventOccurrences referedElement="//@references.61" eState="noTick" fState="noTick"/>
    <eventOccurrences referedElement="//@references.62" eState="noTick" fState="noTick"/>
    <eventOccurrences referedElement="//@references.63" eState="noTick" fState="noTick"/>
    <eventOccurrences referedElement="//@references.64" eState="noTick" fState="noTick"/>
    <eventOccurrences referedElement="//@references.65" counter="1" eState="noTick" fState="noTick"/>
    <eventOccurrences referedElement="//@references.66" eState="noTick" fState="noTick"/>
    <eventOccurrences referedElement="//@references.67" eState="noTick" fState="noTick"/>
    <eventOccurrences referedElement="//@references.68" eState="noTick" fState="noTick"/>
    <eventOccurrences referedElement="//@references.69" eState="noTick" fState="noTick"/>
    <eventOccurrences referedElement="//@references.70" eState="noTick" fState="noTick"/>
    <eventOccurrences referedElement="//@references.71" eState="noTick" fState="noTick"/>
    <eventOccurrences referedElement="//@references.72" eState="noTick" fState="noTick"/>
    <eventOccurrences referedElement="//@references.73" eState="noTick" fState="noTick"/>
    <eventOccurrences referedElement="//@references.74" eState="noTick" fState="noTick"/>
    <eventOccurrences referedElement="//@references.75" eState="noTick" fState="noTick"/>
    <eventOccurrences referedElement="//@references.76" eState="noTick" fState="noTick"/>
    <eventOccurrences referedElement="//@references.77" eState="noTick" fState="noTick"/>
    <eventOccurrences referedElement="//@references.78" eState="noTick" fState="noTick"/>
    <eventOccurrences referedElement="//@references.79" eState="noTick" fState="noTick"/>
    <eventOccurrences referedElement="//@references.80" eState="noTick" fState="noTick"/>
    <eventOccurrences referedElement="//@references.81" eState="noTick" fState="noTick"/>
    <eventOccurrences referedElement="//@references.82" eState="noTick" fState="noTick"/>
    <eventOccurrences referedElement="//@references.83" eState="noTick" fState="noTick"/>
    <eventOccurrences referedElement="//@references.84" eState="noTick" fState="noTick"/>
    <eventOccurrences referedElement="//@references.85" eState="noTick" fState="noTick"/>
    <eventOccurrences referedElement="//@references.86" eState="noTick" fState="noTick"/>
  </logicalSteps>
  <logicalSteps nextStep="//@logicalSteps.3" previousStep="//@logicalSteps.1" stepNumber="2">
    <eventOccurrences referedElement="//@references.0" counter="1" eState="noTick" fState="noTick"/>
    <eventOccurrences referedElement="//@references.1" eState="noTick" fState="noTick"/>
    <eventOccurrences referedElement="//@references.2" eState="noTick" fState="noTick"/>
    <eventOccurrences referedElement="//@references.3" eState="noTick" fState="noTick"/>
    <eventOccurrences referedElement="//@references.4" eState="noTick" fState="noTick"/>
    <eventOccurrences referedElement="//@references.5" eState="noTick" fState="noTick"/>
    <eventOccurrences referedElement="//@references.6" counter="1" eState="noTick" fState="noTick"/>
    <eventOccurrences referedElement="//@references.7" eState="noTick" fState="noTick"/>
    <eventOccurrences referedElement="//@references.8" eState="noTick" fState="noTick"/>
    <eventOccurrences referedElement="//@references.9" eState="noTick" fState="noTick"/>
    <eventOccurrences referedElement="//@references.10" eState="noTick" fState="noTick"/>
    <eventOccurrences referedElement="//@references.11" eState="noTick" fState="noTick"/>
    <eventOccurrences referedElement="//@references.12" eState="noTick" fState="noTick"/>
    <eventOccurrences referedElement="//@references.13" eState="noTick" fState="noTick"/>
    <eventOccurrences referedElement="//@references.14" eState="noTick" fState="noTick"/>
    <eventOccurrences referedElement="//@references.15" eState="noTick" fState="noTick"/>
    <eventOccurrences referedElement="//@references.16" eState="noTick" fState="noTick"/>
    <eventOccurrences referedElement="//@references.17" eState="noTick" fState="noTick"/>
    <eventOccurrences referedElement="//@references.18" eState="noTick" fState="noTick"/>
    <eventOccurrences referedElement="//@references.19" eState="noTick" fState="noTick"/>
    <eventOccurrences referedElement="//@references.20" eState="noTick" fState="noTick"/>
    <eventOccurrences referedElement="//@references.21" eState="noTick" fState="noTick"/>
    <eventOccurrences referedElement="//@references.22" eState="noTick" fState="noTick"/>
    <eventOccurrences referedElement="//@references.23" eState="noTick" fState="noTick"/>
    <eventOccurrences referedElement="//@references.24" eState="noTick" fState="noTick"/>
    <eventOccurrences referedElement="//@references.25" eState="noTick" fState="noTick"/>
    <eventOccurrences referedElement="//@references.26" eState="noTick" fState="noTick"/>
    <eventOccurrences referedElement="//@references.27" eState="noTick" fState="noTick"/>
    <eventOccurrences referedElement="//@references.28" eState="noTick" fState="noTick"/>
    <eventOccurrences referedElement="//@references.29" eState="noTick" fState="noTick"/>
    <eventOccurrences referedElement="//@references.30" eState="noTick" fState="noTick"/>
    <eventOccurrences referedElement="//@references.31" eState="noTick" fState="noTick"/>
    <eventOccurrences referedElement="//@references.32" eState="noTick" fState="noTick"/>
    <eventOccurrences referedElement="//@references.33" eState="noTick" fState="noTick"/>
    <eventOccurrences referedElement="//@references.34" eState="noTick" fState="noTick"/>
    <eventOccurrences referedElement="//@references.35" eState="noTick" fState="noTick"/>
    <eventOccurrences referedElement="//@references.36" eState="noTick" fState="noTick"/>
    <eventOccurrences referedElement="//@references.37" eState="noTick" fState="noTick"/>
    <eventOccurrences referedElement="//@references.38" eState="noTick" fState="noTick"/>
    <eventOccurrences referedElement="//@references.39" eState="noTick" fState="noTick"/>
    <eventOccurrences referedElement="//@references.40" eState="noTick" fState="noTick"/>
    <eventOccurrences referedElement="//@references.41" eState="noTick" fState="noTick"/>
    <eventOccurrences referedElement="//@references.42" eState="noTick" fState="noTick"/>
    <eventOccurrences referedElement="//@references.43" eState="noTick" fState="noTick"/>
    <eventOccurrences referedElement="//@references.44" eState="noTick" fState="noTick"/>
    <eventOccurrences referedElement="//@references.45" eState="noTick" fState="noTick"/>
    <eventOccurrences referedElement="//@references.46" eState="noTick" fState="noTick"/>
    <eventOccurrences referedElement="//@references.47" eState="noTick" fState="noTick"/>
    <eventOccurrences referedElement="//@references.48" eState="noTick" fState="noTick"/>
    <eventOccurrences referedElement="//@references.49" eState="noTick" fState="noTick"/>
    <eventOccurrences referedElement="//@references.50" eState="noTick" fState="noTick"/>
    <eventOccurrences referedElement="//@references.51" eState="noTick" fState="noTick"/>
    <eventOccurrences referedElement="//@references.52" eState="noTick" fState="noTick"/>
    <eventOccurrences referedElement="//@references.53" eState="noTick" fState="noTick"/>
    <eventOccurrences referedElement="//@references.54" eState="noTick" fState="noTick"/>
    <eventOccurrences referedElement="//@references.55" eState="noTick" fState="noTick"/>
    <eventOccurrences referedElement="//@references.56" eState="noTick" fState="noTick"/>
    <eventOccurrences referedElement="//@references.57" eState="noTick" fState="noTick"/>
    <eventOccurrences referedElement="//@references.58" eState="noTick" fState="noTick"/>
    <eventOccurrences referedElement="//@references.59" eState="noTick" fState="noTick"/>
    <eventOccurrences referedElement="//@references.60" eState="noTick" fState="noTick"/>
    <eventOccurrences referedElement="//@references.61" eState="noTick" fState="noTick"/>
    <eventOccurrences referedElement="//@references.62" eState="noTick" fState="noTick"/>
    <eventOccurrences referedElement="//@references.63" eState="noTick" fState="noTick"/>
    <eventOccurrences referedElement="//@references.64" eState="noTick" fState="noTick"/>
    <eventOccurrences referedElement="//@references.65" counter="1" eState="noTick" fState="noTick"/>
    <eventOccurrences referedElement="//@references.66" eState="noTick" fState="noTick"/>
    <eventOccurrences referedElement="//@references.67" eState="noTick" fState="noTick"/>
    <eventOccurrences referedElement="//@references.68" counter="1"/>
    <eventOccurrences referedElement="//@references.69" eState="noTick" fState="noTick"/>
    <eventOccurrences referedElement="//@references.70" eState="noTick" fState="noTick"/>
    <eventOccurrences referedElement="//@references.71" eState="noTick" fState="noTick"/>
    <eventOccurrences referedElement="//@references.72" eState="noTick" fState="noTick"/>
    <eventOccurrences referedElement="//@references.73" eState="noTick" fState="noTick"/>
    <eventOccurrences referedElement="//@references.74" eState="noTick" fState="noTick"/>
    <eventOccurrences referedElement="//@references.75" eState="noTick" fState="noTick"/>
    <eventOccurrences referedElement="//@references.76" eState="noTick" fState="noTick"/>
    <eventOccurrences referedElement="//@references.77" eState="noTick" fState="noTick"/>
    <eventOccurrences referedElement="//@references.78" eState="noTick" fState="noTick"/>
    <eventOccurrences referedElement="//@references.79" eState="noTick" fState="noTick"/>
    <eventOccurrences referedElement="//@references.80" eState="noTick" fState="noTick"/>
    <eventOccurrences referedElement="//@references.81" eState="noTick" fState="noTick"/>
    <eventOccurrences referedElement="//@references.82" eState="noTick" fState="noTick"/>
    <eventOccurrences referedElement="//@references.83" eState="noTick" fState="noTick"/>
    <eventOccurrences referedElement="//@references.84" eState="noTick" fState="noTick"/>
    <eventOccurrences referedElement="//@references.85" eState="noTick" fState="noTick"/>
    <eventOccurrences referedElement="//@references.86" eState="noTick" fState="noTick"/>
  </logicalSteps>
  <logicalSteps nextStep="//@logicalSteps.4" previousStep="//@logicalSteps.2" stepNumber="3">
    <eventOccurrences referedElement="//@references.0" counter="1" eState="noTick" fState="noTick"/>
    <eventOccurrences referedElement="//@references.1" eState="noTick" fState="noTick"/>
    <eventOccurrences referedElement="//@references.2" eState="noTick" fState="noTick"/>
    <eventOccurrences referedElement="//@references.3" eState="noTick" fState="noTick"/>
    <eventOccurrences referedElement="//@references.4" counter="1"/>
    <eventOccurrences referedElement="//@references.5" eState="noTick" fState="noTick"/>
    <eventOccurrences referedElement="//@references.6" counter="1" eState="noTick" fState="noTick"/>
    <eventOccurrences referedElement="//@references.7" eState="noTick" fState="noTick"/>
    <eventOccurrences referedElement="//@references.8" eState="noTick" fState="noTick"/>
    <eventOccurrences referedElement="//@references.9" eState="noTick" fState="noTick"/>
    <eventOccurrences referedElement="//@references.10" eState="noTick" fState="noTick"/>
    <eventOccurrences referedElement="//@references.11" eState="noTick" fState="noTick"/>
    <eventOccurrences referedElement="//@references.12" eState="noTick" fState="noTick"/>
    <eventOccurrences referedElement="//@references.13" eState="noTick" fState="noTick"/>
    <eventOccurrences referedElement="//@references.14" eState="noTick" fState="noTick"/>
    <eventOccurrences referedElement="//@references.15" eState="noTick" fState="noTick"/>
    <eventOccurrences referedElement="//@references.16" counter="1"/>
    <eventOccurrences referedElement="//@references.17" eState="noTick" fState="noTick"/>
    <eventOccurrences referedElement="//@references.18" eState="noTick" fState="noTick"/>
    <eventOccurrences referedElement="//@references.19" eState="noTick" fState="noTick"/>
    <eventOccurrences referedElement="//@references.20" eState="noTick" fState="noTick"/>
    <eventOccurrences referedElement="//@references.21" eState="noTick" fState="noTick"/>
    <eventOccurrences referedElement="//@references.22" eState="noTick" fState="noTick"/>
    <eventOccurrences referedElement="//@references.23" eState="noTick" fState="noTick"/>
    <eventOccurrences referedElement="//@references.24" eState="noTick" fState="noTick"/>
    <eventOccurrences referedElement="//@references.25" counter="1"/>
    <eventOccurrences referedElement="//@references.26" eState="noTick" fState="noTick"/>
    <eventOccurrences referedElement="//@references.27" eState="noTick" fState="noTick"/>
    <eventOccurrences referedElement="//@references.28" eState="noTick" fState="noTick"/>
    <eventOccurrences referedElement="//@references.29" eState="noTick" fState="noTick"/>
    <eventOccurrences referedElement="//@references.30" eState="noTick" fState="noTick"/>
    <eventOccurrences referedElement="//@references.31" eState="noTick" fState="noTick"/>
    <eventOccurrences referedElement="//@references.32" eState="noTick" fState="noTick"/>
    <eventOccurrences referedElement="//@references.33" eState="noTick" fState="noTick"/>
    <eventOccurrences referedElement="//@references.34" eState="noTick" fState="noTick"/>
    <eventOccurrences referedElement="//@references.35" eState="noTick" fState="noTick"/>
    <eventOccurrences referedElement="//@references.36" eState="noTick" fState="noTick"/>
    <eventOccurrences referedElement="//@references.37" eState="noTick" fState="noTick"/>
    <eventOccurrences referedElement="//@references.38" eState="noTick" fState="noTick"/>
    <eventOccurrences referedElement="//@references.39" eState="noTick" fState="noTick"/>
    <eventOccurrences referedElement="//@references.40" counter="1"/>
    <eventOccurrences referedElement="//@references.41" eState="noTick" fState="noTick"/>
    <eventOccurrences referedElement="//@references.42" eState="noTick" fState="noTick"/>
    <eventOccurrences referedElement="//@references.43" eState="noTick" fState="noTick"/>
    <eventOccurrences referedElement="//@references.44" eState="noTick" fState="noTick"/>
    <eventOccurrences referedElement="//@references.45" eState="noTick" fState="noTick"/>
    <eventOccurrences referedElement="//@references.46" eState="noTick" fState="noTick"/>
    <eventOccurrences referedElement="//@references.47" eState="noTick" fState="noTick"/>
    <eventOccurrences referedElement="//@references.48" eState="noTick" fState="noTick"/>
    <eventOccurrences referedElement="//@references.49" eState="noTick" fState="noTick"/>
    <eventOccurrences referedElement="//@references.50" eState="noTick" fState="noTick"/>
    <eventOccurrences referedElement="//@references.51" eState="noTick" fState="noTick"/>
    <eventOccurrences referedElement="//@references.52" eState="noTick" fState="noTick"/>
    <eventOccurrences referedElement="//@references.53" eState="noTick" fState="noTick"/>
    <eventOccurrences referedElement="//@references.54" eState="noTick" fState="noTick"/>
    <eventOccurrences referedElement="//@references.55" eState="noTick" fState="noTick"/>
    <eventOccurrences referedElement="//@references.56" eState="noTick" fState="noTick"/>
    <eventOccurrences referedElement="//@references.57" eState="noTick" fState="noTick"/>
    <eventOccurrences referedElement="//@references.58" eState="noTick" fState="noTick"/>
    <eventOccurrences referedElement="//@references.59" eState="noTick" fState="noTick"/>
    <eventOccurrences referedElement="//@references.60" eState="noTick" fState="noTick"/>
    <eventOccurrences referedElement="//@references.61" eState="noTick" fState="noTick"/>
    <eventOccurrences referedElement="//@references.62" eState="noTick" fState="noTick"/>
    <eventOccurrences referedElement="//@references.63" eState="noTick" fState="noTick"/>
    <eventOccurrences referedElement="//@references.64" eState="noTick" fState="noTick"/>
    <eventOccurrences referedElement="//@references.65" counter="1" eState="noTick" fState="noTick"/>
    <eventOccurrences referedElement="//@references.66" eState="noTick" fState="noTick"/>
    <eventOccurrences referedElement="//@references.67" eState="noTick" fState="noTick"/>
    <eventOccurrences referedElement="//@references.68" counter="1" eState="noTick" fState="noTick"/>
    <eventOccurrences referedElement="//@references.69" eState="noTick" fState="noTick"/>
    <eventOccurrences referedElement="//@references.70" eState="noTick" fState="noTick"/>
    <eventOccurrences referedElement="//@references.71" eState="noTick" fState="noTick"/>
    <eventOccurrences referedElement="//@references.72" eState="noTick" fState="noTick"/>
    <eventOccurrences referedElement="//@references.73" eState="noTick" fState="noTick"/>
    <eventOccurrences referedElement="//@references.74" eState="noTick" fState="noTick"/>
    <eventOccurrences referedElement="//@references.75" eState="noTick" fState="noTick"/>
    <eventOccurrences referedElement="//@references.76" eState="noTick" fState="noTick"/>
    <eventOccurrences referedElement="//@references.77" eState="noTick" fState="noTick"/>
    <eventOccurrences referedElement="//@references.78" eState="noTick" fState="noTick"/>
    <eventOccurrences referedElement="//@references.79" eState="noTick" fState="noTick"/>
    <eventOccurrences referedElement="//@references.80" eState="noTick" fState="noTick"/>
    <eventOccurrences referedElement="//@references.81" eState="noTick" fState="noTick"/>
    <eventOccurrences referedElement="//@references.82" eState="noTick" fState="noTick"/>
    <eventOccurrences referedElement="//@references.83" eState="noTick" fState="noTick"/>
    <eventOccurrences referedElement="//@references.84" eState="noTick" fState="noTick"/>
    <eventOccurrences referedElement="//@references.85" eState="noTick" fState="noTick"/>
    <eventOccurrences referedElement="//@references.86" eState="noTick" fState="noTick"/>
  </logicalSteps>
  <logicalSteps nextStep="//@logicalSteps.5" previousStep="//@logicalSteps.3" stepNumber="4">
    <eventOccurrences referedElement="//@references.0" counter="1" eState="noTick" fState="noTick"/>
    <eventOccurrences referedElement="//@references.1" eState="noTick" fState="noTick"/>
    <eventOccurrences referedElement="//@references.2" eState="noTick" fState="noTick"/>
    <eventOccurrences referedElement="//@references.3" eState="noTick" fState="noTick"/>
    <eventOccurrences referedElement="//@references.4" counter="1" eState="noTick" fState="noTick"/>
    <eventOccurrences referedElement="//@references.5" eState="noTick" fState="noTick"/>
    <eventOccurrences referedElement="//@references.6" counter="1" eState="noTick" fState="noTick"/>
    <eventOccurrences referedElement="//@references.7" eState="noTick" fState="noTick"/>
    <eventOccurrences referedElement="//@references.8" eState="noTick" fState="noTick"/>
    <eventOccurrences referedElement="//@references.9" eState="noTick" fState="noTick"/>
    <eventOccurrences referedElement="//@references.10" eState="noTick" fState="noTick"/>
    <eventOccurrences referedElement="//@references.11" eState="noTick" fState="noTick"/>
    <eventOccurrences referedElement="//@references.12" eState="noTick" fState="noTick"/>
    <eventOccurrences referedElement="//@references.13" eState="noTick" fState="noTick"/>
    <eventOccurrences referedElement="//@references.14" eState="noTick" fState="noTick"/>
    <eventOccurrences referedElement="//@references.15" eState="noTick" fState="noTick"/>
    <eventOccurrences referedElement="//@references.16" counter="1" eState="noTick" fState="noTick"/>
    <eventOccurrences referedElement="//@references.17" eState="noTick" fState="noTick"/>
    <eventOccurrences referedElement="//@references.18" eState="noTick" fState="noTick"/>
    <eventOccurrences referedElement="//@references.19" eState="noTick" fState="noTick"/>
    <eventOccurrences referedElement="//@references.20" eState="noTick" fState="noTick"/>
    <eventOccurrences referedElement="//@references.21" eState="noTick" fState="noTick"/>
    <eventOccurrences referedElement="//@references.22" eState="noTick" fState="noTick"/>
    <eventOccurrences referedElement="//@references.23" eState="noTick" fState="noTick"/>
    <eventOccurrences referedElement="//@references.24" eState="noTick" fState="noTick"/>
    <eventOccurrences referedElement="//@references.25" counter="1" eState="noTick" fState="noTick"/>
    <eventOccurrences referedElement="//@references.26" eState="noTick" fState="noTick"/>
    <eventOccurrences referedElement="//@references.27" eState="noTick" fState="noTick"/>
    <eventOccurrences referedElement="//@references.28" eState="noTick" fState="noTick"/>
    <eventOccurrences referedElement="//@references.29" eState="noTick" fState="noTick"/>
    <eventOccurrences referedElement="//@references.30" eState="noTick" fState="noTick"/>
    <eventOccurrences referedElement="//@references.31" eState="noTick" fState="noTick"/>
    <eventOccurrences referedElement="//@references.32" eState="noTick" fState="noTick"/>
    <eventOccurrences referedElement="//@references.33" eState="noTick" fState="noTick"/>
    <eventOccurrences referedElement="//@references.34" eState="noTick" fState="noTick"/>
    <eventOccurrences referedElement="//@references.35" eState="noTick" fState="noTick"/>
    <eventOccurrences referedElement="//@references.36" eState="noTick" fState="noTick"/>
    <eventOccurrences referedElement="//@references.37" eState="noTick" fState="noTick"/>
    <eventOccurrences referedElement="//@references.38" eState="noTick" fState="noTick"/>
    <eventOccurrences referedElement="//@references.39" eState="noTick" fState="noTick"/>
    <eventOccurrences referedElement="//@references.40" counter="1" eState="noTick" fState="noTick"/>
    <eventOccurrences referedElement="//@references.41" eState="noTick" fState="noTick"/>
    <eventOccurrences referedElement="//@references.42" eState="noTick" fState="noTick"/>
    <eventOccurrences referedElement="//@references.43" eState="noTick" fState="noTick"/>
    <eventOccurrences referedElement="//@references.44" eState="noTick" fState="noTick"/>
    <eventOccurrences referedElement="//@references.45" counter="1"/>
    <eventOccurrences referedElement="//@references.46" eState="noTick" fState="noTick"/>
    <eventOccurrences referedElement="//@references.47" eState="noTick" fState="noTick"/>
    <eventOccurrences referedElement="//@references.48" eState="noTick" fState="noTick"/>
    <eventOccurrences referedElement="//@references.49" eState="noTick" fState="noTick"/>
    <eventOccurrences referedElement="//@references.50" eState="noTick" fState="noTick"/>
    <eventOccurrences referedElement="//@references.51" eState="noTick" fState="noTick"/>
    <eventOccurrences referedElement="//@references.52" eState="noTick" fState="noTick"/>
    <eventOccurrences referedElement="//@references.53" eState="noTick" fState="noTick"/>
    <eventOccurrences referedElement="//@references.54" eState="noTick" fState="noTick"/>
    <eventOccurrences referedElement="//@references.55" eState="noTick" fState="noTick"/>
    <eventOccurrences referedElement="//@references.56" eState="noTick" fState="noTick"/>
    <eventOccurrences referedElement="//@references.57" counter="1"/>
    <eventOccurrences referedElement="//@references.58" eState="noTick" fState="noTick"/>
    <eventOccurrences referedElement="//@references.59" eState="noTick" fState="noTick"/>
    <eventOccurrences referedElement="//@references.60" eState="noTick" fState="noTick"/>
    <eventOccurrences referedElement="//@references.61" eState="noTick" fState="noTick"/>
    <eventOccurrences referedElement="//@references.62" eState="noTick" fState="noTick"/>
    <eventOccurrences referedElement="//@references.63" eState="noTick" fState="noTick"/>
    <eventOccurrences referedElement="//@references.64" eState="noTick" fState="noTick"/>
    <eventOccurrences referedElement="//@references.65" counter="1" eState="noTick" fState="noTick"/>
    <eventOccurrences referedElement="//@references.66" eState="noTick" fState="noTick"/>
    <eventOccurrences referedElement="//@references.67" eState="noTick" fState="noTick"/>
    <eventOccurrences referedElement="//@references.68" counter="1" eState="noTick" fState="noTick"/>
    <eventOccurrences referedElement="//@references.69" eState="noTick" fState="noTick"/>
    <eventOccurrences referedElement="//@references.70" eState="noTick" fState="noTick"/>
    <eventOccurrences referedElement="//@references.71" eState="noTick" fState="noTick"/>
    <eventOccurrences referedElement="//@references.72" eState="noTick" fState="noTick"/>
    <eventOccurrences referedElement="//@references.73" eState="noTick" fState="noTick"/>
    <eventOccurrences referedElement="//@references.74" eState="noTick" fState="noTick"/>
    <eventOccurrences referedElement="//@references.75" eState="noTick" fState="noTick"/>
    <eventOccurrences referedElement="//@references.76" eState="noTick" fState="noTick"/>
    <eventOccurrences referedElement="//@references.77" eState="noTick" fState="noTick"/>
    <eventOccurrences referedElement="//@references.78" eState="noTick" fState="noTick"/>
    <eventOccurrences referedElement="//@references.79" eState="noTick" fState="noTick"/>
    <eventOccurrences referedElement="//@references.80" eState="noTick" fState="noTick"/>
    <eventOccurrences referedElement="//@references.81" eState="noTick" fState="noTick"/>
    <eventOccurrences referedElement="//@references.82" eState="noTick" fState="noTick"/>
    <eventOccurrences referedElement="//@references.83" eState="noTick" fState="noTick"/>
    <eventOccurrences referedElement="//@references.84" eState="noTick" fState="noTick"/>
    <eventOccurrences referedElement="//@references.85" eState="noTick" fState="noTick"/>
    <eventOccurrences referedElement="//@references.86" eState="noTick" fState="noTick"/>
  </logicalSteps>
  <logicalSteps previousStep="//@logicalSteps.4" stepNumber="5">
    <eventOccurrences referedElement="//@references.0" counter="1" eState="noTick" fState="noTick"/>
    <eventOccurrences referedElement="//@references.1" eState="noTick" fState="noTick"/>
    <eventOccurrences referedElement="//@references.2" counter="1"/>
    <eventOccurrences referedElement="//@references.3" eState="noTick" fState="noTick"/>
    <eventOccurrences referedElement="//@references.4" counter="1" eState="noTick" fState="noTick"/>
    <eventOccurrences referedElement="//@references.5" eState="noTick" fState="noTick"/>
    <eventOccurrences referedElement="//@references.6" counter="1" eState="noTick" fState="noTick"/>
    <eventOccurrences referedElement="//@references.7" eState="noTick" fState="noTick"/>
    <eventOccurrences referedElement="//@references.8" eState="noTick" fState="noTick"/>
    <eventOccurrences referedElement="//@references.9" eState="noTick" fState="noTick"/>
    <eventOccurrences referedElement="//@references.10" eState="noTick" fState="noTick"/>
    <eventOccurrences referedElement="//@references.11" eState="noTick" fState="noTick"/>
    <eventOccurrences referedElement="//@references.12" eState="noTick" fState="noTick"/>
    <eventOccurrences referedElement="//@references.13" eState="noTick" fState="noTick"/>
    <eventOccurrences referedElement="//@references.14" eState="noTick" fState="noTick"/>
    <eventOccurrences referedElement="//@references.15" eState="noTick" fState="noTick"/>
    <eventOccurrences referedElement="//@references.16" counter="1" eState="noTick" fState="noTick"/>
    <eventOccurrences referedElement="//@references.17" eState="noTick" fState="noTick"/>
    <eventOccurrences referedElement="//@references.18" eState="noTick" fState="noTick"/>
    <eventOccurrences referedElement="//@references.19" eState="noTick" fState="noTick"/>
    <eventOccurrences referedElement="//@references.20" eState="noTick" fState="noTick"/>
    <eventOccurrences referedElement="//@references.21" eState="noTick" fState="noTick"/>
    <eventOccurrences referedElement="//@references.22" eState="noTick" fState="noTick"/>
    <eventOccurrences referedElement="//@references.23" eState="noTick" fState="noTick"/>
    <eventOccurrences referedElement="//@references.24" eState="noTick" fState="noTick"/>
    <eventOccurrences referedElement="//@references.25" counter="1" eState="noTick" fState="noTick"/>
    <eventOccurrences referedElement="//@references.26" eState="noTick" fState="noTick"/>
    <eventOccurrences referedElement="//@references.27" eState="noTick" fState="noTick"/>
    <eventOccurrences referedElement="//@references.28" eState="noTick" fState="noTick"/>
    <eventOccurrences referedElement="//@references.29" eState="noTick" fState="noTick"/>
    <eventOccurrences referedElement="//@references.30" eState="noTick" fState="noTick"/>
    <eventOccurrences referedElement="//@references.31" eState="noTick" fState="noTick"/>
    <eventOccurrences referedElement="//@references.32" eState="noTick" fState="noTick"/>
    <eventOccurrences referedElement="//@references.33" eState="noTick" fState="noTick"/>
    <eventOccurrences referedElement="//@references.34" eState="noTick" fState="noTick"/>
    <eventOccurrences referedElement="//@references.35" eState="noTick" fState="noTick"/>
    <eventOccurrences referedElement="//@references.36" eState="noTick" fState="noTick"/>
    <eventOccurrences referedElement="//@references.37" eState="noTick" fState="noTick"/>
    <eventOccurrences referedElement="//@references.38" eState="noTick" fState="noTick"/>
    <eventOccurrences referedElement="//@references.39" eState="noTick" fState="noTick"/>
    <eventOccurrences referedElement="//@references.40" counter="1" eState="noTick" fState="noTick"/>
    <eventOccurrences referedElement="//@references.41" eState="noTick" fState="noTick"/>
    <eventOccurrences referedElement="//@references.42" eState="noTick" fState="noTick"/>
    <eventOccurrences referedElement="//@references.43" eState="noTick" fState="noTick"/>
    <eventOccurrences referedElement="//@references.44" eState="noTick" fState="noTick"/>
    <eventOccurrences referedElement="//@references.45" counter="1" eState="noTick" fState="noTick"/>
    <eventOccurrences referedElement="//@references.46" eState="noTick" fState="noTick"/>
    <eventOccurrences referedElement="//@references.47" eState="noTick" fState="noTick"/>
    <eventOccurrences referedElement="//@references.48" eState="noTick" fState="noTick"/>
    <eventOccurrences referedElement="//@references.49" eState="noTick" fState="noTick"/>
    <eventOccurrences referedElement="//@references.50" eState="noTick" fState="noTick"/>
    <eventOccurrences referedElement="//@references.51" eState="noTick" fState="noTick"/>
    <eventOccurrences referedElement="//@references.52" eState="noTick" fState="noTick"/>
    <eventOccurrences referedElement="//@references.53" eState="noTick" fState="noTick"/>
    <eventOccurrences referedElement="//@references.54" eState="noTick" fState="noTick"/>
    <eventOccurrences referedElement="//@references.55" eState="noTick" fState="noTick"/>
    <eventOccurrences referedElement="//@references.56" eState="noTick" fState="noTick"/>
    <eventOccurrences referedElement="//@references.57" counter="1" eState="noTick" fState="noTick"/>
    <eventOccurrences referedElement="//@references.58" eState="noTick" fState="noTick"/>
    <eventOccurrences referedElement="//@references.59" counter="1"/>
    <eventOccurrences referedElement="//@references.60" eState="noTick" fState="noTick"/>
    <eventOccurrences referedElement="//@references.61" eState="noTick" fState="noTick"/>
    <eventOccurrences referedElement="//@references.62" eState="noTick" fState="noTick"/>
    <eventOccurrences referedElement="//@references.63" eState="noTick" fState="noTick"/>
    <eventOccurrences referedElement="//@references.64" eState="noTick" fState="noTick"/>
    <eventOccurrences referedElement="//@references.65" counter="1" eState="noTick" fState="noTick"/>
    <eventOccurrences referedElement="//@references.66" eState="noTick" fState="noTick"/>
    <eventOccurrences referedElement="//@references.67" eState="noTick" fState="noTick"/>
    <eventOccurrences referedElement="//@references.68" counter="1" eState="noTick" fState="noTick"/>
    <eventOccurrences referedElement="//@references.69" eState="noTick" fState="noTick"/>
    <eventOccurrences referedElement="//@references.70" eState="noTick" fState="noTick"/>
    <eventOccurrences referedElement="//@references.71" eState="noTick" fState="noTick"/>
    <eventOccurrences referedElement="//@references.72" eState="noTick" fState="noTick"/>
    <eventOccurrences referedElement="//@references.73" eState="noTick" fState="noTick"/>
    <eventOccurrences referedElement="//@references.74" eState="noTick" fState="noTick"/>
    <eventOccurrences referedElement="//@references.75" eState="noTick" fState="noTick"/>
    <eventOccurrences referedElement="//@references.76" eState="noTick" fState="noTick"/>
    <eventOccurrences referedElement="//@references.77" eState="noTick" fState="noTick"/>
    <eventOccurrences referedElement="//@references.78" eState="noTick" fState="noTick"/>
    <eventOccurrences referedElement="//@references.79" eState="noTick" fState="noTick"/>
    <eventOccurrences referedElement="//@references.80" eState="noTick" fState="noTick"/>
    <eventOccurrences referedElement="//@references.81" eState="noTick" fState="noTick"/>
    <eventOccurrences referedElement="//@references.82" eState="noTick" fState="noTick"/>
    <eventOccurrences referedElement="//@references.83" eState="noTick" fState="noTick"/>
    <eventOccurrences referedElement="//@references.84" eState="noTick" fState="noTick"/>
    <eventOccurrences referedElement="//@references.85" eState="noTick" fState="noTick"/>
    <eventOccurrences referedElement="//@references.86" eState="noTick" fState="noTick"/>
  </logicalSteps>
  <references xsi:type="trace:ModelElementReference">
    <elementRef href="model_MoCC.extendedCCSL#//@subBlock.0"/>
    <elementRef href="model_MoCC.extendedCCSL#//@subBlock.0/@elements.53"/>
  </references>
  <references xsi:type="trace:ModelElementReference">
    <elementRef href="model_MoCC.extendedCCSL#//@subBlock.0"/>
    <elementRef href="model_MoCC.extendedCCSL#//@subBlock.0/@elements.4"/>
  </references>
  <references xsi:type="trace:ModelElementReference">
    <elementRef href="model_MoCC.extendedCCSL#//@subBlock.0"/>
    <elementRef href="model_MoCC.extendedCCSL#//@subBlock.0/@elements.46"/>
  </references>
  <references xsi:type="trace:ModelElementReference">
    <elementRef href="model_MoCC.extendedCCSL#//@subBlock.0"/>
    <elementRef href="model_MoCC.extendedCCSL#//@subBlock.0/@elements.29"/>
  </references>
  <references xsi:type="trace:ModelElementReference">
    <elementRef href="model_MoCC.extendedCCSL#//@subBlock.0"/>
    <elementRef href="model_MoCC.extendedCCSL#//@subBlock.0/@elements.42"/>
  </references>
  <references xsi:type="trace:ModelElementReference">
    <elementRef href="model_MoCC.extendedCCSL#//@subBlock.0"/>
    <elementRef href="model_MoCC.extendedCCSL#//@subBlock.0/@elements.0"/>
  </references>
  <references xsi:type="trace:ModelElementReference">
    <elementRef href="model_MoCC.extendedCCSL#//@subBlock.0"/>
    <elementRef href="model_MoCC.extendedCCSL#//@subBlock.0/@elements.55"/>
  </references>
  <references xsi:type="trace:ModelElementReference">
    <elementRef href="model_MoCC.extendedCCSL#//@subBlock.0"/>
    <elementRef href="model_MoCC.extendedCCSL#//@subBlock.0/@elements.47"/>
  </references>
  <references xsi:type="trace:ModelElementReference">
    <elementRef href="model_MoCC.extendedCCSL#//@subBlock.0"/>
    <elementRef href="model_MoCC.extendedCCSL#//@subBlock.0/@elements.12"/>
  </references>
  <references xsi:type="trace:ModelElementReference">
    <elementRef href="model_MoCC.extendedCCSL#//@subBlock.0"/>
    <elementRef href="model_MoCC.extendedCCSL#//@subBlock.0/@elements.69"/>
  </references>
  <references xsi:type="trace:ModelElementReference">
    <elementRef href="model_MoCC.extendedCCSL#//@subBlock.0"/>
    <elementRef href="model_MoCC.extendedCCSL#//@subBlock.0/@elements.9"/>
  </references>
  <references xsi:type="trace:ModelElementReference">
    <elementRef href="model_MoCC.extendedCCSL#//@subBlock.0"/>
    <elementRef href="model_MoCC.extendedCCSL#//@subBlock.0/@elements.6"/>
  </references>
  <references xsi:type="trace:ModelElementReference">
    <elementRef href="model_MoCC.extendedCCSL#//@subBlock.0"/>
    <elementRef href="model_MoCC.extendedCCSL#//@subBlock.0/@elements.25"/>
  </references>
  <references xsi:type="trace:ModelElementReference">
    <elementRef href="model_MoCC.extendedCCSL#//@subBlock.0"/>
    <elementRef href="model_MoCC.extendedCCSL#//@subBlock.0/@elements.60"/>
  </references>
  <references xsi:type="trace:ModelElementReference">
    <elementRef href="model_MoCC.extendedCCSL#//@subBlock.0"/>
    <elementRef href="model_MoCC.extendedCCSL#//@subBlock.0/@elements.19"/>
  </references>
  <references xsi:type="trace:ModelElementReference">
    <elementRef href="model_MoCC.extendedCCSL#//@subBlock.0"/>
    <elementRef href="model_MoCC.extendedCCSL#//@subBlock.0/@elements.48"/>
  </references>
  <references xsi:type="trace:ModelElementReference">
    <elementRef href="model_MoCC.extendedCCSL#//@subBlock.0"/>
    <elementRef href="model_MoCC.extendedCCSL#//@subBlock.0/@elements.22"/>
  </references>
  <references xsi:type="trace:ModelElementReference">
    <elementRef href="model_MoCC.extendedCCSL#//@subBlock.0"/>
    <elementRef href="model_MoCC.extendedCCSL#//@subBlock.0/@elements.31"/>
  </references>
  <references xsi:type="trace:ModelElementReference">
    <elementRef href="model_MoCC.extendedCCSL#//@subBlock.0"/>
    <elementRef href="model_MoCC.extendedCCSL#//@subBlock.0/@elements.56"/>
  </references>
  <references xsi:type="trace:ModelElementReference">
    <elementRef href="model_MoCC.extendedCCSL#//@subBlock.0"/>
    <elementRef href="model_MoCC.extendedCCSL#//@subBlock.0/@elements.5"/>
  </references>
  <references xsi:type="trace:ModelElementReference">
    <elementRef href="model_MoCC.extendedCCSL#//@subBlock.0"/>
    <elementRef href="model_MoCC.extendedCCSL#//@subBlock.0/@elements.18"/>
  </references>
  <references xsi:type="trace:ModelElementReference">
    <elementRef href="model_MoCC.extendedCCSL#//@subBlock.0"/>
    <elementRef href="model_MoCC.extendedCCSL#//@subBlock.0/@elements.51"/>
  </references>
  <references xsi:type="trace:ModelElementReference">
    <elementRef href="model_MoCC.extendedCCSL#//@subBlock.0"/>
    <elementRef href="model_MoCC.extendedCCSL#//@subBlock.0/@elements.49"/>
  </references>
  <references xsi:type="trace:ModelElementReference">
    <elementRef href="model_MoCC.extendedCCSL#//@subBlock.0"/>
    <elementRef href="model_MoCC.extendedCCSL#//@subBlock.0/@elements.64"/>
  </references>
  <references xsi:type="trace:ModelElementReference">
    <elementRef href="model_MoCC.extendedCCSL#//@subBlock.0"/>
    <elementRef href="model_MoCC.extendedCCSL#//@subBlock.0/@elements.15"/>
  </references>
  <references xsi:type="trace:ModelElementReference">
    <elementRef href="model_MoCC.extendedCCSL#//@subBlock.0"/>
    <elementRef href="model_MoCC.extendedCCSL#//@subBlock.0/@elements.28"/>
  </references>
  <references xsi:type="trace:ModelElementReference">
    <elementRef href="model_MoCC.extendedCCSL#//@subBlock.0"/>
    <elementRef href="model_MoCC.extendedCCSL#//@subBlock.0/@elements.3"/>
  </references>
  <references xsi:type="trace:ModelElementReference">
    <elementRef href="model_MoCC.extendedCCSL#//@subBlock.0"/>
    <elementRef href="model_MoCC.extendedCCSL#//@subBlock.0/@elements.35"/>
  </references>
  <references xsi:type="trace:ModelElementReference">
    <elementRef href="model_MoCC.extendedCCSL#//@subBlock.0"/>
    <elementRef href="model_MoCC.extendedCCSL#//@subBlock.0/@elements.32"/>
  </references>
  <references xsi:type="trace:ModelElementReference">
    <elementRef href="model_MoCC.extendedCCSL#//@subBlock.0"/>
    <elementRef href="model_MoCC.extendedCCSL#//@subBlock.0/@elements.70"/>
  </references>
  <references xsi:type="trace:ModelElementReference">
    <elementRef href="model_MoCC.extendedCCSL#//@subBlock.0"/>
    <elementRef href="model_MoCC.extendedCCSL#//@subBlock.0/@elements.58"/>
  </references>
  <references xsi:type="trace:ModelElementReference">
    <elementRef href="model_MoCC.extendedCCSL#//@subBlock.0"/>
    <elementRef href="model_MoCC.extendedCCSL#//@subBlock.0/@elements.67"/>
  </references>
  <references xsi:type="trace:ModelElementReference">
    <elementRef href="model_MoCC.extendedCCSL#//@subBlock.0"/>
    <elementRef href="model_MoCC.extendedCCSL#//@subBlock.0/@elements.50"/>
  </references>
  <references xsi:type="trace:ModelElementReference">
    <elementRef href="model_MoCC.extendedCCSL#//@subBlock.0"/>
    <elementRef href="model_MoCC.extendedCCSL#//@subBlock.0/@elements.8"/>
  </references>
  <references xsi:type="trace:ModelElementReference">
    <elementRef href="model_MoCC.extendedCCSL#//@subBlock.0"/>
    <elementRef href="model_MoCC.extendedCCSL#//@subBlock.0/@elements.62"/>
  </references>
  <references xsi:type="trace:ModelElementReference">
    <elementRef href="model_MoCC.extendedCCSL#//@subBlock.0"/>
    <elementRef href="model_MoCC.extendedCCSL#//@subBlock.0/@elements.65"/>
  </references>
  <references xsi:type="trace:ModelElementReference">
    <elementRef href="model_MoCC.extendedCCSL#//@subBlock.0"/>
    <elementRef href="model_MoCC.extendedCCSL#//@subBlock.0/@elements.14"/>
  </references>
  <references xsi:type="trace:ModelElementReference">
    <elementRef href="model_MoCC.extendedCCSL#//@subBlock.0"/>
    <elementRef href="model_MoCC.extendedCCSL#//@subBlock.0/@elements.17"/>
  </references>
  <references xsi:type="trace:ModelElementReference">
    <elementRef href="model_MoCC.extendedCCSL#//@subBlock.0"/>
    <elementRef href="model_MoCC.extendedCCSL#//@subBlock.0/@elements.26"/>
  </references>
  <references xsi:type="trace:ModelElementReference">
    <elementRef href="model_MoCC.extendedCCSL#//@subBlock.0"/>
    <elementRef href="model_MoCC.extendedCCSL#//@subBlock.0/@elements.52"/>
  </references>
  <references xsi:type="trace:ModelElementReference">
    <elementRef href="model_MoCC.extendedCCSL#//@subBlock.0"/>
    <elementRef href="model_MoCC.extendedCCSL#//@subBlock.0/@elements.27"/>
  </references>
  <references xsi:type="trace:ModelElementReference">
    <elementRef href="model_MoCC.extendedCCSL#//@subBlock.0"/>
    <elementRef href="model_MoCC.extendedCCSL#//@subBlock.0/@elements.20"/>
  </references>
  <references xsi:type="trace:ModelElementReference">
    <elementRef href="model_MoCC.extendedCCSL#//@subBlock.0"/>
    <elementRef href="model_MoCC.extendedCCSL#//@subBlock.0/@elements.34"/>
  </references>
  <references xsi:type="trace:ModelElementReference">
    <elementRef href="model_MoCC.extendedCCSL#//@subBlock.0"/>
    <elementRef href="model_MoCC.extendedCCSL#//@subBlock.0/@elements.45"/>
  </references>
  <references xsi:type="trace:ModelElementReference">
    <elementRef href="model_MoCC.extendedCCSL#//@subBlock.0"/>
    <elementRef href="model_MoCC.extendedCCSL#//@subBlock.0/@elements.68"/>
  </references>
  <references xsi:type="trace:ModelElementReference">
    <elementRef href="model_MoCC.extendedCCSL#//@subBlock.0"/>
    <elementRef href="model_MoCC.extendedCCSL#//@subBlock.0/@elements.54"/>
  </references>
  <references xsi:type="trace:ModelElementReference">
    <elementRef href="model_MoCC.extendedCCSL#//@subBlock.0"/>
    <elementRef href="model_MoCC.extendedCCSL#//@subBlock.0/@elements.61"/>
  </references>
  <references xsi:type="trace:ModelElementReference">
    <elementRef href="model_MoCC.extendedCCSL#//@subBlock.0"/>
    <elementRef href="model_MoCC.extendedCCSL#//@subBlock.0/@elements.10"/>
  </references>
  <references xsi:type="trace:ModelElementReference">
    <elementRef href="model_MoCC.extendedCCSL#//@subBlock.0"/>
    <elementRef href="model_MoCC.extendedCCSL#//@subBlock.0/@elements.2"/>
  </references>
  <references xsi:type="trace:ModelElementReference">
    <elementRef href="model_MoCC.extendedCCSL#//@subBlock.0"/>
    <elementRef href="model_MoCC.extendedCCSL#//@subBlock.0/@elements.38"/>
  </references>
  <references xsi:type="trace:ModelElementReference">
    <elementRef href="model_MoCC.extendedCCSL#//@subBlock.0"/>
    <elementRef href="model_MoCC.extendedCCSL#//@subBlock.0/@elements.30"/>
  </references>
  <references xsi:type="trace:ModelElementReference">
    <elementRef href="model_MoCC.extendedCCSL#//@subBlock.0"/>
    <elementRef href="model_MoCC.extendedCCSL#//@subBlock.0/@elements.57"/>
  </references>
  <references xsi:type="trace:ModelElementReference">
    <elementRef href="model_MoCC.extendedCCSL#//@subBlock.0"/>
    <elementRef href="model_MoCC.extendedCCSL#//@subBlock.0/@elements.36"/>
  </references>
  <references xsi:type="trace:ModelElementReference">
    <elementRef href="model_MoCC.extendedCCSL#//@subBlock.0"/>
    <elementRef href="model_MoCC.extendedCCSL#//@subBlock.0/@elements.13"/>
  </references>
  <references xsi:type="trace:ModelElementReference">
    <elementRef href="model_MoCC.extendedCCSL#//@subBlock.0"/>
    <elementRef href="model_MoCC.extendedCCSL#//@subBlock.0/@elements.66"/>
  </references>
  <references xsi:type="trace:ModelElementReference">
    <elementRef href="model_MoCC.extendedCCSL#//@subBlock.0"/>
    <elementRef href="model_MoCC.extendedCCSL#//@subBlock.0/@elements.11"/>
  </references>
  <references xsi:type="trace:ModelElementReference">
    <elementRef href="model_MoCC.extendedCCSL#//@subBlock.0"/>
    <elementRef href="model_MoCC.extendedCCSL#//@subBlock.0/@elements.71"/>
  </references>
  <references xsi:type="trace:ModelElementReference">
    <elementRef href="model_MoCC.extendedCCSL#//@subBlock.0"/>
    <elementRef href="model_MoCC.extendedCCSL#//@subBlock.0/@elements.21"/>
  </references>
  <references xsi:type="trace:ModelElementReference">
    <elementRef href="model_MoCC.extendedCCSL#//@subBlock.0"/>
    <elementRef href="model_MoCC.extendedCCSL#//@subBlock.0/@elements.37"/>
  </references>
  <references xsi:type="trace:ModelElementReference">
    <elementRef href="model_MoCC.extendedCCSL#//@subBlock.0"/>
    <elementRef href="model_MoCC.extendedCCSL#//@subBlock.0/@elements.23"/>
  </references>
  <references xsi:type="trace:ModelElementReference">
    <elementRef href="model_MoCC.extendedCCSL#//@subBlock.0"/>
    <elementRef href="model_MoCC.extendedCCSL#//@subBlock.0/@elements.7"/>
  </references>
  <references xsi:type="trace:ModelElementReference">
    <elementRef href="model_MoCC.extendedCCSL#//@subBlock.0"/>
    <elementRef href="model_MoCC.extendedCCSL#//@subBlock.0/@elements.41"/>
  </references>
  <references xsi:type="trace:ModelElementReference">
    <elementRef href="model_MoCC.extendedCCSL#//@subBlock.0"/>
    <elementRef href="model_MoCC.extendedCCSL#//@subBlock.0/@elements.16"/>
  </references>
  <references xsi:type="trace:ModelElementReference">
    <elementRef href="model_MoCC.extendedCCSL#//@subBlock.0"/>
    <elementRef href="model_MoCC.extendedCCSL#//@subBlock.0/@elements.63"/>
  </references>
  <references xsi:type="trace:ModelElementReference">
    <elementRef href="model_MoCC.extendedCCSL#//@subBlock.0"/>
    <elementRef href="model_MoCC.extendedCCSL#//@subBlock.0/@elements.24"/>
  </references>
  <references xsi:type="trace:ModelElementReference">
    <elementRef href="model_MoCC.extendedCCSL#//@subBlock.0"/>
    <elementRef href="model_MoCC.extendedCCSL#//@subBlock.0/@elements.39"/>
  </references>
  <references xsi:type="trace:ModelElementReference">
    <elementRef href="model_MoCC.extendedCCSL#//@subBlock.0"/>
    <elementRef href="model_MoCC.extendedCCSL#//@subBlock.0/@elements.33"/>
  </references>
  <references xsi:type="trace:ModelElementReference">
    <elementRef href="model_MoCC.extendedCCSL#//@subBlock.0"/>
    <elementRef href="model_MoCC.extendedCCSL#//@subBlock.0/@elements.40"/>
  </references>
  <references xsi:type="trace:ModelElementReference">
    <elementRef href="model_MoCC.extendedCCSL#//@subBlock.0"/>
    <elementRef href="model_MoCC.extendedCCSL#//@subBlock.0/@elements.43"/>
  </references>
  <references xsi:type="trace:ModelElementReference">
    <elementRef href="model_MoCC.extendedCCSL#//@subBlock.0"/>
    <elementRef href="model_MoCC.extendedCCSL#//@subBlock.0/@elements.1"/>
  </references>
  <references xsi:type="trace:ModelElementReference">
    <elementRef href="model_MoCC.extendedCCSL#//@subBlock.0"/>
    <elementRef href="model_MoCC.extendedCCSL#//@subBlock.0/@elements.44"/>
  </references>
  <references xsi:type="trace:ModelElementReference">
    <elementRef href="model_MoCC.extendedCCSL#//@subBlock.0"/>
    <elementRef href="model_MoCC.extendedCCSL#//@subBlock.0/@elements.59"/>
  </references>
  <references xsi:type="trace:ModelElementReference">
    <elementRef href="model_MoCC.extendedCCSL#//@subBlock.0"/>
    <elementRef href="model_MoCC.extendedCCSL#//@subBlock.0/@relations.0"/>
    <elementRef href="platform:/plugin/fr.inria.aoste.timesquare.ccslkernel.model/ccsllibrary/CCSL.ccslLib#//@relationLibraries.0/@relationDefinitions.0"/>
    <elementRef href="platform:/plugin/fr.inria.aoste.timesquare.ccslkernel.model/ccsllibrary/CCSL.ccslLib#//@relationLibraries.0/@relationDefinitions.0/@concreteEntities.2"/>
  </references>
  <references xsi:type="trace:ModelElementReference">
    <elementRef href="model_MoCC.extendedCCSL#//@subBlock.0"/>
    <elementRef href="model_MoCC.extendedCCSL#//@subBlock.0/@relations.9"/>
    <elementRef href="platform:/plugin/fr.inria.aoste.timesquare.ccslkernel.model/ccsllibrary/CCSL.ccslLib#//@relationLibraries.0/@relationDefinitions.0"/>
    <elementRef href="platform:/plugin/fr.inria.aoste.timesquare.ccslkernel.model/ccsllibrary/CCSL.ccslLib#//@relationLibraries.0/@relationDefinitions.0/@concreteEntities.2"/>
  </references>
  <references xsi:type="trace:ModelElementReference">
    <elementRef href="model_MoCC.extendedCCSL#//@subBlock.0"/>
    <elementRef href="model_MoCC.extendedCCSL#//@subBlock.0/@relations.11"/>
    <elementRef href="platform:/plugin/fr.inria.aoste.timesquare.ccslkernel.model/ccsllibrary/CCSL.ccslLib#//@relationLibraries.0/@relationDefinitions.0"/>
    <elementRef href="platform:/plugin/fr.inria.aoste.timesquare.ccslkernel.model/ccsllibrary/CCSL.ccslLib#//@relationLibraries.0/@relationDefinitions.0/@concreteEntities.2"/>
  </references>
  <references xsi:type="trace:ModelElementReference">
    <elementRef href="model_MoCC.extendedCCSL#//@subBlock.0"/>
    <elementRef href="model_MoCC.extendedCCSL#//@subBlock.0/@relations.6"/>
    <elementRef href="platform:/plugin/fr.inria.aoste.timesquare.ccslkernel.model/ccsllibrary/CCSL.ccslLib#//@relationLibraries.0/@relationDefinitions.0"/>
    <elementRef href="platform:/plugin/fr.inria.aoste.timesquare.ccslkernel.model/ccsllibrary/CCSL.ccslLib#//@relationLibraries.0/@relationDefinitions.0/@concreteEntities.2"/>
  </references>
  <references xsi:type="trace:ModelElementReference">
    <elementRef href="model_MoCC.extendedCCSL#//@subBlock.0"/>
    <elementRef href="model_MoCC.extendedCCSL#//@subBlock.0/@relations.4"/>
    <elementRef href="platform:/plugin/fr.inria.aoste.timesquare.ccslkernel.model/ccsllibrary/CCSL.ccslLib#//@relationLibraries.0/@relationDefinitions.0"/>
    <elementRef href="platform:/plugin/fr.inria.aoste.timesquare.ccslkernel.model/ccsllibrary/CCSL.ccslLib#//@relationLibraries.0/@relationDefinitions.0/@concreteEntities.2"/>
  </references>
  <references xsi:type="trace:ModelElementReference">
    <elementRef href="model_MoCC.extendedCCSL#//@subBlock.0"/>
    <elementRef href="model_MoCC.extendedCCSL#//@subBlock.0/@relations.5"/>
    <elementRef href="platform:/plugin/fr.inria.aoste.timesquare.ccslkernel.model/ccsllibrary/CCSL.ccslLib#//@relationLibraries.0/@relationDefinitions.0"/>
    <elementRef href="platform:/plugin/fr.inria.aoste.timesquare.ccslkernel.model/ccsllibrary/CCSL.ccslLib#//@relationLibraries.0/@relationDefinitions.0/@concreteEntities.2"/>
  </references>
  <references xsi:type="trace:ModelElementReference">
    <elementRef href="model_MoCC.extendedCCSL#//@subBlock.0"/>
    <elementRef href="model_MoCC.extendedCCSL#//@subBlock.0/@relations.12"/>
    <elementRef href="platform:/plugin/fr.inria.aoste.timesquare.ccslkernel.model/ccsllibrary/CCSL.ccslLib#//@relationLibraries.0/@relationDefinitions.0"/>
    <elementRef href="platform:/plugin/fr.inria.aoste.timesquare.ccslkernel.model/ccsllibrary/CCSL.ccslLib#//@relationLibraries.0/@relationDefinitions.0/@concreteEntities.2"/>
  </references>
  <references xsi:type="trace:ModelElementReference">
    <elementRef href="model_MoCC.extendedCCSL#//@subBlock.0"/>
    <elementRef href="model_MoCC.extendedCCSL#//@subBlock.0/@relations.10"/>
    <elementRef href="platform:/plugin/fr.inria.aoste.timesquare.ccslkernel.model/ccsllibrary/CCSL.ccslLib#//@relationLibraries.0/@relationDefinitions.0"/>
    <elementRef href="platform:/plugin/fr.inria.aoste.timesquare.ccslkernel.model/ccsllibrary/CCSL.ccslLib#//@relationLibraries.0/@relationDefinitions.0/@concreteEntities.2"/>
  </references>
  <references xsi:type="trace:ModelElementReference">
    <elementRef href="model_MoCC.extendedCCSL#//@subBlock.0"/>
    <elementRef href="model_MoCC.extendedCCSL#//@subBlock.0/@relations.13"/>
    <elementRef href="platform:/plugin/fr.inria.aoste.timesquare.ccslkernel.model/ccsllibrary/CCSL.ccslLib#//@relationLibraries.0/@relationDefinitions.0"/>
    <elementRef href="platform:/plugin/fr.inria.aoste.timesquare.ccslkernel.model/ccsllibrary/CCSL.ccslLib#//@relationLibraries.0/@relationDefinitions.0/@concreteEntities.2"/>
  </references>
  <references xsi:type="trace:ModelElementReference">
    <elementRef href="model_MoCC.extendedCCSL#//@subBlock.0"/>
    <elementRef href="model_MoCC.extendedCCSL#//@subBlock.0/@relations.8"/>
    <elementRef href="platform:/plugin/fr.inria.aoste.timesquare.ccslkernel.model/ccsllibrary/CCSL.ccslLib#//@relationLibraries.0/@relationDefinitions.0"/>
    <elementRef href="platform:/plugin/fr.inria.aoste.timesquare.ccslkernel.model/ccsllibrary/CCSL.ccslLib#//@relationLibraries.0/@relationDefinitions.0/@concreteEntities.2"/>
  </references>
  <references xsi:type="trace:ModelElementReference">
    <elementRef href="model_MoCC.extendedCCSL#//@subBlock.0"/>
    <elementRef href="model_MoCC.extendedCCSL#//@subBlock.0/@relations.2"/>
    <elementRef href="platform:/plugin/fr.inria.aoste.timesquare.ccslkernel.model/ccsllibrary/CCSL.ccslLib#//@relationLibraries.0/@relationDefinitions.0"/>
    <elementRef href="platform:/plugin/fr.inria.aoste.timesquare.ccslkernel.model/ccsllibrary/CCSL.ccslLib#//@relationLibraries.0/@relationDefinitions.0/@concreteEntities.2"/>
  </references>
  <references xsi:type="trace:ModelElementReference">
    <elementRef href="model_MoCC.extendedCCSL#//@subBlock.0"/>
    <elementRef href="model_MoCC.extendedCCSL#//@subBlock.0/@relations.7"/>
    <elementRef href="platform:/plugin/fr.inria.aoste.timesquare.ccslkernel.model/ccsllibrary/CCSL.ccslLib#//@relationLibraries.0/@relationDefinitions.0"/>
    <elementRef href="platform:/plugin/fr.inria.aoste.timesquare.ccslkernel.model/ccsllibrary/CCSL.ccslLib#//@relationLibraries.0/@relationDefinitions.0/@concreteEntities.2"/>
  </references>
  <references xsi:type="trace:ModelElementReference">
    <elementRef href="model_MoCC.extendedCCSL#//@subBlock.0"/>
    <elementRef href="model_MoCC.extendedCCSL#//@subBlock.0/@relations.14"/>
    <elementRef href="platform:/plugin/fr.inria.aoste.timesquare.ccslkernel.model/ccsllibrary/CCSL.ccslLib#//@relationLibraries.0/@relationDefinitions.0"/>
    <elementRef href="platform:/plugin/fr.inria.aoste.timesquare.ccslkernel.model/ccsllibrary/CCSL.ccslLib#//@relationLibraries.0/@relationDefinitions.0/@concreteEntities.2"/>
  </references>
  <references xsi:type="trace:ModelElementReference">
    <elementRef href="model_MoCC.extendedCCSL#//@subBlock.0"/>
    <elementRef href="model_MoCC.extendedCCSL#//@subBlock.0/@relations.1"/>
    <elementRef href="platform:/plugin/fr.inria.aoste.timesquare.ccslkernel.model/ccsllibrary/CCSL.ccslLib#//@relationLibraries.0/@relationDefinitions.0"/>
    <elementRef href="platform:/plugin/fr.inria.aoste.timesquare.ccslkernel.model/ccsllibrary/CCSL.ccslLib#//@relationLibraries.0/@relationDefinitions.0/@concreteEntities.2"/>
  </references>
  <references xsi:type="trace:ModelElementReference">
    <elementRef href="model_MoCC.extendedCCSL#//@subBlock.0"/>
    <elementRef href="model_MoCC.extendedCCSL#//@subBlock.0/@relations.3"/>
    <elementRef href="platform:/plugin/fr.inria.aoste.timesquare.ccslkernel.model/ccsllibrary/CCSL.ccslLib#//@relationLibraries.0/@relationDefinitions.0"/>
    <elementRef href="platform:/plugin/fr.inria.aoste.timesquare.ccslkernel.model/ccsllibrary/CCSL.ccslLib#//@relationLibraries.0/@relationDefinitions.0/@concreteEntities.2"/>
  </references>
  <references xsi:type="trace:ModelElementReference">
    <elementRef href="model_MoCC.extendedCCSL#//@subBlock.0"/>
    <elementRef href="model_MoCC.extendedCCSL#//@subBlock.0/@relations.57"/>
  </references>
  <references xsi:type="trace:ModelElementReference">
    <elementRef href="model_MoCC.extendedCCSL#//@subBlock.0"/>
    <elementRef href="model_MoCC.extendedCCSL#//@subBlock.0/@relations.53"/>
  </references>
  <references xsi:type="trace:ModelElementReference">
    <elementRef href="model_MoCC.extendedCCSL#//@subBlock.0"/>
    <elementRef href="model_MoCC.extendedCCSL#//@subBlock.0/@relations.0"/>
    <elementRef href="platform:/plugin/fr.inria.aoste.timesquare.ccslkernel.model/ccsllibrary/CCSL.ccslLib#//@relationLibraries.0/@relationDefinitions.0"/>
    <elementRef href="platform:/plugin/fr.inria.aoste.timesquare.ccslkernel.model/ccsllibrary/CCSL.ccslLib#//@relationLibraries.0/@relationDefinitions.0/@concreteEntities.0"/>
  </references>
  <references xsi:type="trace:ModelElementReference">
    <elementRef href="model_MoCC.extendedCCSL#//@subBlock.0"/>
    <elementRef href="model_MoCC.extendedCCSL#//@subBlock.0/@relations.0"/>
    <elementRef href="platform:/plugin/fr.inria.aoste.timesquare.ccslkernel.model/ccsllibrary/CCSL.ccslLib#//@relationLibraries.0/@relationDefinitions.0"/>
    <elementRef href="platform:/plugin/fr.inria.aoste.timesquare.ccslkernel.model/ccsllibrary/CCSL.ccslLib#//@relationLibraries.0/@relationDefinitions.0/@concreteEntities.3"/>
  </references>
  <references xsi:type="trace:ModelElementReference">
    <elementRef href="model_MoCC.extendedCCSL#//@subBlock.0"/>
    <elementRef href="model_MoCC.extendedCCSL#//@subBlock.0/@relations.67"/>
  </references>
  <references xsi:type="trace:ModelElementReference">
    <elementRef href="model_MoCC.extendedCCSL#//@subBlock.0"/>
    <elementRef href="model_MoCC.extendedCCSL#//@subBlock.0/@relations.42"/>
  </references>
  <references xsi:type="trace:ModelElementReference">
    <elementRef href="model_MoCC.extendedCCSL#//@subBlock.0"/>
    <elementRef href="model_MoCC.extendedCCSL#//@subBlock.0/@relations.16"/>
  </references>
  <references xsi:type="trace:ModelElementReference">
    <elementRef href="model_MoCC.extendedCCSL#//@subBlock.0"/>
    <elementRef href="model_MoCC.extendedCCSL#//@subBlock.0/@relations.26"/>
  </references>
  <references xsi:type="trace:ModelElementReference">
    <elementRef href="model_MoCC.extendedCCSL#//@subBlock.0"/>
    <elementRef href="model_MoCC.extendedCCSL#//@subBlock.0/@relations.69"/>
  </references>
  <references xsi:type="trace:ModelElementReference">
    <elementRef href="model_MoCC.extendedCCSL#//@subBlock.0"/>
    <elementRef href="model_MoCC.extendedCCSL#//@subBlock.0/@relations.64"/>
  </references>
  <references xsi:type="trace:ModelElementReference">
    <elementRef href="model_MoCC.extendedCCSL#//@subBlock.0"/>
    <elementRef href="model_MoCC.extendedCCSL#//@subBlock.0/@relations.39"/>
  </references>
  <references xsi:type="trace:ModelElementReference">
    <elementRef href="model_MoCC.extendedCCSL#//@subBlock.0"/>
    <elementRef href="model_MoCC.extendedCCSL#//@subBlock.0/@relations.58"/>
  </references>
  <references xsi:type="trace:ModelElementReference">
    <elementRef href="model_MoCC.extendedCCSL#//@subBlock.0"/>
    <elementRef href="model_MoCC.extendedCCSL#//@subBlock.0/@relations.51"/>
  </references>
  <references xsi:type="trace:ModelElementReference">
    <elementRef href="model_MoCC.extendedCCSL#//@subBlock.0"/>
    <elementRef href="model_MoCC.extendedCCSL#//@subBlock.0/@relations.23"/>
  </references>
  <references xsi:type="trace:ModelElementReference">
    <elementRef href="model_MoCC.extendedCCSL#//@subBlock.0"/>
    <elementRef href="model_MoCC.extendedCCSL#//@subBlock.0/@relations.4"/>
    <elementRef href="platform:/plugin/fr.inria.aoste.timesquare.ccslkernel.model/ccsllibrary/CCSL.ccslLib#//@relationLibraries.0/@relationDefinitions.0"/>
    <elementRef href="platform:/plugin/fr.inria.aoste.timesquare.ccslkernel.model/ccsllibrary/CCSL.ccslLib#//@relationLibraries.0/@relationDefinitions.0/@concreteEntities.0"/>
  </references>
  <references xsi:type="trace:ModelElementReference">
    <elementRef href="model_MoCC.extendedCCSL#//@subBlock.0"/>
    <elementRef href="model_MoCC.extendedCCSL#//@subBlock.0/@relations.4"/>
    <elementRef href="platform:/plugin/fr.inria.aoste.timesquare.ccslkernel.model/ccsllibrary/CCSL.ccslLib#//@relationLibraries.0/@relationDefinitions.0"/>
    <elementRef href="platform:/plugin/fr.inria.aoste.timesquare.ccslkernel.model/ccsllibrary/CCSL.ccslLib#//@relationLibraries.0/@relationDefinitions.0/@concreteEntities.3"/>
  </references>
  <references xsi:type="trace:ModelElementReference">
    <elementRef href="model_MoCC.extendedCCSL#//@subBlock.0"/>
    <elementRef href="model_MoCC.extendedCCSL#//@subBlock.0/@relations.35"/>
  </references>
  <references xsi:type="trace:ModelElementReference">
    <elementRef href="model_MoCC.extendedCCSL#//@subBlock.0"/>
    <elementRef href="model_MoCC.extendedCCSL#//@subBlock.0/@relations.37"/>
  </references>
  <references xsi:type="trace:ModelElementReference">
    <elementRef href="model_MoCC.extendedCCSL#//@subBlock.0"/>
    <elementRef href="model_MoCC.extendedCCSL#//@subBlock.0/@relations.55"/>
  </references>
  <references xsi:type="trace:ModelElementReference">
    <elementRef href="model_MoCC.extendedCCSL#//@subBlock.0"/>
    <elementRef href="model_MoCC.extendedCCSL#//@subBlock.0/@relations.59"/>
  </references>
  <references xsi:type="trace:ModelElementReference">
    <elementRef href="model_MoCC.extendedCCSL#//@subBlock.0"/>
    <elementRef href="model_MoCC.extendedCCSL#//@subBlock.0/@relations.40"/>
  </references>
  <references xsi:type="trace:ModelElementReference">
    <elementRef href="model_MoCC.extendedCCSL#//@subBlock.0"/>
    <elementRef href="model_MoCC.extendedCCSL#//@subBlock.0/@relations.66"/>
  </references>
  <references xsi:type="trace:ModelElementReference">
    <elementRef href="model_MoCC.extendedCCSL#//@subBlock.0"/>
    <elementRef href="model_MoCC.extendedCCSL#//@subBlock.0/@relations.7"/>
    <elementRef href="platform:/plugin/fr.inria.aoste.timesquare.ccslkernel.model/ccsllibrary/CCSL.ccslLib#//@relationLibraries.0/@relationDefinitions.0"/>
    <elementRef href="platform:/plugin/fr.inria.aoste.timesquare.ccslkernel.model/ccsllibrary/CCSL.ccslLib#//@relationLibraries.0/@relationDefinitions.0/@concreteEntities.0"/>
  </references>
  <references xsi:type="trace:ModelElementReference">
    <elementRef href="model_MoCC.extendedCCSL#//@subBlock.0"/>
    <elementRef href="model_MoCC.extendedCCSL#//@subBlock.0/@relations.7"/>
    <elementRef href="platform:/plugin/fr.inria.aoste.timesquare.ccslkernel.model/ccsllibrary/CCSL.ccslLib#//@relationLibraries.0/@relationDefinitions.0"/>
    <elementRef href="platform:/plugin/fr.inria.aoste.timesquare.ccslkernel.model/ccsllibrary/CCSL.ccslLib#//@relationLibraries.0/@relationDefinitions.0/@concreteEntities.3"/>
  </references>
  <references xsi:type="trace:ModelElementReference">
    <elementRef href="model_MoCC.extendedCCSL#//@subBlock.0"/>
    <elementRef href="model_MoCC.extendedCCSL#//@subBlock.0/@relations.34"/>
  </references>
  <references xsi:type="trace:ModelElementReference">
    <elementRef href="model_MoCC.extendedCCSL#//@subBlock.0"/>
    <elementRef href="model_MoCC.extendedCCSL#//@subBlock.0/@relations.15"/>
  </references>
  <references xsi:type="trace:ModelElementReference">
    <elementRef href="model_MoCC.extendedCCSL#//@subBlock.0"/>
    <elementRef href="model_MoCC.extendedCCSL#//@subBlock.0/@relations.28"/>
  </references>
  <references xsi:type="trace:ModelElementReference">
    <elementRef href="model_MoCC.extendedCCSL#//@subBlock.0"/>
    <elementRef href="model_MoCC.extendedCCSL#//@subBlock.0/@relations.20"/>
  </references>
  <references xsi:type="trace:ModelElementReference">
    <elementRef href="model_MoCC.extendedCCSL#//@subBlock.0"/>
    <elementRef href="model_MoCC.extendedCCSL#//@subBlock.0/@relations.41"/>
  </references>
  <references xsi:type="trace:ModelElementReference">
    <elementRef href="model_MoCC.extendedCCSL#//@subBlock.0"/>
    <elementRef href="model_MoCC.extendedCCSL#//@subBlock.0/@relations.13"/>
    <elementRef href="platform:/plugin/fr.inria.aoste.timesquare.ccslkernel.model/ccsllibrary/CCSL.ccslLib#//@relationLibraries.0/@relationDefinitions.0"/>
    <elementRef href="platform:/plugin/fr.inria.aoste.timesquare.ccslkernel.model/ccsllibrary/CCSL.ccslLib#//@relationLibraries.0/@relationDefinitions.0/@concreteEntities.0"/>
  </references>
  <references xsi:type="trace:ModelElementReference">
    <elementRef href="model_MoCC.extendedCCSL#//@subBlock.0"/>
    <elementRef href="model_MoCC.extendedCCSL#//@subBlock.0/@relations.13"/>
    <elementRef href="platform:/plugin/fr.inria.aoste.timesquare.ccslkernel.model/ccsllibrary/CCSL.ccslLib#//@relationLibraries.0/@relationDefinitions.0"/>
    <elementRef href="platform:/plugin/fr.inria.aoste.timesquare.ccslkernel.model/ccsllibrary/CCSL.ccslLib#//@relationLibraries.0/@relationDefinitions.0/@concreteEntities.3"/>
  </references>
  <references xsi:type="trace:ModelElementReference">
    <elementRef href="model_MoCC.extendedCCSL#//@subBlock.0"/>
    <elementRef href="model_MoCC.extendedCCSL#//@subBlock.0/@relations.60"/>
  </references>
  <references xsi:type="trace:ModelElementReference">
    <elementRef href="model_MoCC.extendedCCSL#//@subBlock.0"/>
    <elementRef href="model_MoCC.extendedCCSL#//@subBlock.0/@relations.65"/>
  </references>
  <references xsi:type="trace:ModelElementReference">
    <elementRef href="model_MoCC.extendedCCSL#//@subBlock.0"/>
    <elementRef href="model_MoCC.extendedCCSL#//@subBlock.0/@relations.29"/>
  </references>
  <references xsi:type="trace:ModelElementReference">
    <elementRef href="model_MoCC.extendedCCSL#//@subBlock.0"/>
    <elementRef href="model_MoCC.extendedCCSL#//@subBlock.0/@relations.49"/>
  </references>
  <references xsi:type="trace:ModelElementReference">
    <elementRef href="model_MoCC.extendedCCSL#//@subBlock.0"/>
    <elementRef href="model_MoCC.extendedCCSL#//@subBlock.0/@relations.11"/>
    <elementRef href="platform:/plugin/fr.inria.aoste.timesquare.ccslkernel.model/ccsllibrary/CCSL.ccslLib#//@relationLibraries.0/@relationDefinitions.0"/>
    <elementRef href="platform:/plugin/fr.inria.aoste.timesquare.ccslkernel.model/ccsllibrary/CCSL.ccslLib#//@relationLibraries.0/@relationDefinitions.0/@concreteEntities.0"/>
  </references>
  <references xsi:type="trace:ModelElementReference">
    <elementRef href="model_MoCC.extendedCCSL#//@subBlock.0"/>
    <elementRef href="model_MoCC.extendedCCSL#//@subBlock.0/@relations.11"/>
    <elementRef href="platform:/plugin/fr.inria.aoste.timesquare.ccslkernel.model/ccsllibrary/CCSL.ccslLib#//@relationLibraries.0/@relationDefinitions.0"/>
    <elementRef href="platform:/plugin/fr.inria.aoste.timesquare.ccslkernel.model/ccsllibrary/CCSL.ccslLib#//@relationLibraries.0/@relationDefinitions.0/@concreteEntities.3"/>
  </references>
  <references xsi:type="trace:ModelElementReference">
    <elementRef href="model_MoCC.extendedCCSL#//@subBlock.0"/>
    <elementRef href="model_MoCC.extendedCCSL#//@subBlock.0/@relations.71"/>
  </references>
  <references xsi:type="trace:ModelElementReference">
    <elementRef href="model_MoCC.extendedCCSL#//@subBlock.0"/>
    <elementRef href="model_MoCC.extendedCCSL#//@subBlock.0/@relations.70"/>
  </references>
  <references xsi:type="trace:ModelElementReference">
    <elementRef href="model_MoCC.extendedCCSL#//@subBlock.0"/>
    <elementRef href="model_MoCC.extendedCCSL#//@subBlock.0/@relations.17"/>
  </references>
  <references xsi:type="trace:ModelElementReference">
    <elementRef href="model_MoCC.extendedCCSL#//@subBlock.0"/>
    <elementRef href="model_MoCC.extendedCCSL#//@subBlock.0/@relations.48"/>
  </references>
  <references xsi:type="trace:ModelElementReference">
    <elementRef href="model_MoCC.extendedCCSL#//@subBlock.0"/>
    <elementRef href="model_MoCC.extendedCCSL#//@subBlock.0/@relations.61"/>
  </references>
  <references xsi:type="trace:ModelElementReference">
    <elementRef href="model_MoCC.extendedCCSL#//@subBlock.0"/>
    <elementRef href="model_MoCC.extendedCCSL#//@subBlock.0/@relations.30"/>
  </references>
  <references xsi:type="trace:ModelElementReference">
    <elementRef href="model_MoCC.extendedCCSL#//@subBlock.0"/>
    <elementRef href="model_MoCC.extendedCCSL#//@subBlock.0/@relations.24"/>
  </references>
  <references xsi:type="trace:ModelElementReference">
    <elementRef href="model_MoCC.extendedCCSL#//@subBlock.0"/>
    <elementRef href="model_MoCC.extendedCCSL#//@subBlock.0/@relations.3"/>
    <elementRef href="platform:/plugin/fr.inria.aoste.timesquare.ccslkernel.model/ccsllibrary/CCSL.ccslLib#//@relationLibraries.0/@relationDefinitions.0"/>
    <elementRef href="platform:/plugin/fr.inria.aoste.timesquare.ccslkernel.model/ccsllibrary/CCSL.ccslLib#//@relationLibraries.0/@relationDefinitions.0/@concreteEntities.0"/>
  </references>
  <references xsi:type="trace:ModelElementReference">
    <elementRef href="model_MoCC.extendedCCSL#//@subBlock.0"/>
    <elementRef href="model_MoCC.extendedCCSL#//@subBlock.0/@relations.3"/>
    <elementRef href="platform:/plugin/fr.inria.aoste.timesquare.ccslkernel.model/ccsllibrary/CCSL.ccslLib#//@relationLibraries.0/@relationDefinitions.0"/>
    <elementRef href="platform:/plugin/fr.inria.aoste.timesquare.ccslkernel.model/ccsllibrary/CCSL.ccslLib#//@relationLibraries.0/@relationDefinitions.0/@concreteEntities.3"/>
  </references>
  <references xsi:type="trace:ModelElementReference">
    <elementRef href="model_MoCC.extendedCCSL#//@subBlock.0"/>
    <elementRef href="model_MoCC.extendedCCSL#//@subBlock.0/@relations.50"/>
  </references>
  <references xsi:type="trace:ModelElementReference">
    <elementRef href="model_MoCC.extendedCCSL#//@subBlock.0"/>
    <elementRef href="model_MoCC.extendedCCSL#//@subBlock.0/@relations.31"/>
  </references>
  <references xsi:type="trace:ModelElementReference">
    <elementRef href="model_MoCC.extendedCCSL#//@subBlock.0"/>
    <elementRef href="model_MoCC.extendedCCSL#//@subBlock.0/@relations.1"/>
    <elementRef href="platform:/plugin/fr.inria.aoste.timesquare.ccslkernel.model/ccsllibrary/CCSL.ccslLib#//@relationLibraries.0/@relationDefinitions.0"/>
    <elementRef href="platform:/plugin/fr.inria.aoste.timesquare.ccslkernel.model/ccsllibrary/CCSL.ccslLib#//@relationLibraries.0/@relationDefinitions.0/@concreteEntities.0"/>
  </references>
  <references xsi:type="trace:ModelElementReference">
    <elementRef href="model_MoCC.extendedCCSL#//@subBlock.0"/>
    <elementRef href="model_MoCC.extendedCCSL#//@subBlock.0/@relations.1"/>
    <elementRef href="platform:/plugin/fr.inria.aoste.timesquare.ccslkernel.model/ccsllibrary/CCSL.ccslLib#//@relationLibraries.0/@relationDefinitions.0"/>
    <elementRef href="platform:/plugin/fr.inria.aoste.timesquare.ccslkernel.model/ccsllibrary/CCSL.ccslLib#//@relationLibraries.0/@relationDefinitions.0/@concreteEntities.3"/>
  </references>
  <references xsi:type="trace:ModelElementReference">
    <elementRef href="model_MoCC.extendedCCSL#//@subBlock.0"/>
    <elementRef href="model_MoCC.extendedCCSL#//@subBlock.0/@relations.33"/>
  </references>
  <references xsi:type="trace:ModelElementReference">
    <elementRef href="model_MoCC.extendedCCSL#//@subBlock.0"/>
    <elementRef href="model_MoCC.extendedCCSL#//@subBlock.0/@relations.54"/>
  </references>
  <references xsi:type="trace:ModelElementReference">
    <elementRef href="model_MoCC.extendedCCSL#//@subBlock.0"/>
    <elementRef href="model_MoCC.extendedCCSL#//@subBlock.0/@relations.27"/>
  </references>
  <references xsi:type="trace:ModelElementReference">
    <elementRef href="model_MoCC.extendedCCSL#//@subBlock.0"/>
    <elementRef href="model_MoCC.extendedCCSL#//@subBlock.0/@relations.8"/>
    <elementRef href="platform:/plugin/fr.inria.aoste.timesquare.ccslkernel.model/ccsllibrary/CCSL.ccslLib#//@relationLibraries.0/@relationDefinitions.0"/>
    <elementRef href="platform:/plugin/fr.inria.aoste.timesquare.ccslkernel.model/ccsllibrary/CCSL.ccslLib#//@relationLibraries.0/@relationDefinitions.0/@concreteEntities.0"/>
  </references>
  <references xsi:type="trace:ModelElementReference">
    <elementRef href="model_MoCC.extendedCCSL#//@subBlock.0"/>
    <elementRef href="model_MoCC.extendedCCSL#//@subBlock.0/@relations.8"/>
    <elementRef href="platform:/plugin/fr.inria.aoste.timesquare.ccslkernel.model/ccsllibrary/CCSL.ccslLib#//@relationLibraries.0/@relationDefinitions.0"/>
    <elementRef href="platform:/plugin/fr.inria.aoste.timesquare.ccslkernel.model/ccsllibrary/CCSL.ccslLib#//@relationLibraries.0/@relationDefinitions.0/@concreteEntities.3"/>
  </references>
  <references xsi:type="trace:ModelElementReference">
    <elementRef href="model_MoCC.extendedCCSL#//@subBlock.0"/>
    <elementRef href="model_MoCC.extendedCCSL#//@subBlock.0/@relations.21"/>
  </references>
  <references xsi:type="trace:ModelElementReference">
    <elementRef href="model_MoCC.extendedCCSL#//@subBlock.0"/>
    <elementRef href="model_MoCC.extendedCCSL#//@subBlock.0/@relations.62"/>
  </references>
  <references xsi:type="trace:ModelElementReference">
    <elementRef href="model_MoCC.extendedCCSL#//@subBlock.0"/>
    <elementRef href="model_MoCC.extendedCCSL#//@subBlock.0/@relations.18"/>
  </references>
  <references xsi:type="trace:ModelElementReference">
    <elementRef href="model_MoCC.extendedCCSL#//@subBlock.0"/>
    <elementRef href="model_MoCC.extendedCCSL#//@subBlock.0/@relations.32"/>
  </references>
  <references xsi:type="trace:ModelElementReference">
    <elementRef href="model_MoCC.extendedCCSL#//@subBlock.0"/>
    <elementRef href="model_MoCC.extendedCCSL#//@subBlock.0/@relations.9"/>
    <elementRef href="platform:/plugin/fr.inria.aoste.timesquare.ccslkernel.model/ccsllibrary/CCSL.ccslLib#//@relationLibraries.0/@relationDefinitions.0"/>
    <elementRef href="platform:/plugin/fr.inria.aoste.timesquare.ccslkernel.model/ccsllibrary/CCSL.ccslLib#//@relationLibraries.0/@relationDefinitions.0/@concreteEntities.0"/>
  </references>
  <references xsi:type="trace:ModelElementReference">
    <elementRef href="model_MoCC.extendedCCSL#//@subBlock.0"/>
    <elementRef href="model_MoCC.extendedCCSL#//@subBlock.0/@relations.9"/>
    <elementRef href="platform:/plugin/fr.inria.aoste.timesquare.ccslkernel.model/ccsllibrary/CCSL.ccslLib#//@relationLibraries.0/@relationDefinitions.0"/>
    <elementRef href="platform:/plugin/fr.inria.aoste.timesquare.ccslkernel.model/ccsllibrary/CCSL.ccslLib#//@relationLibraries.0/@relationDefinitions.0/@concreteEntities.3"/>
  </references>
  <references xsi:type="trace:ModelElementReference">
    <elementRef href="model_MoCC.extendedCCSL#//@subBlock.0"/>
    <elementRef href="model_MoCC.extendedCCSL#//@subBlock.0/@relations.45"/>
  </references>
  <references xsi:type="trace:ModelElementReference">
    <elementRef href="model_MoCC.extendedCCSL#//@subBlock.0"/>
    <elementRef href="model_MoCC.extendedCCSL#//@subBlock.0/@relations.22"/>
  </references>
  <references xsi:type="trace:ModelElementReference">
    <elementRef href="model_MoCC.extendedCCSL#//@subBlock.0"/>
    <elementRef href="model_MoCC.extendedCCSL#//@subBlock.0/@relations.72"/>
  </references>
  <references xsi:type="trace:ModelElementReference">
    <elementRef href="model_MoCC.extendedCCSL#//@subBlock.0"/>
    <elementRef href="model_MoCC.extendedCCSL#//@subBlock.0/@relations.10"/>
    <elementRef href="platform:/plugin/fr.inria.aoste.timesquare.ccslkernel.model/ccsllibrary/CCSL.ccslLib#//@relationLibraries.0/@relationDefinitions.0"/>
    <elementRef href="platform:/plugin/fr.inria.aoste.timesquare.ccslkernel.model/ccsllibrary/CCSL.ccslLib#//@relationLibraries.0/@relationDefinitions.0/@concreteEntities.0"/>
  </references>
  <references xsi:type="trace:ModelElementReference">
    <elementRef href="model_MoCC.extendedCCSL#//@subBlock.0"/>
    <elementRef href="model_MoCC.extendedCCSL#//@subBlock.0/@relations.10"/>
    <elementRef href="platform:/plugin/fr.inria.aoste.timesquare.ccslkernel.model/ccsllibrary/CCSL.ccslLib#//@relationLibraries.0/@relationDefinitions.0"/>
    <elementRef href="platform:/plugin/fr.inria.aoste.timesquare.ccslkernel.model/ccsllibrary/CCSL.ccslLib#//@relationLibraries.0/@relationDefinitions.0/@concreteEntities.3"/>
  </references>
  <references xsi:type="trace:ModelElementReference">
    <elementRef href="model_MoCC.extendedCCSL#//@subBlock.0"/>
    <elementRef href="model_MoCC.extendedCCSL#//@subBlock.0/@relations.6"/>
    <elementRef href="platform:/plugin/fr.inria.aoste.timesquare.ccslkernel.model/ccsllibrary/CCSL.ccslLib#//@relationLibraries.0/@relationDefinitions.0"/>
    <elementRef href="platform:/plugin/fr.inria.aoste.timesquare.ccslkernel.model/ccsllibrary/CCSL.ccslLib#//@relationLibraries.0/@relationDefinitions.0/@concreteEntities.0"/>
  </references>
  <references xsi:type="trace:ModelElementReference">
    <elementRef href="model_MoCC.extendedCCSL#//@subBlock.0"/>
    <elementRef href="model_MoCC.extendedCCSL#//@subBlock.0/@relations.6"/>
    <elementRef href="platform:/plugin/fr.inria.aoste.timesquare.ccslkernel.model/ccsllibrary/CCSL.ccslLib#//@relationLibraries.0/@relationDefinitions.0"/>
    <elementRef href="platform:/plugin/fr.inria.aoste.timesquare.ccslkernel.model/ccsllibrary/CCSL.ccslLib#//@relationLibraries.0/@relationDefinitions.0/@concreteEntities.3"/>
  </references>
  <references xsi:type="trace:ModelElementReference">
    <elementRef href="model_MoCC.extendedCCSL#//@subBlock.0"/>
    <elementRef href="model_MoCC.extendedCCSL#//@subBlock.0/@relations.46"/>
  </references>
  <references xsi:type="trace:ModelElementReference">
    <elementRef href="model_MoCC.extendedCCSL#//@subBlock.0"/>
    <elementRef href="model_MoCC.extendedCCSL#//@subBlock.0/@relations.14"/>
    <elementRef href="platform:/plugin/fr.inria.aoste.timesquare.ccslkernel.model/ccsllibrary/CCSL.ccslLib#//@relationLibraries.0/@relationDefinitions.0"/>
    <elementRef href="platform:/plugin/fr.inria.aoste.timesquare.ccslkernel.model/ccsllibrary/CCSL.ccslLib#//@relationLibraries.0/@relationDefinitions.0/@concreteEntities.0"/>
  </references>
  <references xsi:type="trace:ModelElementReference">
    <elementRef href="model_MoCC.extendedCCSL#//@subBlock.0"/>
    <elementRef href="model_MoCC.extendedCCSL#//@subBlock.0/@relations.14"/>
    <elementRef href="platform:/plugin/fr.inria.aoste.timesquare.ccslkernel.model/ccsllibrary/CCSL.ccslLib#//@relationLibraries.0/@relationDefinitions.0"/>
    <elementRef href="platform:/plugin/fr.inria.aoste.timesquare.ccslkernel.model/ccsllibrary/CCSL.ccslLib#//@relationLibraries.0/@relationDefinitions.0/@concreteEntities.3"/>
  </references>
  <references xsi:type="trace:ModelElementReference">
    <elementRef href="model_MoCC.extendedCCSL#//@subBlock.0"/>
    <elementRef href="model_MoCC.extendedCCSL#//@subBlock.0/@relations.38"/>
  </references>
  <references xsi:type="trace:ModelElementReference">
    <elementRef href="model_MoCC.extendedCCSL#//@subBlock.0"/>
    <elementRef href="model_MoCC.extendedCCSL#//@subBlock.0/@relations.2"/>
    <elementRef href="platform:/plugin/fr.inria.aoste.timesquare.ccslkernel.model/ccsllibrary/CCSL.ccslLib#//@relationLibraries.0/@relationDefinitions.0"/>
    <elementRef href="platform:/plugin/fr.inria.aoste.timesquare.ccslkernel.model/ccsllibrary/CCSL.ccslLib#//@relationLibraries.0/@relationDefinitions.0/@concreteEntities.0"/>
  </references>
  <references xsi:type="trace:ModelElementReference">
    <elementRef href="model_MoCC.extendedCCSL#//@subBlock.0"/>
    <elementRef href="model_MoCC.extendedCCSL#//@subBlock.0/@relations.2"/>
    <elementRef href="platform:/plugin/fr.inria.aoste.timesquare.ccslkernel.model/ccsllibrary/CCSL.ccslLib#//@relationLibraries.0/@relationDefinitions.0"/>
    <elementRef href="platform:/plugin/fr.inria.aoste.timesquare.ccslkernel.model/ccsllibrary/CCSL.ccslLib#//@relationLibraries.0/@relationDefinitions.0/@concreteEntities.3"/>
  </references>
  <references xsi:type="trace:ModelElementReference">
    <elementRef href="model_MoCC.extendedCCSL#//@subBlock.0"/>
    <elementRef href="model_MoCC.extendedCCSL#//@subBlock.0/@relations.12"/>
    <elementRef href="platform:/plugin/fr.inria.aoste.timesquare.ccslkernel.model/ccsllibrary/CCSL.ccslLib#//@relationLibraries.0/@relationDefinitions.0"/>
    <elementRef href="platform:/plugin/fr.inria.aoste.timesquare.ccslkernel.model/ccsllibrary/CCSL.ccslLib#//@relationLibraries.0/@relationDefinitions.0/@concreteEntities.0"/>
  </references>
  <references xsi:type="trace:ModelElementReference">
    <elementRef href="model_MoCC.extendedCCSL#//@subBlock.0"/>
    <elementRef href="model_MoCC.extendedCCSL#//@subBlock.0/@relations.12"/>
    <elementRef href="platform:/plugin/fr.inria.aoste.timesquare.ccslkernel.model/ccsllibrary/CCSL.ccslLib#//@relationLibraries.0/@relationDefinitions.0"/>
    <elementRef href="platform:/plugin/fr.inria.aoste.timesquare.ccslkernel.model/ccsllibrary/CCSL.ccslLib#//@relationLibraries.0/@relationDefinitions.0/@concreteEntities.3"/>
  </references>
  <references xsi:type="trace:ModelElementReference">
    <elementRef href="model_MoCC.extendedCCSL#//@subBlock.0"/>
    <elementRef href="model_MoCC.extendedCCSL#//@subBlock.0/@relations.63"/>
  </references>
  <references xsi:type="trace:ModelElementReference">
    <elementRef href="model_MoCC.extendedCCSL#//@subBlock.0"/>
    <elementRef href="model_MoCC.extendedCCSL#//@subBlock.0/@relations.47"/>
  </references>
  <references xsi:type="trace:ModelElementReference">
    <elementRef href="model_MoCC.extendedCCSL#//@subBlock.0"/>
    <elementRef href="model_MoCC.extendedCCSL#//@subBlock.0/@relations.36"/>
  </references>
  <references xsi:type="trace:ModelElementReference">
    <elementRef href="model_MoCC.extendedCCSL#//@subBlock.0"/>
    <elementRef href="model_MoCC.extendedCCSL#//@subBlock.0/@relations.44"/>
  </references>
  <references xsi:type="trace:ModelElementReference">
    <elementRef href="model_MoCC.extendedCCSL#//@subBlock.0"/>
    <elementRef href="model_MoCC.extendedCCSL#//@subBlock.0/@relations.52"/>
  </references>
  <references xsi:type="trace:ModelElementReference">
    <elementRef href="model_MoCC.extendedCCSL#//@subBlock.0"/>
    <elementRef href="model_MoCC.extendedCCSL#//@subBlock.0/@relations.43"/>
  </references>
  <references xsi:type="trace:ModelElementReference">
    <elementRef href="model_MoCC.extendedCCSL#//@subBlock.0"/>
    <elementRef href="model_MoCC.extendedCCSL#//@subBlock.0/@relations.5"/>
    <elementRef href="platform:/plugin/fr.inria.aoste.timesquare.ccslkernel.model/ccsllibrary/CCSL.ccslLib#//@relationLibraries.0/@relationDefinitions.0"/>
    <elementRef href="platform:/plugin/fr.inria.aoste.timesquare.ccslkernel.model/ccsllibrary/CCSL.ccslLib#//@relationLibraries.0/@relationDefinitions.0/@concreteEntities.0"/>
  </references>
  <references xsi:type="trace:ModelElementReference">
    <elementRef href="model_MoCC.extendedCCSL#//@subBlock.0"/>
    <elementRef href="model_MoCC.extendedCCSL#//@subBlock.0/@relations.5"/>
    <elementRef href="platform:/plugin/fr.inria.aoste.timesquare.ccslkernel.model/ccsllibrary/CCSL.ccslLib#//@relationLibraries.0/@relationDefinitions.0"/>
    <elementRef href="platform:/plugin/fr.inria.aoste.timesquare.ccslkernel.model/ccsllibrary/CCSL.ccslLib#//@relationLibraries.0/@relationDefinitions.0/@concreteEntities.3"/>
  </references>
  <references xsi:type="trace:ModelElementReference">
    <elementRef href="model_MoCC.extendedCCSL#//@subBlock.0"/>
    <elementRef href="model_MoCC.extendedCCSL#//@subBlock.0/@relations.56"/>
  </references>
  <references xsi:type="trace:ModelElementReference">
    <elementRef href="model_MoCC.extendedCCSL#//@subBlock.0"/>
    <elementRef href="model_MoCC.extendedCCSL#//@subBlock.0/@relations.19"/>
  </references>
  <references xsi:type="trace:ModelElementReference">
    <elementRef href="model_MoCC.extendedCCSL#//@subBlock.0"/>
    <elementRef href="model_MoCC.extendedCCSL#//@subBlock.0/@relations.68"/>
  </references>
  <references xsi:type="trace:ModelElementReference">
    <elementRef href="model_MoCC.extendedCCSL#//@subBlock.0"/>
    <elementRef href="model_MoCC.extendedCCSL#//@subBlock.0/@relations.25"/>
  </references>
</trace:Trace>
