<?xml version="1.0" encoding="ASCII"?>
<trace:Trace xmlns:xsi="http://www.w3.org/2001/XMLSchema-instance" xmlns:trace="http://www.inria.fr/sophia/aoste/trace/1.0.0" name="model_MoCC2013_0923_223712">
  <logicalSteps nextStep="//@logicalSteps.1">
    <eventOccurrences referedElement="//@references.0" counter="1"/>
    <eventOccurrences referedElement="//@references.1" eState="noTick" fState="noTick"/>
    <eventOccurrences referedElement="//@references.2" eState="noTick" fState="noTick"/>
    <eventOccurrences referedElement="//@references.3" eState="noTick" fState="noTick"/>
    <eventOccurrences referedElement="//@references.4" eState="noTick" fState="noTick"/>
    <eventOccurrences referedElement="//@references.5" eState="noTick" fState="noTick"/>
    <eventOccurrences referedElement="//@references.6" eState="noTick" fState="noTick"/>
    <eventOccurrences referedElement="//@references.7" eState="noTick" fState="noTick"/>
    <eventOccurrences referedElement="//@references.8" eState="noTick" fState="noTick"/>
    <eventOccurrences referedElement="//@references.9" eState="noTick" fState="noTick"/>
    <eventOccurrences referedElement="//@references.10" eState="noTick" fState="noTick"/>
    <eventOccurrences referedElement="//@references.11" eState="noTick" fState="noTick"/>
    <eventOccurrences referedElement="//@references.12" eState="noTick" fState="noTick"/>
    <eventOccurrences referedElement="//@references.13" eState="noTick" fState="noTick"/>
    <eventOccurrences referedElement="//@references.14" eState="noTick" fState="noTick"/>
    <eventOccurrences referedElement="//@references.15" eState="noTick" fState="noTick"/>
    <eventOccurrences referedElement="//@references.16" eState="noTick" fState="noTick"/>
    <eventOccurrences referedElement="//@references.17" eState="noTick" fState="noTick"/>
    <eventOccurrences referedElement="//@references.18" eState="noTick" fState="noTick"/>
    <eventOccurrences referedElement="//@references.19" eState="noTick" fState="noTick"/>
    <eventOccurrences referedElement="//@references.20" eState="noTick" fState="noTick"/>
    <eventOccurrences referedElement="//@references.21" eState="noTick" fState="noTick"/>
    <eventOccurrences referedElement="//@references.22" eState="noTick" fState="noTick"/>
    <eventOccurrences referedElement="//@references.23" eState="noTick" fState="noTick"/>
    <eventOccurrences referedElement="//@references.24" eState="noTick" fState="noTick"/>
    <eventOccurrences referedElement="//@references.25" counter="1"/>
    <eventOccurrences referedElement="//@references.26" eState="noTick" fState="noTick"/>
    <eventOccurrences referedElement="//@references.27" eState="noTick" fState="noTick"/>
    <eventOccurrences referedElement="//@references.28" eState="noTick" fState="noTick"/>
    <eventOccurrences referedElement="//@references.29" eState="noTick" fState="noTick"/>
    <eventOccurrences referedElement="//@references.30" counter="1"/>
    <eventOccurrences referedElement="//@references.31" eState="noTick" fState="noTick"/>
    <eventOccurrences referedElement="//@references.32" eState="noTick" fState="noTick"/>
    <eventOccurrences referedElement="//@references.33" eState="noTick" fState="noTick"/>
    <eventOccurrences referedElement="//@references.34" eState="noTick" fState="noTick"/>
    <eventOccurrences referedElement="//@references.35" eState="noTick" fState="noTick"/>
    <eventOccurrences referedElement="//@references.36" eState="noTick" fState="noTick"/>
    <eventOccurrences referedElement="//@references.37" eState="noTick" fState="noTick"/>
    <eventOccurrences referedElement="//@references.38" eState="noTick" fState="noTick"/>
    <eventOccurrences referedElement="//@references.39" eState="noTick" fState="noTick"/>
    <eventOccurrences referedElement="//@references.40" eState="noTick" fState="noTick"/>
    <eventOccurrences referedElement="//@references.41" eState="noTick" fState="noTick"/>
    <eventOccurrences referedElement="//@references.42" eState="noTick" fState="noTick"/>
    <eventOccurrences referedElement="//@references.43" eState="noTick" fState="noTick"/>
    <eventOccurrences referedElement="//@references.44" eState="noTick" fState="noTick"/>
    <eventOccurrences referedElement="//@references.45" eState="noTick" fState="noTick"/>
    <eventOccurrences referedElement="//@references.46" eState="noTick" fState="noTick"/>
    <eventOccurrences referedElement="//@references.47" eState="noTick" fState="noTick"/>
    <eventOccurrences referedElement="//@references.48" eState="noTick" fState="noTick"/>
    <eventOccurrences referedElement="//@references.49" eState="noTick" fState="noTick"/>
    <eventOccurrences referedElement="//@references.50" eState="noTick" fState="noTick"/>
    <eventOccurrences referedElement="//@references.51" eState="noTick" fState="noTick"/>
    <eventOccurrences referedElement="//@references.52" eState="noTick" fState="noTick"/>
    <eventOccurrences referedElement="//@references.53" eState="noTick" fState="noTick"/>
    <eventOccurrences referedElement="//@references.54" eState="noTick" fState="noTick"/>
    <eventOccurrences referedElement="//@references.55" eState="noTick" fState="noTick"/>
    <eventOccurrences referedElement="//@references.56" eState="noTick" fState="noTick"/>
    <eventOccurrences referedElement="//@references.57" eState="noTick" fState="noTick"/>
    <eventOccurrences referedElement="//@references.58" eState="noTick" fState="noTick"/>
    <eventOccurrences referedElement="//@references.59" eState="noTick" fState="noTick"/>
    <eventOccurrences referedElement="//@references.60" eState="noTick" fState="noTick"/>
    <eventOccurrences referedElement="//@references.61" eState="noTick" fState="noTick"/>
    <eventOccurrences referedElement="//@references.62" eState="noTick" fState="noTick"/>
    <eventOccurrences referedElement="//@references.63" eState="noTick" fState="noTick"/>
    <eventOccurrences referedElement="//@references.64" eState="noTick" fState="noTick"/>
    <eventOccurrences referedElement="//@references.65" eState="noTick" fState="noTick"/>
    <eventOccurrences referedElement="//@references.66" eState="noTick" fState="noTick"/>
    <eventOccurrences referedElement="//@references.67" eState="noTick" fState="noTick"/>
    <eventOccurrences referedElement="//@references.68" eState="noTick" fState="noTick"/>
    <eventOccurrences referedElement="//@references.69" eState="noTick" fState="noTick"/>
    <eventOccurrences referedElement="//@references.70" eState="noTick" fState="noTick"/>
    <eventOccurrences referedElement="//@references.71" eState="noTick" fState="noTick"/>
    <eventOccurrences referedElement="//@references.72" eState="noTick" fState="noTick"/>
    <eventOccurrences referedElement="//@references.73" eState="noTick" fState="noTick"/>
    <eventOccurrences referedElement="//@references.74" eState="noTick" fState="noTick"/>
    <eventOccurrences referedElement="//@references.75" eState="noTick" fState="noTick"/>
    <eventOccurrences referedElement="//@references.76" eState="noTick" fState="noTick"/>
  </logicalSteps>
  <logicalSteps nextStep="//@logicalSteps.2" previousStep="//@logicalSteps.0" stepNumber="1">
    <eventOccurrences referedElement="//@references.0" counter="1" eState="noTick" fState="noTick"/>
    <eventOccurrences referedElement="//@references.1" eState="noTick" fState="noTick"/>
    <eventOccurrences referedElement="//@references.2" eState="noTick" fState="noTick"/>
    <eventOccurrences referedElement="//@references.3" eState="noTick" fState="noTick"/>
    <eventOccurrences referedElement="//@references.4" eState="noTick" fState="noTick"/>
    <eventOccurrences referedElement="//@references.5" eState="noTick" fState="noTick"/>
    <eventOccurrences referedElement="//@references.6" eState="noTick" fState="noTick"/>
    <eventOccurrences referedElement="//@references.7" counter="1"/>
    <eventOccurrences referedElement="//@references.8" counter="1"/>
    <eventOccurrences referedElement="//@references.9" eState="noTick" fState="noTick"/>
    <eventOccurrences referedElement="//@references.10" eState="noTick" fState="noTick"/>
    <eventOccurrences referedElement="//@references.11" eState="noTick" fState="noTick"/>
    <eventOccurrences referedElement="//@references.12" eState="noTick" fState="noTick"/>
    <eventOccurrences referedElement="//@references.13" eState="noTick" fState="noTick"/>
    <eventOccurrences referedElement="//@references.14" eState="noTick" fState="noTick"/>
    <eventOccurrences referedElement="//@references.15" eState="noTick" fState="noTick"/>
    <eventOccurrences referedElement="//@references.16" counter="1"/>
    <eventOccurrences referedElement="//@references.17" eState="noTick" fState="noTick"/>
    <eventOccurrences referedElement="//@references.18" eState="noTick" fState="noTick"/>
    <eventOccurrences referedElement="//@references.19" eState="noTick" fState="noTick"/>
    <eventOccurrences referedElement="//@references.20" eState="noTick" fState="noTick"/>
    <eventOccurrences referedElement="//@references.21" counter="1"/>
    <eventOccurrences referedElement="//@references.22" eState="noTick" fState="noTick"/>
    <eventOccurrences referedElement="//@references.23" eState="noTick" fState="noTick"/>
    <eventOccurrences referedElement="//@references.24" eState="noTick" fState="noTick"/>
    <eventOccurrences referedElement="//@references.25" counter="1" eState="noTick" fState="noTick"/>
    <eventOccurrences referedElement="//@references.26" eState="noTick" fState="noTick"/>
    <eventOccurrences referedElement="//@references.27" eState="noTick" fState="noTick"/>
    <eventOccurrences referedElement="//@references.28" eState="noTick" fState="noTick"/>
    <eventOccurrences referedElement="//@references.29" counter="1"/>
    <eventOccurrences referedElement="//@references.30" counter="1" eState="noTick" fState="noTick"/>
    <eventOccurrences referedElement="//@references.31" eState="noTick" fState="noTick"/>
    <eventOccurrences referedElement="//@references.32" counter="1"/>
    <eventOccurrences referedElement="//@references.33" eState="noTick" fState="noTick"/>
    <eventOccurrences referedElement="//@references.34" eState="noTick" fState="noTick"/>
    <eventOccurrences referedElement="//@references.35" eState="noTick" fState="noTick"/>
    <eventOccurrences referedElement="//@references.36" eState="noTick" fState="noTick"/>
    <eventOccurrences referedElement="//@references.37" eState="noTick" fState="noTick"/>
    <eventOccurrences referedElement="//@references.38" counter="1"/>
    <eventOccurrences referedElement="//@references.39" eState="noTick" fState="noTick"/>
    <eventOccurrences referedElement="//@references.40" eState="noTick" fState="noTick"/>
    <eventOccurrences referedElement="//@references.41" eState="noTick" fState="noTick"/>
    <eventOccurrences referedElement="//@references.42" eState="noTick" fState="noTick"/>
    <eventOccurrences referedElement="//@references.43" eState="noTick" fState="noTick"/>
    <eventOccurrences referedElement="//@references.44" eState="noTick" fState="noTick"/>
    <eventOccurrences referedElement="//@references.45" eState="noTick" fState="noTick"/>
    <eventOccurrences referedElement="//@references.46" eState="noTick" fState="noTick"/>
    <eventOccurrences referedElement="//@references.47" eState="noTick" fState="noTick"/>
    <eventOccurrences referedElement="//@references.48" counter="1"/>
    <eventOccurrences referedElement="//@references.49" eState="noTick" fState="noTick"/>
    <eventOccurrences referedElement="//@references.50" eState="noTick" fState="noTick"/>
    <eventOccurrences referedElement="//@references.51" eState="noTick" fState="noTick"/>
    <eventOccurrences referedElement="//@references.52" eState="noTick" fState="noTick"/>
    <eventOccurrences referedElement="//@references.53" eState="noTick" fState="noTick"/>
    <eventOccurrences referedElement="//@references.54" eState="noTick" fState="noTick"/>
    <eventOccurrences referedElement="//@references.55" eState="noTick" fState="noTick"/>
    <eventOccurrences referedElement="//@references.56" eState="noTick" fState="noTick"/>
    <eventOccurrences referedElement="//@references.57" eState="noTick" fState="noTick"/>
    <eventOccurrences referedElement="//@references.58" eState="noTick" fState="noTick"/>
    <eventOccurrences referedElement="//@references.59" eState="noTick" fState="noTick"/>
    <eventOccurrences referedElement="//@references.60" eState="noTick" fState="noTick"/>
    <eventOccurrences referedElement="//@references.61" eState="noTick" fState="noTick"/>
    <eventOccurrences referedElement="//@references.62" eState="noTick" fState="noTick"/>
    <eventOccurrences referedElement="//@references.63" counter="1"/>
    <eventOccurrences referedElement="//@references.64" eState="noTick" fState="noTick"/>
    <eventOccurrences referedElement="//@references.65" counter="1"/>
    <eventOccurrences referedElement="//@references.66" eState="noTick" fState="noTick"/>
    <eventOccurrences referedElement="//@references.67" eState="noTick" fState="noTick"/>
    <eventOccurrences referedElement="//@references.68" eState="noTick" fState="noTick"/>
    <eventOccurrences referedElement="//@references.69" eState="noTick" fState="noTick"/>
    <eventOccurrences referedElement="//@references.70" eState="noTick" fState="noTick"/>
    <eventOccurrences referedElement="//@references.71" eState="noTick" fState="noTick"/>
    <eventOccurrences referedElement="//@references.72" counter="1"/>
    <eventOccurrences referedElement="//@references.73" eState="noTick" fState="noTick"/>
    <eventOccurrences referedElement="//@references.74" counter="1"/>
    <eventOccurrences referedElement="//@references.75" eState="noTick" fState="noTick"/>
    <eventOccurrences referedElement="//@references.76" eState="noTick" fState="noTick"/>
  </logicalSteps>
  <logicalSteps nextStep="//@logicalSteps.3" previousStep="//@logicalSteps.1" stepNumber="2">
    <eventOccurrences referedElement="//@references.0" counter="2"/>
    <eventOccurrences referedElement="//@references.1" eState="noTick" fState="noTick"/>
    <eventOccurrences referedElement="//@references.2" eState="noTick" fState="noTick"/>
    <eventOccurrences referedElement="//@references.3" eState="noTick" fState="noTick"/>
    <eventOccurrences referedElement="//@references.4" eState="noTick" fState="noTick"/>
    <eventOccurrences referedElement="//@references.5" eState="noTick" fState="noTick"/>
    <eventOccurrences referedElement="//@references.6" eState="noTick" fState="noTick"/>
    <eventOccurrences referedElement="//@references.7" counter="1" eState="noTick" fState="noTick"/>
    <eventOccurrences referedElement="//@references.8" counter="1" eState="noTick" fState="noTick"/>
    <eventOccurrences referedElement="//@references.9" counter="1"/>
    <eventOccurrences referedElement="//@references.10" eState="noTick" fState="noTick"/>
    <eventOccurrences referedElement="//@references.11" eState="noTick" fState="noTick"/>
    <eventOccurrences referedElement="//@references.12" eState="noTick" fState="noTick"/>
    <eventOccurrences referedElement="//@references.13" eState="noTick" fState="noTick"/>
    <eventOccurrences referedElement="//@references.14" eState="noTick" fState="noTick"/>
    <eventOccurrences referedElement="//@references.15" eState="noTick" fState="noTick"/>
    <eventOccurrences referedElement="//@references.16" counter="1" eState="noTick" fState="noTick"/>
    <eventOccurrences referedElement="//@references.17" eState="noTick" fState="noTick"/>
    <eventOccurrences referedElement="//@references.18" counter="1"/>
    <eventOccurrences referedElement="//@references.19" eState="noTick" fState="noTick"/>
    <eventOccurrences referedElement="//@references.20" eState="noTick" fState="noTick"/>
    <eventOccurrences referedElement="//@references.21" counter="1" eState="noTick" fState="noTick"/>
    <eventOccurrences referedElement="//@references.22" eState="noTick" fState="noTick"/>
    <eventOccurrences referedElement="//@references.23" eState="noTick" fState="noTick"/>
    <eventOccurrences referedElement="//@references.24" eState="noTick" fState="noTick"/>
    <eventOccurrences referedElement="//@references.25" counter="2"/>
    <eventOccurrences referedElement="//@references.26" eState="noTick" fState="noTick"/>
    <eventOccurrences referedElement="//@references.27" eState="noTick" fState="noTick"/>
    <eventOccurrences referedElement="//@references.28" eState="noTick" fState="noTick"/>
    <eventOccurrences referedElement="//@references.29" counter="1" eState="noTick" fState="noTick"/>
    <eventOccurrences referedElement="//@references.30" counter="2"/>
    <eventOccurrences referedElement="//@references.31" eState="noTick" fState="noTick"/>
    <eventOccurrences referedElement="//@references.32" counter="1" eState="noTick" fState="noTick"/>
    <eventOccurrences referedElement="//@references.33" eState="noTick" fState="noTick"/>
    <eventOccurrences referedElement="//@references.34" eState="noTick" fState="noTick"/>
    <eventOccurrences referedElement="//@references.35" eState="noTick" fState="noTick"/>
    <eventOccurrences referedElement="//@references.36" eState="noTick" fState="noTick"/>
    <eventOccurrences referedElement="//@references.37" eState="noTick" fState="noTick"/>
    <eventOccurrences referedElement="//@references.38" counter="1" eState="noTick" fState="noTick"/>
    <eventOccurrences referedElement="//@references.39" counter="1"/>
    <eventOccurrences referedElement="//@references.40" eState="noTick" fState="noTick"/>
    <eventOccurrences referedElement="//@references.41" eState="noTick" fState="noTick"/>
    <eventOccurrences referedElement="//@references.42" eState="noTick" fState="noTick"/>
    <eventOccurrences referedElement="//@references.43" eState="noTick" fState="noTick"/>
    <eventOccurrences referedElement="//@references.44" eState="noTick" fState="noTick"/>
    <eventOccurrences referedElement="//@references.45" eState="noTick" fState="noTick"/>
    <eventOccurrences referedElement="//@references.46" eState="noTick" fState="noTick"/>
    <eventOccurrences referedElement="//@references.47" eState="noTick" fState="noTick"/>
    <eventOccurrences referedElement="//@references.48" counter="1" eState="noTick" fState="noTick"/>
    <eventOccurrences referedElement="//@references.49" eState="noTick" fState="noTick"/>
    <eventOccurrences referedElement="//@references.50" eState="noTick" fState="noTick"/>
    <eventOccurrences referedElement="//@references.51" eState="noTick" fState="noTick"/>
    <eventOccurrences referedElement="//@references.52" eState="noTick" fState="noTick"/>
    <eventOccurrences referedElement="//@references.53" eState="noTick" fState="noTick"/>
    <eventOccurrences referedElement="//@references.54" eState="noTick" fState="noTick"/>
    <eventOccurrences referedElement="//@references.55" eState="noTick" fState="noTick"/>
    <eventOccurrences referedElement="//@references.56" eState="noTick" fState="noTick"/>
    <eventOccurrences referedElement="//@references.57" eState="noTick" fState="noTick"/>
    <eventOccurrences referedElement="//@references.58" eState="noTick" fState="noTick"/>
    <eventOccurrences referedElement="//@references.59" eState="noTick" fState="noTick"/>
    <eventOccurrences referedElement="//@references.60" eState="noTick" fState="noTick"/>
    <eventOccurrences referedElement="//@references.61" eState="noTick" fState="noTick"/>
    <eventOccurrences referedElement="//@references.62" eState="noTick" fState="noTick"/>
    <eventOccurrences referedElement="//@references.63" counter="1" eState="noTick" fState="noTick"/>
    <eventOccurrences referedElement="//@references.64" eState="noTick" fState="noTick"/>
    <eventOccurrences referedElement="//@references.65" counter="1" eState="noTick" fState="noTick"/>
    <eventOccurrences referedElement="//@references.66" eState="noTick" fState="noTick"/>
    <eventOccurrences referedElement="//@references.67" eState="noTick" fState="noTick"/>
    <eventOccurrences referedElement="//@references.68" eState="noTick" fState="noTick"/>
    <eventOccurrences referedElement="//@references.69" eState="noTick" fState="noTick"/>
    <eventOccurrences referedElement="//@references.70" eState="noTick" fState="noTick"/>
    <eventOccurrences referedElement="//@references.71" eState="noTick" fState="noTick"/>
    <eventOccurrences referedElement="//@references.72" counter="1" eState="noTick" fState="noTick"/>
    <eventOccurrences referedElement="//@references.73" eState="noTick" fState="noTick"/>
    <eventOccurrences referedElement="//@references.74" counter="1" eState="noTick" fState="noTick"/>
    <eventOccurrences referedElement="//@references.75" eState="noTick" fState="noTick"/>
    <eventOccurrences referedElement="//@references.76" counter="1"/>
  </logicalSteps>
  <logicalSteps nextStep="//@logicalSteps.4" previousStep="//@logicalSteps.2" stepNumber="3">
    <eventOccurrences referedElement="//@references.0" counter="2" eState="noTick" fState="noTick"/>
    <eventOccurrences referedElement="//@references.1" eState="noTick" fState="noTick"/>
    <eventOccurrences referedElement="//@references.2" eState="noTick" fState="noTick"/>
    <eventOccurrences referedElement="//@references.3" eState="noTick" fState="noTick"/>
    <eventOccurrences referedElement="//@references.4" eState="noTick" fState="noTick"/>
    <eventOccurrences referedElement="//@references.5" eState="noTick" fState="noTick"/>
    <eventOccurrences referedElement="//@references.6" eState="noTick" fState="noTick"/>
    <eventOccurrences referedElement="//@references.7" counter="2"/>
    <eventOccurrences referedElement="//@references.8" counter="2"/>
    <eventOccurrences referedElement="//@references.9" counter="1" eState="noTick" fState="noTick"/>
    <eventOccurrences referedElement="//@references.10" eState="noTick" fState="noTick"/>
    <eventOccurrences referedElement="//@references.11" eState="noTick" fState="noTick"/>
    <eventOccurrences referedElement="//@references.12" eState="noTick" fState="noTick"/>
    <eventOccurrences referedElement="//@references.13" counter="1"/>
    <eventOccurrences referedElement="//@references.14" eState="noTick" fState="noTick"/>
    <eventOccurrences referedElement="//@references.15" eState="noTick" fState="noTick"/>
    <eventOccurrences referedElement="//@references.16" counter="2"/>
    <eventOccurrences referedElement="//@references.17" eState="noTick" fState="noTick"/>
    <eventOccurrences referedElement="//@references.18" counter="1" eState="noTick" fState="noTick"/>
    <eventOccurrences referedElement="//@references.19" eState="noTick" fState="noTick"/>
    <eventOccurrences referedElement="//@references.20" eState="noTick" fState="noTick"/>
    <eventOccurrences referedElement="//@references.21" counter="2"/>
    <eventOccurrences referedElement="//@references.22" counter="1"/>
    <eventOccurrences referedElement="//@references.23" eState="noTick" fState="noTick"/>
    <eventOccurrences referedElement="//@references.24" eState="noTick" fState="noTick"/>
    <eventOccurrences referedElement="//@references.25" counter="2" eState="noTick" fState="noTick"/>
    <eventOccurrences referedElement="//@references.26" eState="noTick" fState="noTick"/>
    <eventOccurrences referedElement="//@references.27" eState="noTick" fState="noTick"/>
    <eventOccurrences referedElement="//@references.28" eState="noTick" fState="noTick"/>
    <eventOccurrences referedElement="//@references.29" counter="2"/>
    <eventOccurrences referedElement="//@references.30" counter="2" eState="noTick" fState="noTick"/>
    <eventOccurrences referedElement="//@references.31" eState="noTick" fState="noTick"/>
    <eventOccurrences referedElement="//@references.32" counter="2"/>
    <eventOccurrences referedElement="//@references.33" counter="1"/>
    <eventOccurrences referedElement="//@references.34" eState="noTick" fState="noTick"/>
    <eventOccurrences referedElement="//@references.35" eState="noTick" fState="noTick"/>
    <eventOccurrences referedElement="//@references.36" eState="noTick" fState="noTick"/>
    <eventOccurrences referedElement="//@references.37" eState="noTick" fState="noTick"/>
    <eventOccurrences referedElement="//@references.38" counter="2"/>
    <eventOccurrences referedElement="//@references.39" counter="1" eState="noTick" fState="noTick"/>
    <eventOccurrences referedElement="//@references.40" eState="noTick" fState="noTick"/>
    <eventOccurrences referedElement="//@references.41" eState="noTick" fState="noTick"/>
    <eventOccurrences referedElement="//@references.42" eState="noTick" fState="noTick"/>
    <eventOccurrences referedElement="//@references.43" eState="noTick" fState="noTick"/>
    <eventOccurrences referedElement="//@references.44" eState="noTick" fState="noTick"/>
    <eventOccurrences referedElement="//@references.45" counter="1"/>
    <eventOccurrences referedElement="//@references.46" eState="noTick" fState="noTick"/>
    <eventOccurrences referedElement="//@references.47" eState="noTick" fState="noTick"/>
    <eventOccurrences referedElement="//@references.48" counter="2"/>
    <eventOccurrences referedElement="//@references.49" eState="noTick" fState="noTick"/>
    <eventOccurrences referedElement="//@references.50" counter="1"/>
    <eventOccurrences referedElement="//@references.51" eState="noTick" fState="noTick"/>
    <eventOccurrences referedElement="//@references.52" eState="noTick" fState="noTick"/>
    <eventOccurrences referedElement="//@references.53" eState="noTick" fState="noTick"/>
    <eventOccurrences referedElement="//@references.54" counter="1"/>
    <eventOccurrences referedElement="//@references.55" eState="noTick" fState="noTick"/>
    <eventOccurrences referedElement="//@references.56" eState="noTick" fState="noTick"/>
    <eventOccurrences referedElement="//@references.57" counter="1"/>
    <eventOccurrences referedElement="//@references.58" eState="noTick" fState="noTick"/>
    <eventOccurrences referedElement="//@references.59" counter="1"/>
    <eventOccurrences referedElement="//@references.60" eState="noTick" fState="noTick"/>
    <eventOccurrences referedElement="//@references.61" eState="noTick" fState="noTick"/>
    <eventOccurrences referedElement="//@references.62" eState="noTick" fState="noTick"/>
    <eventOccurrences referedElement="//@references.63" counter="2"/>
    <eventOccurrences referedElement="//@references.64" eState="noTick" fState="noTick"/>
    <eventOccurrences referedElement="//@references.65" counter="2"/>
    <eventOccurrences referedElement="//@references.66" eState="noTick" fState="noTick"/>
    <eventOccurrences referedElement="//@references.67" counter="1"/>
    <eventOccurrences referedElement="//@references.68" eState="noTick" fState="noTick"/>
    <eventOccurrences referedElement="//@references.69" eState="noTick" fState="noTick"/>
    <eventOccurrences referedElement="//@references.70" eState="noTick" fState="noTick"/>
    <eventOccurrences referedElement="//@references.71" eState="noTick" fState="noTick"/>
    <eventOccurrences referedElement="//@references.72" counter="2"/>
    <eventOccurrences referedElement="//@references.73" eState="noTick" fState="noTick"/>
    <eventOccurrences referedElement="//@references.74" counter="2"/>
    <eventOccurrences referedElement="//@references.75" eState="noTick" fState="noTick"/>
    <eventOccurrences referedElement="//@references.76" counter="1" eState="noTick" fState="noTick"/>
  </logicalSteps>
  <logicalSteps nextStep="//@logicalSteps.5" previousStep="//@logicalSteps.3" stepNumber="4">
    <eventOccurrences referedElement="//@references.0" counter="3"/>
    <eventOccurrences referedElement="//@references.1" eState="noTick" fState="noTick"/>
    <eventOccurrences referedElement="//@references.2" eState="noTick" fState="noTick"/>
    <eventOccurrences referedElement="//@references.3" counter="1"/>
    <eventOccurrences referedElement="//@references.4" counter="1"/>
    <eventOccurrences referedElement="//@references.5" eState="noTick" fState="noTick"/>
    <eventOccurrences referedElement="//@references.6" eState="noTick" fState="noTick"/>
    <eventOccurrences referedElement="//@references.7" counter="2" eState="noTick" fState="noTick"/>
    <eventOccurrences referedElement="//@references.8" counter="2" eState="noTick" fState="noTick"/>
    <eventOccurrences referedElement="//@references.9" counter="2"/>
    <eventOccurrences referedElement="//@references.10" eState="noTick" fState="noTick"/>
    <eventOccurrences referedElement="//@references.11" eState="noTick" fState="noTick"/>
    <eventOccurrences referedElement="//@references.12" eState="noTick" fState="noTick"/>
    <eventOccurrences referedElement="//@references.13" counter="1" eState="noTick" fState="noTick"/>
    <eventOccurrences referedElement="//@references.14" eState="noTick" fState="noTick"/>
    <eventOccurrences referedElement="//@references.15" eState="noTick" fState="noTick"/>
    <eventOccurrences referedElement="//@references.16" counter="2" eState="noTick" fState="noTick"/>
    <eventOccurrences referedElement="//@references.17" eState="noTick" fState="noTick"/>
    <eventOccurrences referedElement="//@references.18" counter="2"/>
    <eventOccurrences referedElement="//@references.19" eState="noTick" fState="noTick"/>
    <eventOccurrences referedElement="//@references.20" eState="noTick" fState="noTick"/>
    <eventOccurrences referedElement="//@references.21" counter="2" eState="noTick" fState="noTick"/>
    <eventOccurrences referedElement="//@references.22" counter="1" eState="noTick" fState="noTick"/>
    <eventOccurrences referedElement="//@references.23" eState="noTick" fState="noTick"/>
    <eventOccurrences referedElement="//@references.24" eState="noTick" fState="noTick"/>
    <eventOccurrences referedElement="//@references.25" counter="3"/>
    <eventOccurrences referedElement="//@references.26" eState="noTick" fState="noTick"/>
    <eventOccurrences referedElement="//@references.27" eState="noTick" fState="noTick"/>
    <eventOccurrences referedElement="//@references.28" eState="noTick" fState="noTick"/>
    <eventOccurrences referedElement="//@references.29" counter="2" eState="noTick" fState="noTick"/>
    <eventOccurrences referedElement="//@references.30" counter="3"/>
    <eventOccurrences referedElement="//@references.31" counter="1"/>
    <eventOccurrences referedElement="//@references.32" counter="2" eState="noTick" fState="noTick"/>
    <eventOccurrences referedElement="//@references.33" counter="1" eState="noTick" fState="noTick"/>
    <eventOccurrences referedElement="//@references.34" eState="noTick" fState="noTick"/>
    <eventOccurrences referedElement="//@references.35" eState="noTick" fState="noTick"/>
    <eventOccurrences referedElement="//@references.36" eState="noTick" fState="noTick"/>
    <eventOccurrences referedElement="//@references.37" eState="noTick" fState="noTick"/>
    <eventOccurrences referedElement="//@references.38" counter="2" eState="noTick" fState="noTick"/>
    <eventOccurrences referedElement="//@references.39" counter="2"/>
    <eventOccurrences referedElement="//@references.40" eState="noTick" fState="noTick"/>
    <eventOccurrences referedElement="//@references.41" eState="noTick" fState="noTick"/>
    <eventOccurrences referedElement="//@references.42" eState="noTick" fState="noTick"/>
    <eventOccurrences referedElement="//@references.43" eState="noTick" fState="noTick"/>
    <eventOccurrences referedElement="//@references.44" eState="noTick" fState="noTick"/>
    <eventOccurrences referedElement="//@references.45" counter="1" eState="noTick" fState="noTick"/>
    <eventOccurrences referedElement="//@references.46" eState="noTick" fState="noTick"/>
    <eventOccurrences referedElement="//@references.47" eState="noTick" fState="noTick"/>
    <eventOccurrences referedElement="//@references.48" counter="2" eState="noTick" fState="noTick"/>
    <eventOccurrences referedElement="//@references.49" eState="noTick" fState="noTick"/>
    <eventOccurrences referedElement="//@references.50" counter="1" eState="noTick" fState="noTick"/>
    <eventOccurrences referedElement="//@references.51" eState="noTick" fState="noTick"/>
    <eventOccurrences referedElement="//@references.52" eState="noTick" fState="noTick"/>
    <eventOccurrences referedElement="//@references.53" eState="noTick" fState="noTick"/>
    <eventOccurrences referedElement="//@references.54" counter="1" eState="noTick" fState="noTick"/>
    <eventOccurrences referedElement="//@references.55" eState="noTick" fState="noTick"/>
    <eventOccurrences referedElement="//@references.56" eState="noTick" fState="noTick"/>
    <eventOccurrences referedElement="//@references.57" counter="1" eState="noTick" fState="noTick"/>
    <eventOccurrences referedElement="//@references.58" eState="noTick" fState="noTick"/>
    <eventOccurrences referedElement="//@references.59" counter="1" eState="noTick" fState="noTick"/>
    <eventOccurrences referedElement="//@references.60" eState="noTick" fState="noTick"/>
    <eventOccurrences referedElement="//@references.61" eState="noTick" fState="noTick"/>
    <eventOccurrences referedElement="//@references.62" eState="noTick" fState="noTick"/>
    <eventOccurrences referedElement="//@references.63" counter="2" eState="noTick" fState="noTick"/>
    <eventOccurrences referedElement="//@references.64" eState="noTick" fState="noTick"/>
    <eventOccurrences referedElement="//@references.65" counter="2" eState="noTick" fState="noTick"/>
    <eventOccurrences referedElement="//@references.66" eState="noTick" fState="noTick"/>
    <eventOccurrences referedElement="//@references.67" counter="1" eState="noTick" fState="noTick"/>
    <eventOccurrences referedElement="//@references.68" eState="noTick" fState="noTick"/>
    <eventOccurrences referedElement="//@references.69" eState="noTick" fState="noTick"/>
    <eventOccurrences referedElement="//@references.70" eState="noTick" fState="noTick"/>
    <eventOccurrences referedElement="//@references.71" eState="noTick" fState="noTick"/>
    <eventOccurrences referedElement="//@references.72" counter="2" eState="noTick" fState="noTick"/>
    <eventOccurrences referedElement="//@references.73" eState="noTick" fState="noTick"/>
    <eventOccurrences referedElement="//@references.74" counter="2" eState="noTick" fState="noTick"/>
    <eventOccurrences referedElement="//@references.75" eState="noTick" fState="noTick"/>
    <eventOccurrences referedElement="//@references.76" counter="2"/>
  </logicalSteps>
  <logicalSteps nextStep="//@logicalSteps.6" previousStep="//@logicalSteps.4" stepNumber="5">
    <eventOccurrences referedElement="//@references.0" counter="3" eState="noTick" fState="noTick"/>
    <eventOccurrences referedElement="//@references.1" eState="noTick" fState="noTick"/>
    <eventOccurrences referedElement="//@references.2" eState="noTick" fState="noTick"/>
    <eventOccurrences referedElement="//@references.3" counter="1" eState="noTick" fState="noTick"/>
    <eventOccurrences referedElement="//@references.4" counter="1" eState="noTick" fState="noTick"/>
    <eventOccurrences referedElement="//@references.5" eState="noTick" fState="noTick"/>
    <eventOccurrences referedElement="//@references.6" eState="noTick" fState="noTick"/>
    <eventOccurrences referedElement="//@references.7" counter="2" eState="noTick" fState="noTick"/>
    <eventOccurrences referedElement="//@references.8" counter="3"/>
    <eventOccurrences referedElement="//@references.9" counter="2" eState="noTick" fState="noTick"/>
    <eventOccurrences referedElement="//@references.10" eState="noTick" fState="noTick"/>
    <eventOccurrences referedElement="//@references.11" eState="noTick" fState="noTick"/>
    <eventOccurrences referedElement="//@references.12" eState="noTick" fState="noTick"/>
    <eventOccurrences referedElement="//@references.13" counter="2"/>
    <eventOccurrences referedElement="//@references.14" eState="noTick" fState="noTick"/>
    <eventOccurrences referedElement="//@references.15" eState="noTick" fState="noTick"/>
    <eventOccurrences referedElement="//@references.16" counter="2" eState="noTick" fState="noTick"/>
    <eventOccurrences referedElement="//@references.17" eState="noTick" fState="noTick"/>
    <eventOccurrences referedElement="//@references.18" counter="2" eState="noTick" fState="noTick"/>
    <eventOccurrences referedElement="//@references.19" eState="noTick" fState="noTick"/>
    <eventOccurrences referedElement="//@references.20" counter="1"/>
    <eventOccurrences referedElement="//@references.21" counter="3"/>
    <eventOccurrences referedElement="//@references.22" counter="2"/>
    <eventOccurrences referedElement="//@references.23" eState="noTick" fState="noTick"/>
    <eventOccurrences referedElement="//@references.24" eState="noTick" fState="noTick"/>
    <eventOccurrences referedElement="//@references.25" counter="3" eState="noTick" fState="noTick"/>
    <eventOccurrences referedElement="//@references.26" eState="noTick" fState="noTick"/>
    <eventOccurrences referedElement="//@references.27" eState="noTick" fState="noTick"/>
    <eventOccurrences referedElement="//@references.28" eState="noTick" fState="noTick"/>
    <eventOccurrences referedElement="//@references.29" counter="3"/>
    <eventOccurrences referedElement="//@references.30" counter="3" eState="noTick" fState="noTick"/>
    <eventOccurrences referedElement="//@references.31" counter="1" eState="noTick" fState="noTick"/>
    <eventOccurrences referedElement="//@references.32" counter="2" eState="noTick" fState="noTick"/>
    <eventOccurrences referedElement="//@references.33" counter="2"/>
    <eventOccurrences referedElement="//@references.34" eState="noTick" fState="noTick"/>
    <eventOccurrences referedElement="//@references.35" counter="1"/>
    <eventOccurrences referedElement="//@references.36" counter="1"/>
    <eventOccurrences referedElement="//@references.37" counter="1"/>
    <eventOccurrences referedElement="//@references.38" counter="2" eState="noTick" fState="noTick"/>
    <eventOccurrences referedElement="//@references.39" counter="2" eState="noTick" fState="noTick"/>
    <eventOccurrences referedElement="//@references.40" eState="noTick" fState="noTick"/>
    <eventOccurrences referedElement="//@references.41" eState="noTick" fState="noTick"/>
    <eventOccurrences referedElement="//@references.42" eState="noTick" fState="noTick"/>
    <eventOccurrences referedElement="//@references.43" counter="1"/>
    <eventOccurrences referedElement="//@references.44" counter="1"/>
    <eventOccurrences referedElement="//@references.45" counter="2"/>
    <eventOccurrences referedElement="//@references.46" eState="noTick" fState="noTick"/>
    <eventOccurrences referedElement="//@references.47" eState="noTick" fState="noTick"/>
    <eventOccurrences referedElement="//@references.48" counter="3"/>
    <eventOccurrences referedElement="//@references.49" eState="noTick" fState="noTick"/>
    <eventOccurrences referedElement="//@references.50" counter="2"/>
    <eventOccurrences referedElement="//@references.51" eState="noTick" fState="noTick"/>
    <eventOccurrences referedElement="//@references.52" counter="1"/>
    <eventOccurrences referedElement="//@references.53" eState="noTick" fState="noTick"/>
    <eventOccurrences referedElement="//@references.54" counter="2"/>
    <eventOccurrences referedElement="//@references.55" eState="noTick" fState="noTick"/>
    <eventOccurrences referedElement="//@references.56" eState="noTick" fState="noTick"/>
    <eventOccurrences referedElement="//@references.57" counter="2"/>
    <eventOccurrences referedElement="//@references.58" eState="noTick" fState="noTick"/>
    <eventOccurrences referedElement="//@references.59" counter="2"/>
    <eventOccurrences referedElement="//@references.60" eState="noTick" fState="noTick"/>
    <eventOccurrences referedElement="//@references.61" eState="noTick" fState="noTick"/>
    <eventOccurrences referedElement="//@references.62" counter="1"/>
    <eventOccurrences referedElement="//@references.63" counter="3"/>
    <eventOccurrences referedElement="//@references.64" eState="noTick" fState="noTick"/>
    <eventOccurrences referedElement="//@references.65" counter="3"/>
    <eventOccurrences referedElement="//@references.66" counter="1"/>
    <eventOccurrences referedElement="//@references.67" counter="2"/>
    <eventOccurrences referedElement="//@references.68" eState="noTick" fState="noTick"/>
    <eventOccurrences referedElement="//@references.69" eState="noTick" fState="noTick"/>
    <eventOccurrences referedElement="//@references.70" eState="noTick" fState="noTick"/>
    <eventOccurrences referedElement="//@references.71" counter="1"/>
    <eventOccurrences referedElement="//@references.72" counter="3"/>
    <eventOccurrences referedElement="//@references.73" eState="noTick" fState="noTick"/>
    <eventOccurrences referedElement="//@references.74" counter="3"/>
    <eventOccurrences referedElement="//@references.75" eState="noTick" fState="noTick"/>
    <eventOccurrences referedElement="//@references.76" counter="2" eState="noTick" fState="noTick"/>
  </logicalSteps>
  <logicalSteps nextStep="//@logicalSteps.7" previousStep="//@logicalSteps.5" stepNumber="6">
    <eventOccurrences referedElement="//@references.0" counter="3" eState="noTick" fState="noTick"/>
    <eventOccurrences referedElement="//@references.1" eState="noTick" fState="noTick"/>
    <eventOccurrences referedElement="//@references.2" counter="1"/>
    <eventOccurrences referedElement="//@references.3" counter="2"/>
    <eventOccurrences referedElement="//@references.4" counter="2"/>
    <eventOccurrences referedElement="//@references.5" eState="noTick" fState="noTick"/>
    <eventOccurrences referedElement="//@references.6" eState="noTick" fState="noTick"/>
    <eventOccurrences referedElement="//@references.7" counter="3"/>
    <eventOccurrences referedElement="//@references.8" counter="3" eState="noTick" fState="noTick"/>
    <eventOccurrences referedElement="//@references.9" counter="3"/>
    <eventOccurrences referedElement="//@references.10" eState="noTick" fState="noTick"/>
    <eventOccurrences referedElement="//@references.11" eState="noTick" fState="noTick"/>
    <eventOccurrences referedElement="//@references.12" eState="noTick" fState="noTick"/>
    <eventOccurrences referedElement="//@references.13" counter="2" eState="noTick" fState="noTick"/>
    <eventOccurrences referedElement="//@references.14" eState="noTick" fState="noTick"/>
    <eventOccurrences referedElement="//@references.15" eState="noTick" fState="noTick"/>
    <eventOccurrences referedElement="//@references.16" counter="3"/>
    <eventOccurrences referedElement="//@references.17" counter="1"/>
    <eventOccurrences referedElement="//@references.18" counter="3"/>
    <eventOccurrences referedElement="//@references.19" eState="noTick" fState="noTick"/>
    <eventOccurrences referedElement="//@references.20" counter="1" eState="noTick" fState="noTick"/>
    <eventOccurrences referedElement="//@references.21" counter="3" eState="noTick" fState="noTick"/>
    <eventOccurrences referedElement="//@references.22" counter="2" eState="noTick" fState="noTick"/>
    <eventOccurrences referedElement="//@references.23" eState="noTick" fState="noTick"/>
    <eventOccurrences referedElement="//@references.24" eState="noTick" fState="noTick"/>
    <eventOccurrences referedElement="//@references.25" counter="4"/>
    <eventOccurrences referedElement="//@references.26" eState="noTick" fState="noTick"/>
    <eventOccurrences referedElement="//@references.27" eState="noTick" fState="noTick"/>
    <eventOccurrences referedElement="//@references.28" counter="1"/>
    <eventOccurrences referedElement="//@references.29" counter="3" eState="noTick" fState="noTick"/>
    <eventOccurrences referedElement="//@references.30" counter="3" eState="noTick" fState="noTick"/>
    <eventOccurrences referedElement="//@references.31" counter="2"/>
    <eventOccurrences referedElement="//@references.32" counter="3"/>
    <eventOccurrences referedElement="//@references.33" counter="2" eState="noTick" fState="noTick"/>
    <eventOccurrences referedElement="//@references.34" counter="1"/>
    <eventOccurrences referedElement="//@references.35" counter="1" eState="noTick" fState="noTick"/>
    <eventOccurrences referedElement="//@references.36" counter="1" eState="noTick" fState="noTick"/>
    <eventOccurrences referedElement="//@references.37" counter="1" eState="noTick" fState="noTick"/>
    <eventOccurrences referedElement="//@references.38" counter="3"/>
    <eventOccurrences referedElement="//@references.39" counter="3"/>
    <eventOccurrences referedElement="//@references.40" counter="1"/>
    <eventOccurrences referedElement="//@references.41" eState="noTick" fState="noTick"/>
    <eventOccurrences referedElement="//@references.42" eState="noTick" fState="noTick"/>
    <eventOccurrences referedElement="//@references.43" counter="1" eState="noTick" fState="noTick"/>
    <eventOccurrences referedElement="//@references.44" counter="1" eState="noTick" fState="noTick"/>
    <eventOccurrences referedElement="//@references.45" counter="2" eState="noTick" fState="noTick"/>
    <eventOccurrences referedElement="//@references.46" eState="noTick" fState="noTick"/>
    <eventOccurrences referedElement="//@references.47" eState="noTick" fState="noTick"/>
    <eventOccurrences referedElement="//@references.48" counter="3" eState="noTick" fState="noTick"/>
    <eventOccurrences referedElement="//@references.49" eState="noTick" fState="noTick"/>
    <eventOccurrences referedElement="//@references.50" counter="2" eState="noTick" fState="noTick"/>
    <eventOccurrences referedElement="//@references.51" eState="noTick" fState="noTick"/>
    <eventOccurrences referedElement="//@references.52" counter="1" eState="noTick" fState="noTick"/>
    <eventOccurrences referedElement="//@references.53" eState="noTick" fState="noTick"/>
    <eventOccurrences referedElement="//@references.54" counter="2" eState="noTick" fState="noTick"/>
    <eventOccurrences referedElement="//@references.55" eState="noTick" fState="noTick"/>
    <eventOccurrences referedElement="//@references.56" eState="noTick" fState="noTick"/>
    <eventOccurrences referedElement="//@references.57" counter="2" eState="noTick" fState="noTick"/>
    <eventOccurrences referedElement="//@references.58" eState="noTick" fState="noTick"/>
    <eventOccurrences referedElement="//@references.59" counter="2" eState="noTick" fState="noTick"/>
    <eventOccurrences referedElement="//@references.60" eState="noTick" fState="noTick"/>
    <eventOccurrences referedElement="//@references.61" eState="noTick" fState="noTick"/>
    <eventOccurrences referedElement="//@references.62" counter="1" eState="noTick" fState="noTick"/>
    <eventOccurrences referedElement="//@references.63" counter="3" eState="noTick" fState="noTick"/>
    <eventOccurrences referedElement="//@references.64" eState="noTick" fState="noTick"/>
    <eventOccurrences referedElement="//@references.65" counter="3" eState="noTick" fState="noTick"/>
    <eventOccurrences referedElement="//@references.66" counter="1" eState="noTick" fState="noTick"/>
    <eventOccurrences referedElement="//@references.67" counter="2" eState="noTick" fState="noTick"/>
    <eventOccurrences referedElement="//@references.68" eState="noTick" fState="noTick"/>
    <eventOccurrences referedElement="//@references.69" eState="noTick" fState="noTick"/>
    <eventOccurrences referedElement="//@references.70" eState="noTick" fState="noTick"/>
    <eventOccurrences referedElement="//@references.71" counter="1" eState="noTick" fState="noTick"/>
    <eventOccurrences referedElement="//@references.72" counter="3" eState="noTick" fState="noTick"/>
    <eventOccurrences referedElement="//@references.73" eState="noTick" fState="noTick"/>
    <eventOccurrences referedElement="//@references.74" counter="3" eState="noTick" fState="noTick"/>
    <eventOccurrences referedElement="//@references.75" eState="noTick" fState="noTick"/>
    <eventOccurrences referedElement="//@references.76" counter="2" eState="noTick" fState="noTick"/>
  </logicalSteps>
  <logicalSteps previousStep="//@logicalSteps.6" stepNumber="7">
    <eventOccurrences referedElement="//@references.0" counter="4"/>
    <eventOccurrences referedElement="//@references.1" eState="noTick" fState="noTick"/>
    <eventOccurrences referedElement="//@references.2" counter="1" eState="noTick" fState="noTick"/>
    <eventOccurrences referedElement="//@references.3" counter="2" eState="noTick" fState="noTick"/>
    <eventOccurrences referedElement="//@references.4" counter="2" eState="noTick" fState="noTick"/>
    <eventOccurrences referedElement="//@references.5" eState="noTick" fState="noTick"/>
    <eventOccurrences referedElement="//@references.6" eState="noTick" fState="noTick"/>
    <eventOccurrences referedElement="//@references.7" counter="3" eState="noTick" fState="noTick"/>
    <eventOccurrences referedElement="//@references.8" counter="4"/>
    <eventOccurrences referedElement="//@references.9" counter="3" eState="noTick" fState="noTick"/>
    <eventOccurrences referedElement="//@references.10" eState="noTick" fState="noTick"/>
    <eventOccurrences referedElement="//@references.11" counter="1"/>
    <eventOccurrences referedElement="//@references.12" eState="noTick" fState="noTick"/>
    <eventOccurrences referedElement="//@references.13" counter="3"/>
    <eventOccurrences referedElement="//@references.14" counter="1"/>
    <eventOccurrences referedElement="//@references.15" counter="1"/>
    <eventOccurrences referedElement="//@references.16" counter="3" eState="noTick" fState="noTick"/>
    <eventOccurrences referedElement="//@references.17" counter="1" eState="noTick" fState="noTick"/>
    <eventOccurrences referedElement="//@references.18" counter="3" eState="noTick" fState="noTick"/>
    <eventOccurrences referedElement="//@references.19" eState="noTick" fState="noTick"/>
    <eventOccurrences referedElement="//@references.20" counter="2"/>
    <eventOccurrences referedElement="//@references.21" counter="4"/>
    <eventOccurrences referedElement="//@references.22" counter="3"/>
    <eventOccurrences referedElement="//@references.23" counter="1"/>
    <eventOccurrences referedElement="//@references.24" counter="1"/>
    <eventOccurrences referedElement="//@references.25" counter="4" eState="noTick" fState="noTick"/>
    <eventOccurrences referedElement="//@references.26" eState="noTick" fState="noTick"/>
    <eventOccurrences referedElement="//@references.27" eState="noTick" fState="noTick"/>
    <eventOccurrences referedElement="//@references.28" counter="1" eState="noTick" fState="noTick"/>
    <eventOccurrences referedElement="//@references.29" counter="4"/>
    <eventOccurrences referedElement="//@references.30" counter="4"/>
    <eventOccurrences referedElement="//@references.31" counter="2" eState="noTick" fState="noTick"/>
    <eventOccurrences referedElement="//@references.32" counter="3" eState="noTick" fState="noTick"/>
    <eventOccurrences referedElement="//@references.33" counter="3"/>
    <eventOccurrences referedElement="//@references.34" counter="1" eState="noTick" fState="noTick"/>
    <eventOccurrences referedElement="//@references.35" counter="2"/>
    <eventOccurrences referedElement="//@references.36" counter="2"/>
    <eventOccurrences referedElement="//@references.37" counter="2"/>
    <eventOccurrences referedElement="//@references.38" counter="3" eState="noTick" fState="noTick"/>
    <eventOccurrences referedElement="//@references.39" counter="3" eState="noTick" fState="noTick"/>
    <eventOccurrences referedElement="//@references.40" counter="1" eState="noTick" fState="noTick"/>
    <eventOccurrences referedElement="//@references.41" eState="noTick" fState="noTick"/>
    <eventOccurrences referedElement="//@references.42" eState="noTick" fState="noTick"/>
    <eventOccurrences referedElement="//@references.43" counter="2"/>
    <eventOccurrences referedElement="//@references.44" counter="2"/>
    <eventOccurrences referedElement="//@references.45" counter="3"/>
    <eventOccurrences referedElement="//@references.46" eState="noTick" fState="noTick"/>
    <eventOccurrences referedElement="//@references.47" counter="1"/>
    <eventOccurrences referedElement="//@references.48" counter="4"/>
    <eventOccurrences referedElement="//@references.49" counter="1"/>
    <eventOccurrences referedElement="//@references.50" counter="3"/>
    <eventOccurrences referedElement="//@references.51" eState="noTick" fState="noTick"/>
    <eventOccurrences referedElement="//@references.52" counter="2"/>
    <eventOccurrences referedElement="//@references.53" counter="1"/>
    <eventOccurrences referedElement="//@references.54" counter="3"/>
    <eventOccurrences referedElement="//@references.55" counter="1"/>
    <eventOccurrences referedElement="//@references.56" eState="noTick" fState="noTick"/>
    <eventOccurrences referedElement="//@references.57" counter="3"/>
    <eventOccurrences referedElement="//@references.58" eState="noTick" fState="noTick"/>
    <eventOccurrences referedElement="//@references.59" counter="3"/>
    <eventOccurrences referedElement="//@references.60" counter="1"/>
    <eventOccurrences referedElement="//@references.61" counter="1"/>
    <eventOccurrences referedElement="//@references.62" counter="2"/>
    <eventOccurrences referedElement="//@references.63" counter="4"/>
    <eventOccurrences referedElement="//@references.64" counter="1"/>
    <eventOccurrences referedElement="//@references.65" counter="4"/>
    <eventOccurrences referedElement="//@references.66" counter="2"/>
    <eventOccurrences referedElement="//@references.67" counter="3"/>
    <eventOccurrences referedElement="//@references.68" counter="1"/>
    <eventOccurrences referedElement="//@references.69" counter="1"/>
    <eventOccurrences referedElement="//@references.70" counter="1"/>
    <eventOccurrences referedElement="//@references.71" counter="2"/>
    <eventOccurrences referedElement="//@references.72" counter="4"/>
    <eventOccurrences referedElement="//@references.73" counter="1"/>
    <eventOccurrences referedElement="//@references.74" counter="4"/>
    <eventOccurrences referedElement="//@references.75" eState="noTick" fState="noTick"/>
    <eventOccurrences referedElement="//@references.76" counter="3"/>
  </logicalSteps>
  <references xsi:type="trace:ModelElementReference">
    <elementRef href="model_MoCC.extendedCCSL#//@subBlock.0"/>
    <elementRef href="model_MoCC.extendedCCSL#//@subBlock.0/@elements.5"/>
  </references>
  <references xsi:type="trace:ModelElementReference">
    <elementRef href="model_MoCC.extendedCCSL#//@subBlock.0"/>
    <elementRef href="model_MoCC.extendedCCSL#//@subBlock.0/@elements.36"/>
  </references>
  <references xsi:type="trace:ModelElementReference">
    <elementRef href="model_MoCC.extendedCCSL#//@subBlock.0"/>
    <elementRef href="model_MoCC.extendedCCSL#//@subBlock.0/@elements.13"/>
  </references>
  <references xsi:type="trace:ModelElementReference">
    <elementRef href="model_MoCC.extendedCCSL#//@subBlock.0"/>
    <elementRef href="model_MoCC.extendedCCSL#//@subBlock.0/@elements.17"/>
  </references>
  <references xsi:type="trace:ModelElementReference">
    <elementRef href="model_MoCC.extendedCCSL#//@subBlock.0"/>
    <elementRef href="model_MoCC.extendedCCSL#//@subBlock.0/@elements.37"/>
  </references>
  <references xsi:type="trace:ModelElementReference">
    <elementRef href="model_MoCC.extendedCCSL#//@subBlock.0"/>
    <elementRef href="model_MoCC.extendedCCSL#//@subBlock.0/@elements.15"/>
  </references>
  <references xsi:type="trace:ModelElementReference">
    <elementRef href="model_MoCC.extendedCCSL#//@subBlock.0"/>
    <elementRef href="model_MoCC.extendedCCSL#//@subBlock.0/@elements.38"/>
  </references>
  <references xsi:type="trace:ModelElementReference">
    <elementRef href="model_MoCC.extendedCCSL#//@subBlock.0"/>
    <elementRef href="model_MoCC.extendedCCSL#//@subBlock.0/@elements.14"/>
  </references>
  <references xsi:type="trace:ModelElementReference">
    <elementRef href="model_MoCC.extendedCCSL#//@subBlock.0"/>
    <elementRef href="model_MoCC.extendedCCSL#//@subBlock.0/@elements.4"/>
  </references>
  <references xsi:type="trace:ModelElementReference">
    <elementRef href="model_MoCC.extendedCCSL#//@subBlock.0"/>
    <elementRef href="model_MoCC.extendedCCSL#//@subBlock.0/@elements.20"/>
  </references>
  <references xsi:type="trace:ModelElementReference">
    <elementRef href="model_MoCC.extendedCCSL#//@subBlock.0"/>
    <elementRef href="model_MoCC.extendedCCSL#//@subBlock.0/@elements.16"/>
  </references>
  <references xsi:type="trace:ModelElementReference">
    <elementRef href="model_MoCC.extendedCCSL#//@subBlock.0"/>
    <elementRef href="model_MoCC.extendedCCSL#//@subBlock.0/@elements.24"/>
  </references>
  <references xsi:type="trace:ModelElementReference">
    <elementRef href="model_MoCC.extendedCCSL#//@subBlock.0"/>
    <elementRef href="model_MoCC.extendedCCSL#//@subBlock.0/@elements.6"/>
  </references>
  <references xsi:type="trace:ModelElementReference">
    <elementRef href="model_MoCC.extendedCCSL#//@subBlock.0"/>
    <elementRef href="model_MoCC.extendedCCSL#//@subBlock.0/@elements.1"/>
  </references>
  <references xsi:type="trace:ModelElementReference">
    <elementRef href="model_MoCC.extendedCCSL#//@subBlock.0"/>
    <elementRef href="model_MoCC.extendedCCSL#//@subBlock.0/@elements.30"/>
  </references>
  <references xsi:type="trace:ModelElementReference">
    <elementRef href="model_MoCC.extendedCCSL#//@subBlock.0"/>
    <elementRef href="model_MoCC.extendedCCSL#//@subBlock.0/@elements.22"/>
  </references>
  <references xsi:type="trace:ModelElementReference">
    <elementRef href="model_MoCC.extendedCCSL#//@subBlock.0"/>
    <elementRef href="model_MoCC.extendedCCSL#//@subBlock.0/@elements.10"/>
  </references>
  <references xsi:type="trace:ModelElementReference">
    <elementRef href="model_MoCC.extendedCCSL#//@subBlock.0"/>
    <elementRef href="model_MoCC.extendedCCSL#//@subBlock.0/@elements.19"/>
  </references>
  <references xsi:type="trace:ModelElementReference">
    <elementRef href="model_MoCC.extendedCCSL#//@subBlock.0"/>
    <elementRef href="model_MoCC.extendedCCSL#//@subBlock.0/@elements.9"/>
  </references>
  <references xsi:type="trace:ModelElementReference">
    <elementRef href="model_MoCC.extendedCCSL#//@subBlock.0"/>
    <elementRef href="model_MoCC.extendedCCSL#//@subBlock.0/@elements.32"/>
  </references>
  <references xsi:type="trace:ModelElementReference">
    <elementRef href="model_MoCC.extendedCCSL#//@subBlock.0"/>
    <elementRef href="model_MoCC.extendedCCSL#//@subBlock.0/@elements.29"/>
  </references>
  <references xsi:type="trace:ModelElementReference">
    <elementRef href="model_MoCC.extendedCCSL#//@subBlock.0"/>
    <elementRef href="model_MoCC.extendedCCSL#//@subBlock.0/@elements.23"/>
  </references>
  <references xsi:type="trace:ModelElementReference">
    <elementRef href="model_MoCC.extendedCCSL#//@subBlock.0"/>
    <elementRef href="model_MoCC.extendedCCSL#//@subBlock.0/@elements.28"/>
  </references>
  <references xsi:type="trace:ModelElementReference">
    <elementRef href="model_MoCC.extendedCCSL#//@subBlock.0"/>
    <elementRef href="model_MoCC.extendedCCSL#//@subBlock.0/@elements.21"/>
  </references>
  <references xsi:type="trace:ModelElementReference">
    <elementRef href="model_MoCC.extendedCCSL#//@subBlock.0"/>
    <elementRef href="model_MoCC.extendedCCSL#//@subBlock.0/@elements.2"/>
  </references>
  <references xsi:type="trace:ModelElementReference">
    <elementRef href="model_MoCC.extendedCCSL#//@subBlock.0"/>
    <elementRef href="model_MoCC.extendedCCSL#//@subBlock.0/@elements.12"/>
  </references>
  <references xsi:type="trace:ModelElementReference">
    <elementRef href="model_MoCC.extendedCCSL#//@subBlock.0"/>
    <elementRef href="model_MoCC.extendedCCSL#//@subBlock.0/@elements.26"/>
  </references>
  <references xsi:type="trace:ModelElementReference">
    <elementRef href="model_MoCC.extendedCCSL#//@subBlock.0"/>
    <elementRef href="model_MoCC.extendedCCSL#//@subBlock.0/@elements.0"/>
  </references>
  <references xsi:type="trace:ModelElementReference">
    <elementRef href="model_MoCC.extendedCCSL#//@subBlock.0"/>
    <elementRef href="model_MoCC.extendedCCSL#//@subBlock.0/@elements.35"/>
  </references>
  <references xsi:type="trace:ModelElementReference">
    <elementRef href="model_MoCC.extendedCCSL#//@subBlock.0"/>
    <elementRef href="model_MoCC.extendedCCSL#//@subBlock.0/@elements.33"/>
  </references>
  <references xsi:type="trace:ModelElementReference">
    <elementRef href="model_MoCC.extendedCCSL#//@subBlock.0"/>
    <elementRef href="model_MoCC.extendedCCSL#//@subBlock.0/@elements.34"/>
  </references>
  <references xsi:type="trace:ModelElementReference">
    <elementRef href="model_MoCC.extendedCCSL#//@subBlock.0"/>
    <elementRef href="model_MoCC.extendedCCSL#//@subBlock.0/@elements.8"/>
  </references>
  <references xsi:type="trace:ModelElementReference">
    <elementRef href="model_MoCC.extendedCCSL#//@subBlock.0"/>
    <elementRef href="model_MoCC.extendedCCSL#//@subBlock.0/@elements.40"/>
  </references>
  <references xsi:type="trace:ModelElementReference">
    <elementRef href="model_MoCC.extendedCCSL#//@subBlock.0"/>
    <elementRef href="model_MoCC.extendedCCSL#//@subBlock.0/@elements.31"/>
  </references>
  <references xsi:type="trace:ModelElementReference">
    <elementRef href="model_MoCC.extendedCCSL#//@subBlock.0"/>
    <elementRef href="model_MoCC.extendedCCSL#//@subBlock.0/@elements.7"/>
  </references>
  <references xsi:type="trace:ModelElementReference">
    <elementRef href="model_MoCC.extendedCCSL#//@subBlock.0"/>
    <elementRef href="model_MoCC.extendedCCSL#//@subBlock.0/@elements.25"/>
  </references>
  <references xsi:type="trace:ModelElementReference">
    <elementRef href="model_MoCC.extendedCCSL#//@subBlock.0"/>
    <elementRef href="model_MoCC.extendedCCSL#//@subBlock.0/@elements.3"/>
  </references>
  <references xsi:type="trace:ModelElementReference">
    <elementRef href="model_MoCC.extendedCCSL#//@subBlock.0"/>
    <elementRef href="model_MoCC.extendedCCSL#//@subBlock.0/@elements.27"/>
  </references>
  <references xsi:type="trace:ModelElementReference">
    <elementRef href="model_MoCC.extendedCCSL#//@subBlock.0"/>
    <elementRef href="model_MoCC.extendedCCSL#//@subBlock.0/@elements.11"/>
  </references>
  <references xsi:type="trace:ModelElementReference">
    <elementRef href="model_MoCC.extendedCCSL#//@subBlock.0"/>
    <elementRef href="model_MoCC.extendedCCSL#//@subBlock.0/@elements.39"/>
  </references>
  <references xsi:type="trace:ModelElementReference">
    <elementRef href="model_MoCC.extendedCCSL#//@subBlock.0"/>
    <elementRef href="model_MoCC.extendedCCSL#//@subBlock.0/@elements.18"/>
  </references>
  <references xsi:type="trace:ModelElementReference">
    <elementRef href="model_MoCC.extendedCCSL#//@subBlock.0"/>
    <elementRef href="model_MoCC.extendedCCSL#//@subBlock.0/@expressions.4"/>
    <elementRef href="EASTADL.ccslLib#//@expressionLibraries.0/@expressionDefinitions.1"/>
    <elementRef href="EASTADL.ccslLib#//@expressionLibraries.0/@expressionDefinitions.1/@concreteEntities.0"/>
    <elementRef href="EASTADL.ccslLib#//@expressionLibraries.0/@expressionDefinitions.0"/>
    <elementRef href="EASTADL.ccslLib#//@expressionLibraries.0/@expressionDefinitions.0/@concreteEntities.1"/>
  </references>
  <references xsi:type="trace:ModelElementReference">
    <elementRef href="model_MoCC.extendedCCSL#//@subBlock.0"/>
    <elementRef href="model_MoCC.extendedCCSL#//@subBlock.0/@expressions.4"/>
    <elementRef href="EASTADL.ccslLib#//@expressionLibraries.0/@expressionDefinitions.1"/>
    <elementRef href="EASTADL.ccslLib#//@expressionLibraries.0/@expressionDefinitions.1/@concreteEntities.1"/>
  </references>
  <references xsi:type="trace:ModelElementReference">
    <elementRef href="model_MoCC.extendedCCSL#//@subBlock.0"/>
    <elementRef href="model_MoCC.extendedCCSL#//@subBlock.0/@expressions.0"/>
  </references>
  <references xsi:type="trace:ModelElementReference">
    <elementRef href="model_MoCC.extendedCCSL#//@subBlock.0"/>
    <elementRef href="model_MoCC.extendedCCSL#//@subBlock.0/@expressions.0"/>
    <elementRef href="EASTADL.ccslLib#//@expressionLibraries.0/@expressionDefinitions.1"/>
    <elementRef href="EASTADL.ccslLib#//@expressionLibraries.0/@expressionDefinitions.1/@concreteEntities.1"/>
  </references>
  <references xsi:type="trace:ModelElementReference">
    <elementRef href="model_MoCC.extendedCCSL#//@subBlock.0"/>
    <elementRef href="model_MoCC.extendedCCSL#//@subBlock.0/@expressions.3"/>
  </references>
  <references xsi:type="trace:ModelElementReference">
    <elementRef href="model_MoCC.extendedCCSL#//@subBlock.0"/>
    <elementRef href="model_MoCC.extendedCCSL#//@subBlock.0/@relations.9"/>
    <elementRef href="platform:/plugin/fr.inria.aoste.timesquare.ccslkernel.model/ccsllibrary/CCSL.ccslLib#//@relationLibraries.0/@relationDefinitions.0"/>
    <elementRef href="platform:/plugin/fr.inria.aoste.timesquare.ccslkernel.model/ccsllibrary/CCSL.ccslLib#//@relationLibraries.0/@relationDefinitions.0/@concreteEntities.2"/>
  </references>
  <references xsi:type="trace:ModelElementReference">
    <elementRef href="model_MoCC.extendedCCSL#//@subBlock.0"/>
    <elementRef href="model_MoCC.extendedCCSL#//@subBlock.0/@relations.6"/>
    <elementRef href="platform:/plugin/fr.inria.aoste.timesquare.ccslkernel.model/ccsllibrary/CCSL.ccslLib#//@relationLibraries.0/@relationDefinitions.0"/>
    <elementRef href="platform:/plugin/fr.inria.aoste.timesquare.ccslkernel.model/ccsllibrary/CCSL.ccslLib#//@relationLibraries.0/@relationDefinitions.0/@concreteEntities.2"/>
  </references>
  <references xsi:type="trace:ModelElementReference">
    <elementRef href="model_MoCC.extendedCCSL#//@subBlock.0"/>
    <elementRef href="model_MoCC.extendedCCSL#//@subBlock.0/@expressions.5"/>
    <elementRef href="EASTADL.ccslLib#//@expressionLibraries.0/@expressionDefinitions.1"/>
    <elementRef href="EASTADL.ccslLib#//@expressionLibraries.0/@expressionDefinitions.1/@concreteEntities.0"/>
    <elementRef href="EASTADL.ccslLib#//@expressionLibraries.0/@expressionDefinitions.0"/>
    <elementRef href="EASTADL.ccslLib#//@expressionLibraries.0/@expressionDefinitions.0/@concreteEntities.0"/>
  </references>
  <references xsi:type="trace:ModelElementReference">
    <elementRef href="model_MoCC.extendedCCSL#//@subBlock.0"/>
    <elementRef href="model_MoCC.extendedCCSL#//@subBlock.0/@expressions.2"/>
    <elementRef href="EASTADL.ccslLib#//@expressionLibraries.0/@expressionDefinitions.1"/>
    <elementRef href="EASTADL.ccslLib#//@expressionLibraries.0/@expressionDefinitions.1/@concreteEntities.0"/>
    <elementRef href="EASTADL.ccslLib#//@expressionLibraries.0/@expressionDefinitions.0"/>
    <elementRef href="EASTADL.ccslLib#//@expressionLibraries.0/@expressionDefinitions.0/@concreteEntities.0"/>
  </references>
  <references xsi:type="trace:ModelElementReference">
    <elementRef href="model_MoCC.extendedCCSL#//@subBlock.0"/>
    <elementRef href="model_MoCC.extendedCCSL#//@subBlock.0/@expressions.3"/>
    <elementRef href="EASTADL.ccslLib#//@expressionLibraries.0/@expressionDefinitions.1"/>
    <elementRef href="EASTADL.ccslLib#//@expressionLibraries.0/@expressionDefinitions.1/@concreteEntities.0"/>
    <elementRef href="EASTADL.ccslLib#//@expressionLibraries.0/@expressionDefinitions.0"/>
    <elementRef href="EASTADL.ccslLib#//@expressionLibraries.0/@expressionDefinitions.0/@concreteEntities.1"/>
  </references>
  <references xsi:type="trace:ModelElementReference">
    <elementRef href="model_MoCC.extendedCCSL#//@subBlock.0"/>
    <elementRef href="model_MoCC.extendedCCSL#//@subBlock.0/@expressions.4"/>
    <elementRef href="EASTADL.ccslLib#//@expressionLibraries.0/@expressionDefinitions.1"/>
    <elementRef href="EASTADL.ccslLib#//@expressionLibraries.0/@expressionDefinitions.1/@concreteEntities.0"/>
  </references>
  <references xsi:type="trace:ModelElementReference">
    <elementRef href="model_MoCC.extendedCCSL#//@subBlock.0"/>
    <elementRef href="model_MoCC.extendedCCSL#//@subBlock.0/@relations.8"/>
    <elementRef href="platform:/plugin/fr.inria.aoste.timesquare.ccslkernel.model/ccsllibrary/CCSL.ccslLib#//@relationLibraries.0/@relationDefinitions.0"/>
    <elementRef href="platform:/plugin/fr.inria.aoste.timesquare.ccslkernel.model/ccsllibrary/CCSL.ccslLib#//@relationLibraries.0/@relationDefinitions.0/@concreteEntities.2"/>
  </references>
  <references xsi:type="trace:ModelElementReference">
    <elementRef href="model_MoCC.extendedCCSL#//@subBlock.0"/>
    <elementRef href="model_MoCC.extendedCCSL#//@subBlock.0/@expressions.1"/>
  </references>
  <references xsi:type="trace:ModelElementReference">
    <elementRef href="model_MoCC.extendedCCSL#//@subBlock.0"/>
    <elementRef href="model_MoCC.extendedCCSL#//@subBlock.0/@relations.10"/>
    <elementRef href="platform:/plugin/fr.inria.aoste.timesquare.ccslkernel.model/ccsllibrary/CCSL.ccslLib#//@relationLibraries.0/@relationDefinitions.0"/>
    <elementRef href="platform:/plugin/fr.inria.aoste.timesquare.ccslkernel.model/ccsllibrary/CCSL.ccslLib#//@relationLibraries.0/@relationDefinitions.0/@concreteEntities.2"/>
  </references>
  <references xsi:type="trace:ModelElementReference">
    <elementRef href="model_MoCC.extendedCCSL#//@subBlock.0"/>
    <elementRef href="model_MoCC.extendedCCSL#//@subBlock.0/@expressions.2"/>
    <elementRef href="EASTADL.ccslLib#//@expressionLibraries.0/@expressionDefinitions.1"/>
    <elementRef href="EASTADL.ccslLib#//@expressionLibraries.0/@expressionDefinitions.1/@concreteEntities.0"/>
  </references>
  <references xsi:type="trace:ModelElementReference">
    <elementRef href="model_MoCC.extendedCCSL#//@subBlock.0"/>
    <elementRef href="model_MoCC.extendedCCSL#//@subBlock.0/@expressions.4"/>
  </references>
  <references xsi:type="trace:ModelElementReference">
    <elementRef href="model_MoCC.extendedCCSL#//@subBlock.0"/>
    <elementRef href="model_MoCC.extendedCCSL#//@subBlock.0/@expressions.3"/>
    <elementRef href="EASTADL.ccslLib#//@expressionLibraries.0/@expressionDefinitions.1"/>
    <elementRef href="EASTADL.ccslLib#//@expressionLibraries.0/@expressionDefinitions.1/@concreteEntities.1"/>
  </references>
  <references xsi:type="trace:ModelElementReference">
    <elementRef href="model_MoCC.extendedCCSL#//@subBlock.0"/>
    <elementRef href="model_MoCC.extendedCCSL#//@subBlock.0/@expressions.4"/>
    <elementRef href="EASTADL.ccslLib#//@expressionLibraries.0/@expressionDefinitions.1"/>
    <elementRef href="EASTADL.ccslLib#//@expressionLibraries.0/@expressionDefinitions.1/@concreteEntities.0"/>
    <elementRef href="EASTADL.ccslLib#//@expressionLibraries.0/@expressionDefinitions.0"/>
    <elementRef href="EASTADL.ccslLib#//@expressionLibraries.0/@expressionDefinitions.0/@concreteEntities.0"/>
  </references>
  <references xsi:type="trace:ModelElementReference">
    <elementRef href="model_MoCC.extendedCCSL#//@subBlock.0"/>
    <elementRef href="model_MoCC.extendedCCSL#//@subBlock.0/@expressions.3"/>
    <elementRef href="EASTADL.ccslLib#//@expressionLibraries.0/@expressionDefinitions.1"/>
    <elementRef href="EASTADL.ccslLib#//@expressionLibraries.0/@expressionDefinitions.1/@concreteEntities.0"/>
  </references>
  <references xsi:type="trace:ModelElementReference">
    <elementRef href="model_MoCC.extendedCCSL#//@subBlock.0"/>
    <elementRef href="model_MoCC.extendedCCSL#//@subBlock.0/@expressions.1"/>
    <elementRef href="EASTADL.ccslLib#//@expressionLibraries.0/@expressionDefinitions.1"/>
    <elementRef href="EASTADL.ccslLib#//@expressionLibraries.0/@expressionDefinitions.1/@concreteEntities.0"/>
    <elementRef href="EASTADL.ccslLib#//@expressionLibraries.0/@expressionDefinitions.0"/>
    <elementRef href="EASTADL.ccslLib#//@expressionLibraries.0/@expressionDefinitions.0/@concreteEntities.0"/>
  </references>
  <references xsi:type="trace:ModelElementReference">
    <elementRef href="model_MoCC.extendedCCSL#//@subBlock.0"/>
    <elementRef href="model_MoCC.extendedCCSL#//@subBlock.0/@expressions.2"/>
    <elementRef href="EASTADL.ccslLib#//@expressionLibraries.0/@expressionDefinitions.1"/>
    <elementRef href="EASTADL.ccslLib#//@expressionLibraries.0/@expressionDefinitions.1/@concreteEntities.0"/>
    <elementRef href="EASTADL.ccslLib#//@expressionLibraries.0/@expressionDefinitions.0"/>
    <elementRef href="EASTADL.ccslLib#//@expressionLibraries.0/@expressionDefinitions.0/@concreteEntities.1"/>
  </references>
  <references xsi:type="trace:ModelElementReference">
    <elementRef href="model_MoCC.extendedCCSL#//@subBlock.0"/>
    <elementRef href="model_MoCC.extendedCCSL#//@subBlock.0/@expressions.0"/>
    <elementRef href="EASTADL.ccslLib#//@expressionLibraries.0/@expressionDefinitions.1"/>
    <elementRef href="EASTADL.ccslLib#//@expressionLibraries.0/@expressionDefinitions.1/@concreteEntities.0"/>
  </references>
  <references xsi:type="trace:ModelElementReference">
    <elementRef href="model_MoCC.extendedCCSL#//@subBlock.0"/>
    <elementRef href="model_MoCC.extendedCCSL#//@subBlock.0/@expressions.5"/>
    <elementRef href="EASTADL.ccslLib#//@expressionLibraries.0/@expressionDefinitions.1"/>
    <elementRef href="EASTADL.ccslLib#//@expressionLibraries.0/@expressionDefinitions.1/@concreteEntities.1"/>
  </references>
  <references xsi:type="trace:ModelElementReference">
    <elementRef href="model_MoCC.extendedCCSL#//@subBlock.0"/>
    <elementRef href="model_MoCC.extendedCCSL#//@subBlock.0/@expressions.1"/>
    <elementRef href="EASTADL.ccslLib#//@expressionLibraries.0/@expressionDefinitions.1"/>
    <elementRef href="EASTADL.ccslLib#//@expressionLibraries.0/@expressionDefinitions.1/@concreteEntities.1"/>
  </references>
  <references xsi:type="trace:ModelElementReference">
    <elementRef href="model_MoCC.extendedCCSL#//@subBlock.0"/>
    <elementRef href="model_MoCC.extendedCCSL#//@subBlock.0/@expressions.5"/>
  </references>
  <references xsi:type="trace:ModelElementReference">
    <elementRef href="model_MoCC.extendedCCSL#//@subBlock.0"/>
    <elementRef href="model_MoCC.extendedCCSL#//@subBlock.0/@expressions.0"/>
    <elementRef href="EASTADL.ccslLib#//@expressionLibraries.0/@expressionDefinitions.1"/>
    <elementRef href="EASTADL.ccslLib#//@expressionLibraries.0/@expressionDefinitions.1/@concreteEntities.0"/>
    <elementRef href="EASTADL.ccslLib#//@expressionLibraries.0/@expressionDefinitions.0"/>
    <elementRef href="EASTADL.ccslLib#//@expressionLibraries.0/@expressionDefinitions.0/@concreteEntities.0"/>
  </references>
  <references xsi:type="trace:ModelElementReference">
    <elementRef href="model_MoCC.extendedCCSL#//@subBlock.0"/>
    <elementRef href="model_MoCC.extendedCCSL#//@subBlock.0/@expressions.3"/>
    <elementRef href="EASTADL.ccslLib#//@expressionLibraries.0/@expressionDefinitions.1"/>
    <elementRef href="EASTADL.ccslLib#//@expressionLibraries.0/@expressionDefinitions.1/@concreteEntities.0"/>
    <elementRef href="EASTADL.ccslLib#//@expressionLibraries.0/@expressionDefinitions.0"/>
    <elementRef href="EASTADL.ccslLib#//@expressionLibraries.0/@expressionDefinitions.0/@concreteEntities.0"/>
  </references>
  <references xsi:type="trace:ModelElementReference">
    <elementRef href="model_MoCC.extendedCCSL#//@subBlock.0"/>
    <elementRef href="model_MoCC.extendedCCSL#//@subBlock.0/@expressions.2"/>
    <elementRef href="EASTADL.ccslLib#//@expressionLibraries.0/@expressionDefinitions.1"/>
    <elementRef href="EASTADL.ccslLib#//@expressionLibraries.0/@expressionDefinitions.1/@concreteEntities.1"/>
  </references>
  <references xsi:type="trace:ModelElementReference">
    <elementRef href="model_MoCC.extendedCCSL#//@subBlock.0"/>
    <elementRef href="model_MoCC.extendedCCSL#//@subBlock.0/@expressions.1"/>
    <elementRef href="EASTADL.ccslLib#//@expressionLibraries.0/@expressionDefinitions.1"/>
    <elementRef href="EASTADL.ccslLib#//@expressionLibraries.0/@expressionDefinitions.1/@concreteEntities.0"/>
    <elementRef href="EASTADL.ccslLib#//@expressionLibraries.0/@expressionDefinitions.0"/>
    <elementRef href="EASTADL.ccslLib#//@expressionLibraries.0/@expressionDefinitions.0/@concreteEntities.1"/>
  </references>
  <references xsi:type="trace:ModelElementReference">
    <elementRef href="model_MoCC.extendedCCSL#//@subBlock.0"/>
    <elementRef href="model_MoCC.extendedCCSL#//@subBlock.0/@expressions.1"/>
    <elementRef href="EASTADL.ccslLib#//@expressionLibraries.0/@expressionDefinitions.1"/>
    <elementRef href="EASTADL.ccslLib#//@expressionLibraries.0/@expressionDefinitions.1/@concreteEntities.0"/>
  </references>
  <references xsi:type="trace:ModelElementReference">
    <elementRef href="model_MoCC.extendedCCSL#//@subBlock.0"/>
    <elementRef href="model_MoCC.extendedCCSL#//@subBlock.0/@expressions.0"/>
    <elementRef href="EASTADL.ccslLib#//@expressionLibraries.0/@expressionDefinitions.1"/>
    <elementRef href="EASTADL.ccslLib#//@expressionLibraries.0/@expressionDefinitions.1/@concreteEntities.0"/>
    <elementRef href="EASTADL.ccslLib#//@expressionLibraries.0/@expressionDefinitions.0"/>
    <elementRef href="EASTADL.ccslLib#//@expressionLibraries.0/@expressionDefinitions.0/@concreteEntities.1"/>
  </references>
  <references xsi:type="trace:ModelElementReference">
    <elementRef href="model_MoCC.extendedCCSL#//@subBlock.0"/>
    <elementRef href="model_MoCC.extendedCCSL#//@subBlock.0/@expressions.5"/>
    <elementRef href="EASTADL.ccslLib#//@expressionLibraries.0/@expressionDefinitions.1"/>
    <elementRef href="EASTADL.ccslLib#//@expressionLibraries.0/@expressionDefinitions.1/@concreteEntities.0"/>
  </references>
  <references xsi:type="trace:ModelElementReference">
    <elementRef href="model_MoCC.extendedCCSL#//@subBlock.0"/>
    <elementRef href="model_MoCC.extendedCCSL#//@subBlock.0/@expressions.2"/>
  </references>
  <references xsi:type="trace:ModelElementReference">
    <elementRef href="model_MoCC.extendedCCSL#//@subBlock.0"/>
    <elementRef href="model_MoCC.extendedCCSL#//@subBlock.0/@expressions.5"/>
    <elementRef href="EASTADL.ccslLib#//@expressionLibraries.0/@expressionDefinitions.1"/>
    <elementRef href="EASTADL.ccslLib#//@expressionLibraries.0/@expressionDefinitions.1/@concreteEntities.0"/>
    <elementRef href="EASTADL.ccslLib#//@expressionLibraries.0/@expressionDefinitions.0"/>
    <elementRef href="EASTADL.ccslLib#//@expressionLibraries.0/@expressionDefinitions.0/@concreteEntities.1"/>
  </references>
  <references xsi:type="trace:ModelElementReference">
    <elementRef href="model_MoCC.extendedCCSL#//@subBlock.0"/>
    <elementRef href="model_MoCC.extendedCCSL#//@subBlock.0/@relations.7"/>
    <elementRef href="platform:/plugin/fr.inria.aoste.timesquare.ccslkernel.model/ccsllibrary/CCSL.ccslLib#//@relationLibraries.0/@relationDefinitions.0"/>
    <elementRef href="platform:/plugin/fr.inria.aoste.timesquare.ccslkernel.model/ccsllibrary/CCSL.ccslLib#//@relationLibraries.0/@relationDefinitions.0/@concreteEntities.2"/>
  </references>
  <references xsi:type="trace:ModelElementReference">
    <elementRef href="model_MoCC.extendedCCSL#//@subBlock.0"/>
    <elementRef href="model_MoCC.extendedCCSL#//@subBlock.0/@relations.11"/>
    <elementRef href="platform:/plugin/fr.inria.aoste.timesquare.ccslkernel.model/ccsllibrary/CCSL.ccslLib#//@relationLibraries.0/@relationDefinitions.0"/>
    <elementRef href="platform:/plugin/fr.inria.aoste.timesquare.ccslkernel.model/ccsllibrary/CCSL.ccslLib#//@relationLibraries.0/@relationDefinitions.0/@concreteEntities.2"/>
  </references>
  <references xsi:type="trace:ModelElementReference">
    <elementRef href="model_MoCC.extendedCCSL#//@subBlock.0"/>
    <elementRef href="model_MoCC.extendedCCSL#//@subBlock.0/@relations.49"/>
  </references>
  <references xsi:type="trace:ModelElementReference">
    <elementRef href="model_MoCC.extendedCCSL#//@subBlock.0"/>
    <elementRef href="model_MoCC.extendedCCSL#//@subBlock.0/@relations.33"/>
  </references>
  <references xsi:type="trace:ModelElementReference">
    <elementRef href="model_MoCC.extendedCCSL#//@subBlock.0"/>
    <elementRef href="model_MoCC.extendedCCSL#//@subBlock.0/@relations.7"/>
    <elementRef href="platform:/plugin/fr.inria.aoste.timesquare.ccslkernel.model/ccsllibrary/CCSL.ccslLib#//@relationLibraries.0/@relationDefinitions.0"/>
    <elementRef href="platform:/plugin/fr.inria.aoste.timesquare.ccslkernel.model/ccsllibrary/CCSL.ccslLib#//@relationLibraries.0/@relationDefinitions.0/@concreteEntities.0"/>
  </references>
  <references xsi:type="trace:ModelElementReference">
    <elementRef href="model_MoCC.extendedCCSL#//@subBlock.0"/>
    <elementRef href="model_MoCC.extendedCCSL#//@subBlock.0/@relations.7"/>
    <elementRef href="platform:/plugin/fr.inria.aoste.timesquare.ccslkernel.model/ccsllibrary/CCSL.ccslLib#//@relationLibraries.0/@relationDefinitions.0"/>
    <elementRef href="platform:/plugin/fr.inria.aoste.timesquare.ccslkernel.model/ccsllibrary/CCSL.ccslLib#//@relationLibraries.0/@relationDefinitions.0/@concreteEntities.3"/>
  </references>
  <references xsi:type="trace:ModelElementReference">
    <elementRef href="model_MoCC.extendedCCSL#//@subBlock.0"/>
    <elementRef href="model_MoCC.extendedCCSL#//@subBlock.0/@relations.14"/>
  </references>
  <references xsi:type="trace:ModelElementReference">
    <elementRef href="model_MoCC.extendedCCSL#//@subBlock.0"/>
    <elementRef href="model_MoCC.extendedCCSL#//@subBlock.0/@relations.39"/>
  </references>
  <references xsi:type="trace:ModelElementReference">
    <elementRef href="model_MoCC.extendedCCSL#//@subBlock.0"/>
    <elementRef href="model_MoCC.extendedCCSL#//@subBlock.0/@relations.3"/>
  </references>
  <references xsi:type="trace:ModelElementReference">
    <elementRef href="model_MoCC.extendedCCSL#//@subBlock.0"/>
    <elementRef href="model_MoCC.extendedCCSL#//@subBlock.0/@relations.10"/>
    <elementRef href="platform:/plugin/fr.inria.aoste.timesquare.ccslkernel.model/ccsllibrary/CCSL.ccslLib#//@relationLibraries.0/@relationDefinitions.0"/>
    <elementRef href="platform:/plugin/fr.inria.aoste.timesquare.ccslkernel.model/ccsllibrary/CCSL.ccslLib#//@relationLibraries.0/@relationDefinitions.0/@concreteEntities.0"/>
  </references>
  <references xsi:type="trace:ModelElementReference">
    <elementRef href="model_MoCC.extendedCCSL#//@subBlock.0"/>
    <elementRef href="model_MoCC.extendedCCSL#//@subBlock.0/@relations.10"/>
    <elementRef href="platform:/plugin/fr.inria.aoste.timesquare.ccslkernel.model/ccsllibrary/CCSL.ccslLib#//@relationLibraries.0/@relationDefinitions.0"/>
    <elementRef href="platform:/plugin/fr.inria.aoste.timesquare.ccslkernel.model/ccsllibrary/CCSL.ccslLib#//@relationLibraries.0/@relationDefinitions.0/@concreteEntities.3"/>
  </references>
  <references xsi:type="trace:ModelElementReference">
    <elementRef href="model_MoCC.extendedCCSL#//@subBlock.0"/>
    <elementRef href="model_MoCC.extendedCCSL#//@subBlock.0/@relations.54"/>
  </references>
  <references xsi:type="trace:ModelElementReference">
    <elementRef href="model_MoCC.extendedCCSL#//@subBlock.0"/>
    <elementRef href="model_MoCC.extendedCCSL#//@subBlock.0/@relations.5"/>
  </references>
  <references xsi:type="trace:ModelElementReference">
    <elementRef href="model_MoCC.extendedCCSL#//@subBlock.0"/>
    <elementRef href="model_MoCC.extendedCCSL#//@subBlock.0/@relations.17"/>
  </references>
  <references xsi:type="trace:ModelElementReference">
    <elementRef href="model_MoCC.extendedCCSL#//@subBlock.0"/>
    <elementRef href="model_MoCC.extendedCCSL#//@subBlock.0/@relations.4"/>
  </references>
  <references xsi:type="trace:ModelElementReference">
    <elementRef href="model_MoCC.extendedCCSL#//@subBlock.0"/>
    <elementRef href="model_MoCC.extendedCCSL#//@subBlock.0/@relations.27"/>
  </references>
  <references xsi:type="trace:ModelElementReference">
    <elementRef href="model_MoCC.extendedCCSL#//@subBlock.0"/>
    <elementRef href="model_MoCC.extendedCCSL#//@subBlock.0/@relations.24"/>
  </references>
  <references xsi:type="trace:ModelElementReference">
    <elementRef href="model_MoCC.extendedCCSL#//@subBlock.0"/>
    <elementRef href="model_MoCC.extendedCCSL#//@subBlock.0/@relations.0"/>
  </references>
  <references xsi:type="trace:ModelElementReference">
    <elementRef href="model_MoCC.extendedCCSL#//@subBlock.0"/>
    <elementRef href="model_MoCC.extendedCCSL#//@subBlock.0/@relations.18"/>
  </references>
  <references xsi:type="trace:ModelElementReference">
    <elementRef href="model_MoCC.extendedCCSL#//@subBlock.0"/>
    <elementRef href="model_MoCC.extendedCCSL#//@subBlock.0/@relations.37"/>
  </references>
  <references xsi:type="trace:ModelElementReference">
    <elementRef href="model_MoCC.extendedCCSL#//@subBlock.0"/>
    <elementRef href="model_MoCC.extendedCCSL#//@subBlock.0/@relations.9"/>
    <elementRef href="platform:/plugin/fr.inria.aoste.timesquare.ccslkernel.model/ccsllibrary/CCSL.ccslLib#//@relationLibraries.0/@relationDefinitions.0"/>
    <elementRef href="platform:/plugin/fr.inria.aoste.timesquare.ccslkernel.model/ccsllibrary/CCSL.ccslLib#//@relationLibraries.0/@relationDefinitions.0/@concreteEntities.0"/>
  </references>
  <references xsi:type="trace:ModelElementReference">
    <elementRef href="model_MoCC.extendedCCSL#//@subBlock.0"/>
    <elementRef href="model_MoCC.extendedCCSL#//@subBlock.0/@relations.9"/>
    <elementRef href="platform:/plugin/fr.inria.aoste.timesquare.ccslkernel.model/ccsllibrary/CCSL.ccslLib#//@relationLibraries.0/@relationDefinitions.0"/>
    <elementRef href="platform:/plugin/fr.inria.aoste.timesquare.ccslkernel.model/ccsllibrary/CCSL.ccslLib#//@relationLibraries.0/@relationDefinitions.0/@concreteEntities.3"/>
  </references>
  <references xsi:type="trace:ModelElementReference">
    <elementRef href="model_MoCC.extendedCCSL#//@subBlock.0"/>
    <elementRef href="model_MoCC.extendedCCSL#//@subBlock.0/@relations.16"/>
  </references>
  <references xsi:type="trace:ModelElementReference">
    <elementRef href="model_MoCC.extendedCCSL#//@subBlock.0"/>
    <elementRef href="model_MoCC.extendedCCSL#//@subBlock.0/@relations.40"/>
  </references>
  <references xsi:type="trace:ModelElementReference">
    <elementRef href="model_MoCC.extendedCCSL#//@subBlock.0"/>
    <elementRef href="model_MoCC.extendedCCSL#//@subBlock.0/@relations.53"/>
  </references>
  <references xsi:type="trace:ModelElementReference">
    <elementRef href="model_MoCC.extendedCCSL#//@subBlock.0"/>
    <elementRef href="model_MoCC.extendedCCSL#//@subBlock.0/@relations.25"/>
  </references>
  <references xsi:type="trace:ModelElementReference">
    <elementRef href="model_MoCC.extendedCCSL#//@subBlock.0"/>
    <elementRef href="model_MoCC.extendedCCSL#//@subBlock.0/@relations.41"/>
  </references>
  <references xsi:type="trace:ModelElementReference">
    <elementRef href="model_MoCC.extendedCCSL#//@subBlock.0"/>
    <elementRef href="model_MoCC.extendedCCSL#//@subBlock.0/@relations.43"/>
  </references>
  <references xsi:type="trace:ModelElementReference">
    <elementRef href="model_MoCC.extendedCCSL#//@subBlock.0"/>
    <elementRef href="model_MoCC.extendedCCSL#//@subBlock.0/@relations.36"/>
  </references>
  <references xsi:type="trace:ModelElementReference">
    <elementRef href="model_MoCC.extendedCCSL#//@subBlock.0"/>
    <elementRef href="model_MoCC.extendedCCSL#//@subBlock.0/@relations.6"/>
    <elementRef href="platform:/plugin/fr.inria.aoste.timesquare.ccslkernel.model/ccsllibrary/CCSL.ccslLib#//@relationLibraries.0/@relationDefinitions.0"/>
    <elementRef href="platform:/plugin/fr.inria.aoste.timesquare.ccslkernel.model/ccsllibrary/CCSL.ccslLib#//@relationLibraries.0/@relationDefinitions.0/@concreteEntities.0"/>
  </references>
  <references xsi:type="trace:ModelElementReference">
    <elementRef href="model_MoCC.extendedCCSL#//@subBlock.0"/>
    <elementRef href="model_MoCC.extendedCCSL#//@subBlock.0/@relations.6"/>
    <elementRef href="platform:/plugin/fr.inria.aoste.timesquare.ccslkernel.model/ccsllibrary/CCSL.ccslLib#//@relationLibraries.0/@relationDefinitions.0"/>
    <elementRef href="platform:/plugin/fr.inria.aoste.timesquare.ccslkernel.model/ccsllibrary/CCSL.ccslLib#//@relationLibraries.0/@relationDefinitions.0/@concreteEntities.3"/>
  </references>
  <references xsi:type="trace:ModelElementReference">
    <elementRef href="model_MoCC.extendedCCSL#//@subBlock.0"/>
    <elementRef href="model_MoCC.extendedCCSL#//@subBlock.0/@relations.51"/>
  </references>
  <references xsi:type="trace:ModelElementReference">
    <elementRef href="model_MoCC.extendedCCSL#//@subBlock.0"/>
    <elementRef href="model_MoCC.extendedCCSL#//@subBlock.0/@relations.52"/>
  </references>
  <references xsi:type="trace:ModelElementReference">
    <elementRef href="model_MoCC.extendedCCSL#//@subBlock.0"/>
    <elementRef href="model_MoCC.extendedCCSL#//@subBlock.0/@relations.12"/>
  </references>
  <references xsi:type="trace:ModelElementReference">
    <elementRef href="model_MoCC.extendedCCSL#//@subBlock.0"/>
    <elementRef href="model_MoCC.extendedCCSL#//@subBlock.0/@relations.35"/>
  </references>
  <references xsi:type="trace:ModelElementReference">
    <elementRef href="model_MoCC.extendedCCSL#//@subBlock.0"/>
    <elementRef href="model_MoCC.extendedCCSL#//@subBlock.0/@relations.1"/>
  </references>
  <references xsi:type="trace:ModelElementReference">
    <elementRef href="model_MoCC.extendedCCSL#//@subBlock.0"/>
    <elementRef href="model_MoCC.extendedCCSL#//@subBlock.0/@relations.31"/>
  </references>
  <references xsi:type="trace:ModelElementReference">
    <elementRef href="model_MoCC.extendedCCSL#//@subBlock.0"/>
    <elementRef href="model_MoCC.extendedCCSL#//@subBlock.0/@relations.8"/>
    <elementRef href="platform:/plugin/fr.inria.aoste.timesquare.ccslkernel.model/ccsllibrary/CCSL.ccslLib#//@relationLibraries.0/@relationDefinitions.0"/>
    <elementRef href="platform:/plugin/fr.inria.aoste.timesquare.ccslkernel.model/ccsllibrary/CCSL.ccslLib#//@relationLibraries.0/@relationDefinitions.0/@concreteEntities.0"/>
  </references>
  <references xsi:type="trace:ModelElementReference">
    <elementRef href="model_MoCC.extendedCCSL#//@subBlock.0"/>
    <elementRef href="model_MoCC.extendedCCSL#//@subBlock.0/@relations.8"/>
    <elementRef href="platform:/plugin/fr.inria.aoste.timesquare.ccslkernel.model/ccsllibrary/CCSL.ccslLib#//@relationLibraries.0/@relationDefinitions.0"/>
    <elementRef href="platform:/plugin/fr.inria.aoste.timesquare.ccslkernel.model/ccsllibrary/CCSL.ccslLib#//@relationLibraries.0/@relationDefinitions.0/@concreteEntities.3"/>
  </references>
  <references xsi:type="trace:ModelElementReference">
    <elementRef href="model_MoCC.extendedCCSL#//@subBlock.0"/>
    <elementRef href="model_MoCC.extendedCCSL#//@subBlock.0/@relations.47"/>
  </references>
  <references xsi:type="trace:ModelElementReference">
    <elementRef href="model_MoCC.extendedCCSL#//@subBlock.0"/>
    <elementRef href="model_MoCC.extendedCCSL#//@subBlock.0/@relations.42"/>
  </references>
  <references xsi:type="trace:ModelElementReference">
    <elementRef href="model_MoCC.extendedCCSL#//@subBlock.0"/>
    <elementRef href="model_MoCC.extendedCCSL#//@subBlock.0/@relations.50"/>
  </references>
  <references xsi:type="trace:ModelElementReference">
    <elementRef href="model_MoCC.extendedCCSL#//@subBlock.0"/>
    <elementRef href="model_MoCC.extendedCCSL#//@subBlock.0/@relations.48"/>
  </references>
  <references xsi:type="trace:ModelElementReference">
    <elementRef href="model_MoCC.extendedCCSL#//@subBlock.0"/>
    <elementRef href="model_MoCC.extendedCCSL#//@subBlock.0/@relations.26"/>
  </references>
  <references xsi:type="trace:ModelElementReference">
    <elementRef href="model_MoCC.extendedCCSL#//@subBlock.0"/>
    <elementRef href="model_MoCC.extendedCCSL#//@subBlock.0/@relations.20"/>
  </references>
  <references xsi:type="trace:ModelElementReference">
    <elementRef href="model_MoCC.extendedCCSL#//@subBlock.0"/>
    <elementRef href="model_MoCC.extendedCCSL#//@subBlock.0/@relations.46"/>
  </references>
  <references xsi:type="trace:ModelElementReference">
    <elementRef href="model_MoCC.extendedCCSL#//@subBlock.0"/>
    <elementRef href="model_MoCC.extendedCCSL#//@subBlock.0/@relations.22"/>
  </references>
  <references xsi:type="trace:ModelElementReference">
    <elementRef href="model_MoCC.extendedCCSL#//@subBlock.0"/>
    <elementRef href="model_MoCC.extendedCCSL#//@subBlock.0/@relations.21"/>
  </references>
  <references xsi:type="trace:ModelElementReference">
    <elementRef href="model_MoCC.extendedCCSL#//@subBlock.0"/>
    <elementRef href="model_MoCC.extendedCCSL#//@subBlock.0/@relations.11"/>
    <elementRef href="platform:/plugin/fr.inria.aoste.timesquare.ccslkernel.model/ccsllibrary/CCSL.ccslLib#//@relationLibraries.0/@relationDefinitions.0"/>
    <elementRef href="platform:/plugin/fr.inria.aoste.timesquare.ccslkernel.model/ccsllibrary/CCSL.ccslLib#//@relationLibraries.0/@relationDefinitions.0/@concreteEntities.0"/>
  </references>
  <references xsi:type="trace:ModelElementReference">
    <elementRef href="model_MoCC.extendedCCSL#//@subBlock.0"/>
    <elementRef href="model_MoCC.extendedCCSL#//@subBlock.0/@relations.11"/>
    <elementRef href="platform:/plugin/fr.inria.aoste.timesquare.ccslkernel.model/ccsllibrary/CCSL.ccslLib#//@relationLibraries.0/@relationDefinitions.0"/>
    <elementRef href="platform:/plugin/fr.inria.aoste.timesquare.ccslkernel.model/ccsllibrary/CCSL.ccslLib#//@relationLibraries.0/@relationDefinitions.0/@concreteEntities.3"/>
  </references>
  <references xsi:type="trace:ModelElementReference">
    <elementRef href="model_MoCC.extendedCCSL#//@subBlock.0"/>
    <elementRef href="model_MoCC.extendedCCSL#//@subBlock.0/@relations.15"/>
  </references>
  <references xsi:type="trace:ModelElementReference">
    <elementRef href="model_MoCC.extendedCCSL#//@subBlock.0"/>
    <elementRef href="model_MoCC.extendedCCSL#//@subBlock.0/@relations.23"/>
  </references>
  <references xsi:type="trace:ModelElementReference">
    <elementRef href="model_MoCC.extendedCCSL#//@subBlock.0"/>
    <elementRef href="model_MoCC.extendedCCSL#//@subBlock.0/@relations.19"/>
  </references>
  <references xsi:type="trace:ModelElementReference">
    <elementRef href="model_MoCC.extendedCCSL#//@subBlock.0"/>
    <elementRef href="model_MoCC.extendedCCSL#//@subBlock.0/@relations.29"/>
  </references>
  <references xsi:type="trace:ModelElementReference">
    <elementRef href="model_MoCC.extendedCCSL#//@subBlock.0"/>
    <elementRef href="model_MoCC.extendedCCSL#//@subBlock.0/@relations.13"/>
  </references>
  <references xsi:type="trace:ModelElementReference">
    <elementRef href="model_MoCC.extendedCCSL#//@subBlock.0"/>
    <elementRef href="model_MoCC.extendedCCSL#//@subBlock.0/@relations.2"/>
  </references>
  <references xsi:type="trace:ModelElementReference">
    <elementRef href="model_MoCC.extendedCCSL#//@subBlock.0"/>
    <elementRef href="model_MoCC.extendedCCSL#//@subBlock.0/@relations.55"/>
  </references>
  <references xsi:type="trace:ModelElementReference">
    <elementRef href="model_MoCC.extendedCCSL#//@subBlock.0"/>
    <elementRef href="model_MoCC.extendedCCSL#//@subBlock.0/@relations.45"/>
  </references>
  <references xsi:type="trace:ModelElementReference">
    <elementRef href="model_MoCC.extendedCCSL#//@subBlock.0"/>
    <elementRef href="model_MoCC.extendedCCSL#//@subBlock.0/@relations.34"/>
  </references>
  <references xsi:type="trace:ModelElementReference">
    <elementRef href="model_MoCC.extendedCCSL#//@subBlock.0"/>
    <elementRef href="model_MoCC.extendedCCSL#//@subBlock.0/@relations.32"/>
  </references>
  <references xsi:type="trace:ModelElementReference">
    <elementRef href="model_MoCC.extendedCCSL#//@subBlock.0"/>
    <elementRef href="model_MoCC.extendedCCSL#//@subBlock.0/@relations.28"/>
  </references>
  <references xsi:type="trace:ModelElementReference">
    <elementRef href="model_MoCC.extendedCCSL#//@subBlock.0"/>
    <elementRef href="model_MoCC.extendedCCSL#//@subBlock.0/@relations.38"/>
  </references>
  <references xsi:type="trace:ModelElementReference">
    <elementRef href="model_MoCC.extendedCCSL#//@subBlock.0"/>
    <elementRef href="model_MoCC.extendedCCSL#//@subBlock.0/@relations.44"/>
  </references>
  <references xsi:type="trace:ModelElementReference">
    <elementRef href="model_MoCC.extendedCCSL#//@subBlock.0"/>
    <elementRef href="model_MoCC.extendedCCSL#//@subBlock.0/@relations.30"/>
  </references>
</trace:Trace>
