<?xml version="1.0" encoding="ASCII"?>
<trace:Trace xmlns:xsi="http://www.w3.org/2001/XMLSchema-instance" xmlns:trace="http://www.inria.fr/sophia/aoste/trace/1.0.0" name="model_MoCC2013_1029_093533">
  <references xsi:type="trace:ModelElementReference">
    <elementRef href="model_MoCC.extendedCCSL#//@subBlock.0"/>
    <elementRef href="model_MoCC.extendedCCSL#//@subBlock.0/@elements.20"/>
  </references>
  <references xsi:type="trace:ModelElementReference">
    <elementRef href="model_MoCC.extendedCCSL#//@subBlock.0"/>
    <elementRef href="model_MoCC.extendedCCSL#//@subBlock.0/@elements.61"/>
  </references>
  <references xsi:type="trace:ModelElementReference">
    <elementRef href="model_MoCC.extendedCCSL#//@subBlock.0"/>
    <elementRef href="model_MoCC.extendedCCSL#//@subBlock.0/@elements.26"/>
  </references>
  <references xsi:type="trace:ModelElementReference">
    <elementRef href="model_MoCC.extendedCCSL#//@subBlock.0"/>
    <elementRef href="model_MoCC.extendedCCSL#//@subBlock.0/@elements.6"/>
  </references>
  <references xsi:type="trace:ModelElementReference">
    <elementRef href="model_MoCC.extendedCCSL#//@subBlock.0"/>
    <elementRef href="model_MoCC.extendedCCSL#//@subBlock.0/@elements.4"/>
  </references>
  <references xsi:type="trace:ModelElementReference">
    <elementRef href="model_MoCC.extendedCCSL#//@subBlock.0"/>
    <elementRef href="model_MoCC.extendedCCSL#//@subBlock.0/@elements.10"/>
  </references>
  <references xsi:type="trace:ModelElementReference">
    <elementRef href="model_MoCC.extendedCCSL#//@subBlock.0"/>
    <elementRef href="model_MoCC.extendedCCSL#//@subBlock.0/@elements.67"/>
  </references>
  <references xsi:type="trace:ModelElementReference">
    <elementRef href="model_MoCC.extendedCCSL#//@subBlock.0"/>
    <elementRef href="model_MoCC.extendedCCSL#//@subBlock.0/@elements.62"/>
  </references>
  <references xsi:type="trace:ModelElementReference">
    <elementRef href="model_MoCC.extendedCCSL#//@subBlock.0"/>
    <elementRef href="model_MoCC.extendedCCSL#//@subBlock.0/@elements.24"/>
  </references>
  <references xsi:type="trace:ModelElementReference">
    <elementRef href="model_MoCC.extendedCCSL#//@subBlock.0"/>
    <elementRef href="model_MoCC.extendedCCSL#//@subBlock.0/@elements.9"/>
  </references>
  <references xsi:type="trace:ModelElementReference">
    <elementRef href="model_MoCC.extendedCCSL#//@subBlock.0"/>
    <elementRef href="model_MoCC.extendedCCSL#//@subBlock.0/@elements.0"/>
  </references>
  <references xsi:type="trace:ModelElementReference">
    <elementRef href="model_MoCC.extendedCCSL#//@subBlock.0"/>
    <elementRef href="model_MoCC.extendedCCSL#//@subBlock.0/@elements.23"/>
  </references>
  <references xsi:type="trace:ModelElementReference">
    <elementRef href="model_MoCC.extendedCCSL#//@subBlock.0"/>
    <elementRef href="model_MoCC.extendedCCSL#//@subBlock.0/@elements.42"/>
  </references>
  <references xsi:type="trace:ModelElementReference">
    <elementRef href="model_MoCC.extendedCCSL#//@subBlock.0"/>
    <elementRef href="model_MoCC.extendedCCSL#//@subBlock.0/@elements.63"/>
  </references>
  <references xsi:type="trace:ModelElementReference">
    <elementRef href="model_MoCC.extendedCCSL#//@subBlock.0"/>
    <elementRef href="model_MoCC.extendedCCSL#//@subBlock.0/@elements.2"/>
  </references>
  <references xsi:type="trace:ModelElementReference">
    <elementRef href="model_MoCC.extendedCCSL#//@subBlock.0"/>
    <elementRef href="model_MoCC.extendedCCSL#//@subBlock.0/@elements.17"/>
  </references>
  <references xsi:type="trace:ModelElementReference">
    <elementRef href="model_MoCC.extendedCCSL#//@subBlock.0"/>
    <elementRef href="model_MoCC.extendedCCSL#//@subBlock.0/@elements.14"/>
  </references>
  <references xsi:type="trace:ModelElementReference">
    <elementRef href="model_MoCC.extendedCCSL#//@subBlock.0"/>
    <elementRef href="model_MoCC.extendedCCSL#//@subBlock.0/@elements.5"/>
  </references>
  <references xsi:type="trace:ModelElementReference">
    <elementRef href="model_MoCC.extendedCCSL#//@subBlock.0"/>
    <elementRef href="model_MoCC.extendedCCSL#//@subBlock.0/@elements.18"/>
  </references>
  <references xsi:type="trace:ModelElementReference">
    <elementRef href="model_MoCC.extendedCCSL#//@subBlock.0"/>
    <elementRef href="model_MoCC.extendedCCSL#//@subBlock.0/@elements.49"/>
  </references>
  <references xsi:type="trace:ModelElementReference">
    <elementRef href="model_MoCC.extendedCCSL#//@subBlock.0"/>
    <elementRef href="model_MoCC.extendedCCSL#//@subBlock.0/@elements.35"/>
  </references>
  <references xsi:type="trace:ModelElementReference">
    <elementRef href="model_MoCC.extendedCCSL#//@subBlock.0"/>
    <elementRef href="model_MoCC.extendedCCSL#//@subBlock.0/@elements.32"/>
  </references>
  <references xsi:type="trace:ModelElementReference">
    <elementRef href="model_MoCC.extendedCCSL#//@subBlock.0"/>
    <elementRef href="model_MoCC.extendedCCSL#//@subBlock.0/@elements.21"/>
  </references>
  <references xsi:type="trace:ModelElementReference">
    <elementRef href="model_MoCC.extendedCCSL#//@subBlock.0"/>
    <elementRef href="model_MoCC.extendedCCSL#//@subBlock.0/@elements.50"/>
  </references>
  <references xsi:type="trace:ModelElementReference">
    <elementRef href="model_MoCC.extendedCCSL#//@subBlock.0"/>
    <elementRef href="model_MoCC.extendedCCSL#//@subBlock.0/@elements.56"/>
  </references>
  <references xsi:type="trace:ModelElementReference">
    <elementRef href="model_MoCC.extendedCCSL#//@subBlock.0"/>
    <elementRef href="model_MoCC.extendedCCSL#//@subBlock.0/@elements.28"/>
  </references>
  <references xsi:type="trace:ModelElementReference">
    <elementRef href="model_MoCC.extendedCCSL#//@subBlock.0"/>
    <elementRef href="model_MoCC.extendedCCSL#//@subBlock.0/@elements.29"/>
  </references>
  <references xsi:type="trace:ModelElementReference">
    <elementRef href="model_MoCC.extendedCCSL#//@subBlock.0"/>
    <elementRef href="model_MoCC.extendedCCSL#//@subBlock.0/@elements.38"/>
  </references>
  <references xsi:type="trace:ModelElementReference">
    <elementRef href="model_MoCC.extendedCCSL#//@subBlock.0"/>
    <elementRef href="model_MoCC.extendedCCSL#//@subBlock.0/@elements.69"/>
  </references>
  <references xsi:type="trace:ModelElementReference">
    <elementRef href="model_MoCC.extendedCCSL#//@subBlock.0"/>
    <elementRef href="model_MoCC.extendedCCSL#//@subBlock.0/@elements.59"/>
  </references>
  <references xsi:type="trace:ModelElementReference">
    <elementRef href="model_MoCC.extendedCCSL#//@subBlock.0"/>
    <elementRef href="model_MoCC.extendedCCSL#//@subBlock.0/@elements.36"/>
  </references>
  <references xsi:type="trace:ModelElementReference">
    <elementRef href="model_MoCC.extendedCCSL#//@subBlock.0"/>
    <elementRef href="model_MoCC.extendedCCSL#//@subBlock.0/@elements.40"/>
  </references>
  <references xsi:type="trace:ModelElementReference">
    <elementRef href="model_MoCC.extendedCCSL#//@subBlock.0"/>
    <elementRef href="model_MoCC.extendedCCSL#//@subBlock.0/@elements.57"/>
  </references>
  <references xsi:type="trace:ModelElementReference">
    <elementRef href="model_MoCC.extendedCCSL#//@subBlock.0"/>
    <elementRef href="model_MoCC.extendedCCSL#//@subBlock.0/@elements.71"/>
  </references>
  <references xsi:type="trace:ModelElementReference">
    <elementRef href="model_MoCC.extendedCCSL#//@subBlock.0"/>
    <elementRef href="model_MoCC.extendedCCSL#//@subBlock.0/@elements.3"/>
  </references>
  <references xsi:type="trace:ModelElementReference">
    <elementRef href="model_MoCC.extendedCCSL#//@subBlock.0"/>
    <elementRef href="model_MoCC.extendedCCSL#//@subBlock.0/@elements.34"/>
  </references>
  <references xsi:type="trace:ModelElementReference">
    <elementRef href="model_MoCC.extendedCCSL#//@subBlock.0"/>
    <elementRef href="model_MoCC.extendedCCSL#//@subBlock.0/@elements.31"/>
  </references>
  <references xsi:type="trace:ModelElementReference">
    <elementRef href="model_MoCC.extendedCCSL#//@subBlock.0"/>
    <elementRef href="model_MoCC.extendedCCSL#//@subBlock.0/@elements.43"/>
  </references>
  <references xsi:type="trace:ModelElementReference">
    <elementRef href="model_MoCC.extendedCCSL#//@subBlock.0"/>
    <elementRef href="model_MoCC.extendedCCSL#//@subBlock.0/@elements.65"/>
  </references>
  <references xsi:type="trace:ModelElementReference">
    <elementRef href="model_MoCC.extendedCCSL#//@subBlock.0"/>
    <elementRef href="model_MoCC.extendedCCSL#//@subBlock.0/@elements.8"/>
  </references>
  <references xsi:type="trace:ModelElementReference">
    <elementRef href="model_MoCC.extendedCCSL#//@subBlock.0"/>
    <elementRef href="model_MoCC.extendedCCSL#//@subBlock.0/@elements.37"/>
  </references>
  <references xsi:type="trace:ModelElementReference">
    <elementRef href="model_MoCC.extendedCCSL#//@subBlock.0"/>
    <elementRef href="model_MoCC.extendedCCSL#//@subBlock.0/@elements.66"/>
  </references>
  <references xsi:type="trace:ModelElementReference">
    <elementRef href="model_MoCC.extendedCCSL#//@subBlock.0"/>
    <elementRef href="model_MoCC.extendedCCSL#//@subBlock.0/@elements.47"/>
  </references>
  <references xsi:type="trace:ModelElementReference">
    <elementRef href="model_MoCC.extendedCCSL#//@subBlock.0"/>
    <elementRef href="model_MoCC.extendedCCSL#//@subBlock.0/@elements.7"/>
  </references>
  <references xsi:type="trace:ModelElementReference">
    <elementRef href="model_MoCC.extendedCCSL#//@subBlock.0"/>
    <elementRef href="model_MoCC.extendedCCSL#//@subBlock.0/@elements.41"/>
  </references>
  <references xsi:type="trace:ModelElementReference">
    <elementRef href="model_MoCC.extendedCCSL#//@subBlock.0"/>
    <elementRef href="model_MoCC.extendedCCSL#//@subBlock.0/@elements.27"/>
  </references>
  <references xsi:type="trace:ModelElementReference">
    <elementRef href="model_MoCC.extendedCCSL#//@subBlock.0"/>
    <elementRef href="model_MoCC.extendedCCSL#//@subBlock.0/@elements.22"/>
  </references>
  <references xsi:type="trace:ModelElementReference">
    <elementRef href="model_MoCC.extendedCCSL#//@subBlock.0"/>
    <elementRef href="model_MoCC.extendedCCSL#//@subBlock.0/@elements.11"/>
  </references>
  <references xsi:type="trace:ModelElementReference">
    <elementRef href="model_MoCC.extendedCCSL#//@subBlock.0"/>
    <elementRef href="model_MoCC.extendedCCSL#//@subBlock.0/@elements.64"/>
  </references>
  <references xsi:type="trace:ModelElementReference">
    <elementRef href="model_MoCC.extendedCCSL#//@subBlock.0"/>
    <elementRef href="model_MoCC.extendedCCSL#//@subBlock.0/@elements.39"/>
  </references>
  <references xsi:type="trace:ModelElementReference">
    <elementRef href="model_MoCC.extendedCCSL#//@subBlock.0"/>
    <elementRef href="model_MoCC.extendedCCSL#//@subBlock.0/@elements.68"/>
  </references>
  <references xsi:type="trace:ModelElementReference">
    <elementRef href="model_MoCC.extendedCCSL#//@subBlock.0"/>
    <elementRef href="model_MoCC.extendedCCSL#//@subBlock.0/@elements.54"/>
  </references>
  <references xsi:type="trace:ModelElementReference">
    <elementRef href="model_MoCC.extendedCCSL#//@subBlock.0"/>
    <elementRef href="model_MoCC.extendedCCSL#//@subBlock.0/@elements.44"/>
  </references>
  <references xsi:type="trace:ModelElementReference">
    <elementRef href="model_MoCC.extendedCCSL#//@subBlock.0"/>
    <elementRef href="model_MoCC.extendedCCSL#//@subBlock.0/@elements.15"/>
  </references>
  <references xsi:type="trace:ModelElementReference">
    <elementRef href="model_MoCC.extendedCCSL#//@subBlock.0"/>
    <elementRef href="model_MoCC.extendedCCSL#//@subBlock.0/@elements.1"/>
  </references>
  <references xsi:type="trace:ModelElementReference">
    <elementRef href="model_MoCC.extendedCCSL#//@subBlock.0"/>
    <elementRef href="model_MoCC.extendedCCSL#//@subBlock.0/@elements.51"/>
  </references>
  <references xsi:type="trace:ModelElementReference">
    <elementRef href="model_MoCC.extendedCCSL#//@subBlock.0"/>
    <elementRef href="model_MoCC.extendedCCSL#//@subBlock.0/@elements.30"/>
  </references>
  <references xsi:type="trace:ModelElementReference">
    <elementRef href="model_MoCC.extendedCCSL#//@subBlock.0"/>
    <elementRef href="model_MoCC.extendedCCSL#//@subBlock.0/@elements.33"/>
  </references>
  <references xsi:type="trace:ModelElementReference">
    <elementRef href="model_MoCC.extendedCCSL#//@subBlock.0"/>
    <elementRef href="model_MoCC.extendedCCSL#//@subBlock.0/@elements.58"/>
  </references>
  <references xsi:type="trace:ModelElementReference">
    <elementRef href="model_MoCC.extendedCCSL#//@subBlock.0"/>
    <elementRef href="model_MoCC.extendedCCSL#//@subBlock.0/@elements.13"/>
  </references>
  <references xsi:type="trace:ModelElementReference">
    <elementRef href="model_MoCC.extendedCCSL#//@subBlock.0"/>
    <elementRef href="model_MoCC.extendedCCSL#//@subBlock.0/@elements.60"/>
  </references>
  <references xsi:type="trace:ModelElementReference">
    <elementRef href="model_MoCC.extendedCCSL#//@subBlock.0"/>
    <elementRef href="model_MoCC.extendedCCSL#//@subBlock.0/@elements.25"/>
  </references>
  <references xsi:type="trace:ModelElementReference">
    <elementRef href="model_MoCC.extendedCCSL#//@subBlock.0"/>
    <elementRef href="model_MoCC.extendedCCSL#//@subBlock.0/@elements.52"/>
  </references>
  <references xsi:type="trace:ModelElementReference">
    <elementRef href="model_MoCC.extendedCCSL#//@subBlock.0"/>
    <elementRef href="model_MoCC.extendedCCSL#//@subBlock.0/@elements.45"/>
  </references>
  <references xsi:type="trace:ModelElementReference">
    <elementRef href="model_MoCC.extendedCCSL#//@subBlock.0"/>
    <elementRef href="model_MoCC.extendedCCSL#//@subBlock.0/@elements.12"/>
  </references>
  <references xsi:type="trace:ModelElementReference">
    <elementRef href="model_MoCC.extendedCCSL#//@subBlock.0"/>
    <elementRef href="model_MoCC.extendedCCSL#//@subBlock.0/@elements.70"/>
  </references>
  <references xsi:type="trace:ModelElementReference">
    <elementRef href="model_MoCC.extendedCCSL#//@subBlock.0"/>
    <elementRef href="model_MoCC.extendedCCSL#//@subBlock.0/@elements.55"/>
  </references>
  <references xsi:type="trace:ModelElementReference">
    <elementRef href="model_MoCC.extendedCCSL#//@subBlock.0"/>
    <elementRef href="model_MoCC.extendedCCSL#//@subBlock.0/@elements.53"/>
  </references>
  <references xsi:type="trace:ModelElementReference">
    <elementRef href="model_MoCC.extendedCCSL#//@subBlock.0"/>
    <elementRef href="model_MoCC.extendedCCSL#//@subBlock.0/@elements.16"/>
  </references>
  <references xsi:type="trace:ModelElementReference">
    <elementRef href="model_MoCC.extendedCCSL#//@subBlock.0"/>
    <elementRef href="model_MoCC.extendedCCSL#//@subBlock.0/@elements.46"/>
  </references>
  <references xsi:type="trace:ModelElementReference">
    <elementRef href="model_MoCC.extendedCCSL#//@subBlock.0"/>
    <elementRef href="model_MoCC.extendedCCSL#//@subBlock.0/@elements.19"/>
  </references>
  <references xsi:type="trace:ModelElementReference">
    <elementRef href="model_MoCC.extendedCCSL#//@subBlock.0"/>
    <elementRef href="model_MoCC.extendedCCSL#//@subBlock.0/@elements.48"/>
  </references>
  <references xsi:type="trace:ModelElementReference">
    <elementRef href="model_MoCC.extendedCCSL#//@subBlock.0"/>
    <elementRef href="model_MoCC.extendedCCSL#//@subBlock.0/@relations.7"/>
    <elementRef href="platform:/plugin/fr.inria.aoste.timesquare.ccslkernel.model/ccsllibrary/CCSL.ccslLib#//@relationLibraries.0/@relationDefinitions.0"/>
    <elementRef href="platform:/plugin/fr.inria.aoste.timesquare.ccslkernel.model/ccsllibrary/CCSL.ccslLib#//@relationLibraries.0/@relationDefinitions.0/@concreteEntities.2"/>
  </references>
  <references xsi:type="trace:ModelElementReference">
    <elementRef href="model_MoCC.extendedCCSL#//@subBlock.0"/>
    <elementRef href="model_MoCC.extendedCCSL#//@subBlock.0/@relations.4"/>
    <elementRef href="platform:/plugin/fr.inria.aoste.timesquare.ccslkernel.model/ccsllibrary/CCSL.ccslLib#//@relationLibraries.0/@relationDefinitions.0"/>
    <elementRef href="platform:/plugin/fr.inria.aoste.timesquare.ccslkernel.model/ccsllibrary/CCSL.ccslLib#//@relationLibraries.0/@relationDefinitions.0/@concreteEntities.2"/>
  </references>
  <references xsi:type="trace:ModelElementReference">
    <elementRef href="model_MoCC.extendedCCSL#//@subBlock.0"/>
    <elementRef href="model_MoCC.extendedCCSL#//@subBlock.0/@relations.9"/>
    <elementRef href="platform:/plugin/fr.inria.aoste.timesquare.ccslkernel.model/ccsllibrary/CCSL.ccslLib#//@relationLibraries.0/@relationDefinitions.0"/>
    <elementRef href="platform:/plugin/fr.inria.aoste.timesquare.ccslkernel.model/ccsllibrary/CCSL.ccslLib#//@relationLibraries.0/@relationDefinitions.0/@concreteEntities.2"/>
  </references>
  <references xsi:type="trace:ModelElementReference">
    <elementRef href="model_MoCC.extendedCCSL#//@subBlock.0"/>
    <elementRef href="model_MoCC.extendedCCSL#//@subBlock.0/@relations.0"/>
    <elementRef href="platform:/plugin/fr.inria.aoste.timesquare.ccslkernel.model/ccsllibrary/CCSL.ccslLib#//@relationLibraries.0/@relationDefinitions.0"/>
    <elementRef href="platform:/plugin/fr.inria.aoste.timesquare.ccslkernel.model/ccsllibrary/CCSL.ccslLib#//@relationLibraries.0/@relationDefinitions.0/@concreteEntities.2"/>
  </references>
  <references xsi:type="trace:ModelElementReference">
    <elementRef href="model_MoCC.extendedCCSL#//@subBlock.0"/>
    <elementRef href="model_MoCC.extendedCCSL#//@subBlock.0/@relations.14"/>
    <elementRef href="platform:/plugin/fr.inria.aoste.timesquare.ccslkernel.model/ccsllibrary/CCSL.ccslLib#//@relationLibraries.0/@relationDefinitions.0"/>
    <elementRef href="platform:/plugin/fr.inria.aoste.timesquare.ccslkernel.model/ccsllibrary/CCSL.ccslLib#//@relationLibraries.0/@relationDefinitions.0/@concreteEntities.2"/>
  </references>
  <references xsi:type="trace:ModelElementReference">
    <elementRef href="model_MoCC.extendedCCSL#//@subBlock.0"/>
    <elementRef href="model_MoCC.extendedCCSL#//@subBlock.0/@relations.12"/>
    <elementRef href="platform:/plugin/fr.inria.aoste.timesquare.ccslkernel.model/ccsllibrary/CCSL.ccslLib#//@relationLibraries.0/@relationDefinitions.0"/>
    <elementRef href="platform:/plugin/fr.inria.aoste.timesquare.ccslkernel.model/ccsllibrary/CCSL.ccslLib#//@relationLibraries.0/@relationDefinitions.0/@concreteEntities.2"/>
  </references>
  <references xsi:type="trace:ModelElementReference">
    <elementRef href="model_MoCC.extendedCCSL#//@subBlock.0"/>
    <elementRef href="model_MoCC.extendedCCSL#//@subBlock.0/@relations.2"/>
    <elementRef href="platform:/plugin/fr.inria.aoste.timesquare.ccslkernel.model/ccsllibrary/CCSL.ccslLib#//@relationLibraries.0/@relationDefinitions.0"/>
    <elementRef href="platform:/plugin/fr.inria.aoste.timesquare.ccslkernel.model/ccsllibrary/CCSL.ccslLib#//@relationLibraries.0/@relationDefinitions.0/@concreteEntities.2"/>
  </references>
  <references xsi:type="trace:ModelElementReference">
    <elementRef href="model_MoCC.extendedCCSL#//@subBlock.0"/>
    <elementRef href="model_MoCC.extendedCCSL#//@subBlock.0/@relations.3"/>
    <elementRef href="platform:/plugin/fr.inria.aoste.timesquare.ccslkernel.model/ccsllibrary/CCSL.ccslLib#//@relationLibraries.0/@relationDefinitions.0"/>
    <elementRef href="platform:/plugin/fr.inria.aoste.timesquare.ccslkernel.model/ccsllibrary/CCSL.ccslLib#//@relationLibraries.0/@relationDefinitions.0/@concreteEntities.2"/>
  </references>
  <references xsi:type="trace:ModelElementReference">
    <elementRef href="model_MoCC.extendedCCSL#//@subBlock.0"/>
    <elementRef href="model_MoCC.extendedCCSL#//@subBlock.0/@relations.5"/>
    <elementRef href="platform:/plugin/fr.inria.aoste.timesquare.ccslkernel.model/ccsllibrary/CCSL.ccslLib#//@relationLibraries.0/@relationDefinitions.0"/>
    <elementRef href="platform:/plugin/fr.inria.aoste.timesquare.ccslkernel.model/ccsllibrary/CCSL.ccslLib#//@relationLibraries.0/@relationDefinitions.0/@concreteEntities.2"/>
  </references>
  <references xsi:type="trace:ModelElementReference">
    <elementRef href="model_MoCC.extendedCCSL#//@subBlock.0"/>
    <elementRef href="model_MoCC.extendedCCSL#//@subBlock.0/@relations.10"/>
    <elementRef href="platform:/plugin/fr.inria.aoste.timesquare.ccslkernel.model/ccsllibrary/CCSL.ccslLib#//@relationLibraries.0/@relationDefinitions.0"/>
    <elementRef href="platform:/plugin/fr.inria.aoste.timesquare.ccslkernel.model/ccsllibrary/CCSL.ccslLib#//@relationLibraries.0/@relationDefinitions.0/@concreteEntities.2"/>
  </references>
  <references xsi:type="trace:ModelElementReference">
    <elementRef href="model_MoCC.extendedCCSL#//@subBlock.0"/>
    <elementRef href="model_MoCC.extendedCCSL#//@subBlock.0/@relations.13"/>
    <elementRef href="platform:/plugin/fr.inria.aoste.timesquare.ccslkernel.model/ccsllibrary/CCSL.ccslLib#//@relationLibraries.0/@relationDefinitions.0"/>
    <elementRef href="platform:/plugin/fr.inria.aoste.timesquare.ccslkernel.model/ccsllibrary/CCSL.ccslLib#//@relationLibraries.0/@relationDefinitions.0/@concreteEntities.2"/>
  </references>
  <references xsi:type="trace:ModelElementReference">
    <elementRef href="model_MoCC.extendedCCSL#//@subBlock.0"/>
    <elementRef href="model_MoCC.extendedCCSL#//@subBlock.0/@relations.8"/>
    <elementRef href="platform:/plugin/fr.inria.aoste.timesquare.ccslkernel.model/ccsllibrary/CCSL.ccslLib#//@relationLibraries.0/@relationDefinitions.0"/>
    <elementRef href="platform:/plugin/fr.inria.aoste.timesquare.ccslkernel.model/ccsllibrary/CCSL.ccslLib#//@relationLibraries.0/@relationDefinitions.0/@concreteEntities.2"/>
  </references>
  <references xsi:type="trace:ModelElementReference">
    <elementRef href="model_MoCC.extendedCCSL#//@subBlock.0"/>
    <elementRef href="model_MoCC.extendedCCSL#//@subBlock.0/@relations.1"/>
    <elementRef href="platform:/plugin/fr.inria.aoste.timesquare.ccslkernel.model/ccsllibrary/CCSL.ccslLib#//@relationLibraries.0/@relationDefinitions.0"/>
    <elementRef href="platform:/plugin/fr.inria.aoste.timesquare.ccslkernel.model/ccsllibrary/CCSL.ccslLib#//@relationLibraries.0/@relationDefinitions.0/@concreteEntities.2"/>
  </references>
  <references xsi:type="trace:ModelElementReference">
    <elementRef href="model_MoCC.extendedCCSL#//@subBlock.0"/>
    <elementRef href="model_MoCC.extendedCCSL#//@subBlock.0/@relations.6"/>
    <elementRef href="platform:/plugin/fr.inria.aoste.timesquare.ccslkernel.model/ccsllibrary/CCSL.ccslLib#//@relationLibraries.0/@relationDefinitions.0"/>
    <elementRef href="platform:/plugin/fr.inria.aoste.timesquare.ccslkernel.model/ccsllibrary/CCSL.ccslLib#//@relationLibraries.0/@relationDefinitions.0/@concreteEntities.2"/>
  </references>
  <references xsi:type="trace:ModelElementReference">
    <elementRef href="model_MoCC.extendedCCSL#//@subBlock.0"/>
    <elementRef href="model_MoCC.extendedCCSL#//@subBlock.0/@relations.11"/>
    <elementRef href="platform:/plugin/fr.inria.aoste.timesquare.ccslkernel.model/ccsllibrary/CCSL.ccslLib#//@relationLibraries.0/@relationDefinitions.0"/>
    <elementRef href="platform:/plugin/fr.inria.aoste.timesquare.ccslkernel.model/ccsllibrary/CCSL.ccslLib#//@relationLibraries.0/@relationDefinitions.0/@concreteEntities.2"/>
  </references>
  <references xsi:type="trace:ModelElementReference">
    <elementRef href="model_MoCC.extendedCCSL#//@subBlock.0"/>
    <elementRef href="model_MoCC.extendedCCSL#//@subBlock.0/@relations.60"/>
  </references>
  <references xsi:type="trace:ModelElementReference">
    <elementRef href="model_MoCC.extendedCCSL#//@subBlock.0"/>
    <elementRef href="model_MoCC.extendedCCSL#//@subBlock.0/@relations.32"/>
  </references>
  <references xsi:type="trace:ModelElementReference">
    <elementRef href="model_MoCC.extendedCCSL#//@subBlock.0"/>
    <elementRef href="model_MoCC.extendedCCSL#//@subBlock.0/@relations.2"/>
    <elementRef href="platform:/plugin/fr.inria.aoste.timesquare.ccslkernel.model/ccsllibrary/CCSL.ccslLib#//@relationLibraries.0/@relationDefinitions.0"/>
    <elementRef href="platform:/plugin/fr.inria.aoste.timesquare.ccslkernel.model/ccsllibrary/CCSL.ccslLib#//@relationLibraries.0/@relationDefinitions.0/@concreteEntities.0"/>
  </references>
  <references xsi:type="trace:ModelElementReference">
    <elementRef href="model_MoCC.extendedCCSL#//@subBlock.0"/>
    <elementRef href="model_MoCC.extendedCCSL#//@subBlock.0/@relations.2"/>
    <elementRef href="platform:/plugin/fr.inria.aoste.timesquare.ccslkernel.model/ccsllibrary/CCSL.ccslLib#//@relationLibraries.0/@relationDefinitions.0"/>
    <elementRef href="platform:/plugin/fr.inria.aoste.timesquare.ccslkernel.model/ccsllibrary/CCSL.ccslLib#//@relationLibraries.0/@relationDefinitions.0/@concreteEntities.3"/>
  </references>
  <references xsi:type="trace:ModelElementReference">
    <elementRef href="model_MoCC.extendedCCSL#//@subBlock.0"/>
    <elementRef href="model_MoCC.extendedCCSL#//@subBlock.0/@relations.49"/>
  </references>
  <references xsi:type="trace:ModelElementReference">
    <elementRef href="model_MoCC.extendedCCSL#//@subBlock.0"/>
    <elementRef href="model_MoCC.extendedCCSL#//@subBlock.0/@relations.29"/>
  </references>
  <references xsi:type="trace:ModelElementReference">
    <elementRef href="model_MoCC.extendedCCSL#//@subBlock.0"/>
    <elementRef href="model_MoCC.extendedCCSL#//@subBlock.0/@relations.6"/>
    <elementRef href="platform:/plugin/fr.inria.aoste.timesquare.ccslkernel.model/ccsllibrary/CCSL.ccslLib#//@relationLibraries.0/@relationDefinitions.0"/>
    <elementRef href="platform:/plugin/fr.inria.aoste.timesquare.ccslkernel.model/ccsllibrary/CCSL.ccslLib#//@relationLibraries.0/@relationDefinitions.0/@concreteEntities.0"/>
  </references>
  <references xsi:type="trace:ModelElementReference">
    <elementRef href="model_MoCC.extendedCCSL#//@subBlock.0"/>
    <elementRef href="model_MoCC.extendedCCSL#//@subBlock.0/@relations.6"/>
    <elementRef href="platform:/plugin/fr.inria.aoste.timesquare.ccslkernel.model/ccsllibrary/CCSL.ccslLib#//@relationLibraries.0/@relationDefinitions.0"/>
    <elementRef href="platform:/plugin/fr.inria.aoste.timesquare.ccslkernel.model/ccsllibrary/CCSL.ccslLib#//@relationLibraries.0/@relationDefinitions.0/@concreteEntities.3"/>
  </references>
  <references xsi:type="trace:ModelElementReference">
    <elementRef href="model_MoCC.extendedCCSL#//@subBlock.0"/>
    <elementRef href="model_MoCC.extendedCCSL#//@subBlock.0/@relations.38"/>
  </references>
  <references xsi:type="trace:ModelElementReference">
    <elementRef href="model_MoCC.extendedCCSL#//@subBlock.0"/>
    <elementRef href="model_MoCC.extendedCCSL#//@subBlock.0/@relations.27"/>
  </references>
  <references xsi:type="trace:ModelElementReference">
    <elementRef href="model_MoCC.extendedCCSL#//@subBlock.0"/>
    <elementRef href="model_MoCC.extendedCCSL#//@subBlock.0/@relations.0"/>
    <elementRef href="platform:/plugin/fr.inria.aoste.timesquare.ccslkernel.model/ccsllibrary/CCSL.ccslLib#//@relationLibraries.0/@relationDefinitions.0"/>
    <elementRef href="platform:/plugin/fr.inria.aoste.timesquare.ccslkernel.model/ccsllibrary/CCSL.ccslLib#//@relationLibraries.0/@relationDefinitions.0/@concreteEntities.0"/>
  </references>
  <references xsi:type="trace:ModelElementReference">
    <elementRef href="model_MoCC.extendedCCSL#//@subBlock.0"/>
    <elementRef href="model_MoCC.extendedCCSL#//@subBlock.0/@relations.0"/>
    <elementRef href="platform:/plugin/fr.inria.aoste.timesquare.ccslkernel.model/ccsllibrary/CCSL.ccslLib#//@relationLibraries.0/@relationDefinitions.0"/>
    <elementRef href="platform:/plugin/fr.inria.aoste.timesquare.ccslkernel.model/ccsllibrary/CCSL.ccslLib#//@relationLibraries.0/@relationDefinitions.0/@concreteEntities.3"/>
  </references>
  <references xsi:type="trace:ModelElementReference">
    <elementRef href="model_MoCC.extendedCCSL#//@subBlock.0"/>
    <elementRef href="model_MoCC.extendedCCSL#//@subBlock.0/@relations.7"/>
    <elementRef href="platform:/plugin/fr.inria.aoste.timesquare.ccslkernel.model/ccsllibrary/CCSL.ccslLib#//@relationLibraries.0/@relationDefinitions.0"/>
    <elementRef href="platform:/plugin/fr.inria.aoste.timesquare.ccslkernel.model/ccsllibrary/CCSL.ccslLib#//@relationLibraries.0/@relationDefinitions.0/@concreteEntities.0"/>
  </references>
  <references xsi:type="trace:ModelElementReference">
    <elementRef href="model_MoCC.extendedCCSL#//@subBlock.0"/>
    <elementRef href="model_MoCC.extendedCCSL#//@subBlock.0/@relations.7"/>
    <elementRef href="platform:/plugin/fr.inria.aoste.timesquare.ccslkernel.model/ccsllibrary/CCSL.ccslLib#//@relationLibraries.0/@relationDefinitions.0"/>
    <elementRef href="platform:/plugin/fr.inria.aoste.timesquare.ccslkernel.model/ccsllibrary/CCSL.ccslLib#//@relationLibraries.0/@relationDefinitions.0/@concreteEntities.3"/>
  </references>
  <references xsi:type="trace:ModelElementReference">
    <elementRef href="model_MoCC.extendedCCSL#//@subBlock.0"/>
    <elementRef href="model_MoCC.extendedCCSL#//@subBlock.0/@relations.3"/>
    <elementRef href="platform:/plugin/fr.inria.aoste.timesquare.ccslkernel.model/ccsllibrary/CCSL.ccslLib#//@relationLibraries.0/@relationDefinitions.0"/>
    <elementRef href="platform:/plugin/fr.inria.aoste.timesquare.ccslkernel.model/ccsllibrary/CCSL.ccslLib#//@relationLibraries.0/@relationDefinitions.0/@concreteEntities.0"/>
  </references>
  <references xsi:type="trace:ModelElementReference">
    <elementRef href="model_MoCC.extendedCCSL#//@subBlock.0"/>
    <elementRef href="model_MoCC.extendedCCSL#//@subBlock.0/@relations.3"/>
    <elementRef href="platform:/plugin/fr.inria.aoste.timesquare.ccslkernel.model/ccsllibrary/CCSL.ccslLib#//@relationLibraries.0/@relationDefinitions.0"/>
    <elementRef href="platform:/plugin/fr.inria.aoste.timesquare.ccslkernel.model/ccsllibrary/CCSL.ccslLib#//@relationLibraries.0/@relationDefinitions.0/@concreteEntities.3"/>
  </references>
  <references xsi:type="trace:ModelElementReference">
    <elementRef href="model_MoCC.extendedCCSL#//@subBlock.0"/>
    <elementRef href="model_MoCC.extendedCCSL#//@subBlock.0/@relations.50"/>
  </references>
  <references xsi:type="trace:ModelElementReference">
    <elementRef href="model_MoCC.extendedCCSL#//@subBlock.0"/>
    <elementRef href="model_MoCC.extendedCCSL#//@subBlock.0/@relations.65"/>
  </references>
  <references xsi:type="trace:ModelElementReference">
    <elementRef href="model_MoCC.extendedCCSL#//@subBlock.0"/>
    <elementRef href="model_MoCC.extendedCCSL#//@subBlock.0/@relations.53"/>
  </references>
  <references xsi:type="trace:ModelElementReference">
    <elementRef href="model_MoCC.extendedCCSL#//@subBlock.0"/>
    <elementRef href="model_MoCC.extendedCCSL#//@subBlock.0/@relations.66"/>
  </references>
  <references xsi:type="trace:ModelElementReference">
    <elementRef href="model_MoCC.extendedCCSL#//@subBlock.0"/>
    <elementRef href="model_MoCC.extendedCCSL#//@subBlock.0/@relations.67"/>
  </references>
  <references xsi:type="trace:ModelElementReference">
    <elementRef href="model_MoCC.extendedCCSL#//@subBlock.0"/>
    <elementRef href="model_MoCC.extendedCCSL#//@subBlock.0/@relations.61"/>
  </references>
  <references xsi:type="trace:ModelElementReference">
    <elementRef href="model_MoCC.extendedCCSL#//@subBlock.0"/>
    <elementRef href="model_MoCC.extendedCCSL#//@subBlock.0/@relations.16"/>
  </references>
  <references xsi:type="trace:ModelElementReference">
    <elementRef href="model_MoCC.extendedCCSL#//@subBlock.0"/>
    <elementRef href="model_MoCC.extendedCCSL#//@subBlock.0/@relations.37"/>
  </references>
  <references xsi:type="trace:ModelElementReference">
    <elementRef href="model_MoCC.extendedCCSL#//@subBlock.0"/>
    <elementRef href="model_MoCC.extendedCCSL#//@subBlock.0/@relations.43"/>
  </references>
  <references xsi:type="trace:ModelElementReference">
    <elementRef href="model_MoCC.extendedCCSL#//@subBlock.0"/>
    <elementRef href="model_MoCC.extendedCCSL#//@subBlock.0/@relations.13"/>
    <elementRef href="platform:/plugin/fr.inria.aoste.timesquare.ccslkernel.model/ccsllibrary/CCSL.ccslLib#//@relationLibraries.0/@relationDefinitions.0"/>
    <elementRef href="platform:/plugin/fr.inria.aoste.timesquare.ccslkernel.model/ccsllibrary/CCSL.ccslLib#//@relationLibraries.0/@relationDefinitions.0/@concreteEntities.0"/>
  </references>
  <references xsi:type="trace:ModelElementReference">
    <elementRef href="model_MoCC.extendedCCSL#//@subBlock.0"/>
    <elementRef href="model_MoCC.extendedCCSL#//@subBlock.0/@relations.13"/>
    <elementRef href="platform:/plugin/fr.inria.aoste.timesquare.ccslkernel.model/ccsllibrary/CCSL.ccslLib#//@relationLibraries.0/@relationDefinitions.0"/>
    <elementRef href="platform:/plugin/fr.inria.aoste.timesquare.ccslkernel.model/ccsllibrary/CCSL.ccslLib#//@relationLibraries.0/@relationDefinitions.0/@concreteEntities.3"/>
  </references>
  <references xsi:type="trace:ModelElementReference">
    <elementRef href="model_MoCC.extendedCCSL#//@subBlock.0"/>
    <elementRef href="model_MoCC.extendedCCSL#//@subBlock.0/@relations.41"/>
  </references>
  <references xsi:type="trace:ModelElementReference">
    <elementRef href="model_MoCC.extendedCCSL#//@subBlock.0"/>
    <elementRef href="model_MoCC.extendedCCSL#//@subBlock.0/@relations.62"/>
  </references>
  <references xsi:type="trace:ModelElementReference">
    <elementRef href="model_MoCC.extendedCCSL#//@subBlock.0"/>
    <elementRef href="model_MoCC.extendedCCSL#//@subBlock.0/@relations.15"/>
  </references>
  <references xsi:type="trace:ModelElementReference">
    <elementRef href="model_MoCC.extendedCCSL#//@subBlock.0"/>
    <elementRef href="model_MoCC.extendedCCSL#//@subBlock.0/@relations.58"/>
  </references>
  <references xsi:type="trace:ModelElementReference">
    <elementRef href="model_MoCC.extendedCCSL#//@subBlock.0"/>
    <elementRef href="model_MoCC.extendedCCSL#//@subBlock.0/@relations.70"/>
  </references>
  <references xsi:type="trace:ModelElementReference">
    <elementRef href="model_MoCC.extendedCCSL#//@subBlock.0"/>
    <elementRef href="model_MoCC.extendedCCSL#//@subBlock.0/@relations.72"/>
  </references>
  <references xsi:type="trace:ModelElementReference">
    <elementRef href="model_MoCC.extendedCCSL#//@subBlock.0"/>
    <elementRef href="model_MoCC.extendedCCSL#//@subBlock.0/@relations.71"/>
  </references>
  <references xsi:type="trace:ModelElementReference">
    <elementRef href="model_MoCC.extendedCCSL#//@subBlock.0"/>
    <elementRef href="model_MoCC.extendedCCSL#//@subBlock.0/@relations.68"/>
  </references>
  <references xsi:type="trace:ModelElementReference">
    <elementRef href="model_MoCC.extendedCCSL#//@subBlock.0"/>
    <elementRef href="model_MoCC.extendedCCSL#//@subBlock.0/@relations.25"/>
  </references>
  <references xsi:type="trace:ModelElementReference">
    <elementRef href="model_MoCC.extendedCCSL#//@subBlock.0"/>
    <elementRef href="model_MoCC.extendedCCSL#//@subBlock.0/@relations.5"/>
    <elementRef href="platform:/plugin/fr.inria.aoste.timesquare.ccslkernel.model/ccsllibrary/CCSL.ccslLib#//@relationLibraries.0/@relationDefinitions.0"/>
    <elementRef href="platform:/plugin/fr.inria.aoste.timesquare.ccslkernel.model/ccsllibrary/CCSL.ccslLib#//@relationLibraries.0/@relationDefinitions.0/@concreteEntities.0"/>
  </references>
  <references xsi:type="trace:ModelElementReference">
    <elementRef href="model_MoCC.extendedCCSL#//@subBlock.0"/>
    <elementRef href="model_MoCC.extendedCCSL#//@subBlock.0/@relations.5"/>
    <elementRef href="platform:/plugin/fr.inria.aoste.timesquare.ccslkernel.model/ccsllibrary/CCSL.ccslLib#//@relationLibraries.0/@relationDefinitions.0"/>
    <elementRef href="platform:/plugin/fr.inria.aoste.timesquare.ccslkernel.model/ccsllibrary/CCSL.ccslLib#//@relationLibraries.0/@relationDefinitions.0/@concreteEntities.3"/>
  </references>
  <references xsi:type="trace:ModelElementReference">
    <elementRef href="model_MoCC.extendedCCSL#//@subBlock.0"/>
    <elementRef href="model_MoCC.extendedCCSL#//@subBlock.0/@relations.69"/>
  </references>
  <references xsi:type="trace:ModelElementReference">
    <elementRef href="model_MoCC.extendedCCSL#//@subBlock.0"/>
    <elementRef href="model_MoCC.extendedCCSL#//@subBlock.0/@relations.18"/>
  </references>
  <references xsi:type="trace:ModelElementReference">
    <elementRef href="model_MoCC.extendedCCSL#//@subBlock.0"/>
    <elementRef href="model_MoCC.extendedCCSL#//@subBlock.0/@relations.59"/>
  </references>
  <references xsi:type="trace:ModelElementReference">
    <elementRef href="model_MoCC.extendedCCSL#//@subBlock.0"/>
    <elementRef href="model_MoCC.extendedCCSL#//@subBlock.0/@relations.56"/>
  </references>
  <references xsi:type="trace:ModelElementReference">
    <elementRef href="model_MoCC.extendedCCSL#//@subBlock.0"/>
    <elementRef href="model_MoCC.extendedCCSL#//@subBlock.0/@relations.42"/>
  </references>
  <references xsi:type="trace:ModelElementReference">
    <elementRef href="model_MoCC.extendedCCSL#//@subBlock.0"/>
    <elementRef href="model_MoCC.extendedCCSL#//@subBlock.0/@relations.64"/>
  </references>
  <references xsi:type="trace:ModelElementReference">
    <elementRef href="model_MoCC.extendedCCSL#//@subBlock.0"/>
    <elementRef href="model_MoCC.extendedCCSL#//@subBlock.0/@relations.23"/>
  </references>
  <references xsi:type="trace:ModelElementReference">
    <elementRef href="model_MoCC.extendedCCSL#//@subBlock.0"/>
    <elementRef href="model_MoCC.extendedCCSL#//@subBlock.0/@relations.54"/>
  </references>
  <references xsi:type="trace:ModelElementReference">
    <elementRef href="model_MoCC.extendedCCSL#//@subBlock.0"/>
    <elementRef href="model_MoCC.extendedCCSL#//@subBlock.0/@relations.52"/>
  </references>
  <references xsi:type="trace:ModelElementReference">
    <elementRef href="model_MoCC.extendedCCSL#//@subBlock.0"/>
    <elementRef href="model_MoCC.extendedCCSL#//@subBlock.0/@relations.63"/>
  </references>
  <references xsi:type="trace:ModelElementReference">
    <elementRef href="model_MoCC.extendedCCSL#//@subBlock.0"/>
    <elementRef href="model_MoCC.extendedCCSL#//@subBlock.0/@relations.1"/>
    <elementRef href="platform:/plugin/fr.inria.aoste.timesquare.ccslkernel.model/ccsllibrary/CCSL.ccslLib#//@relationLibraries.0/@relationDefinitions.0"/>
    <elementRef href="platform:/plugin/fr.inria.aoste.timesquare.ccslkernel.model/ccsllibrary/CCSL.ccslLib#//@relationLibraries.0/@relationDefinitions.0/@concreteEntities.0"/>
  </references>
  <references xsi:type="trace:ModelElementReference">
    <elementRef href="model_MoCC.extendedCCSL#//@subBlock.0"/>
    <elementRef href="model_MoCC.extendedCCSL#//@subBlock.0/@relations.1"/>
    <elementRef href="platform:/plugin/fr.inria.aoste.timesquare.ccslkernel.model/ccsllibrary/CCSL.ccslLib#//@relationLibraries.0/@relationDefinitions.0"/>
    <elementRef href="platform:/plugin/fr.inria.aoste.timesquare.ccslkernel.model/ccsllibrary/CCSL.ccslLib#//@relationLibraries.0/@relationDefinitions.0/@concreteEntities.3"/>
  </references>
  <references xsi:type="trace:ModelElementReference">
    <elementRef href="model_MoCC.extendedCCSL#//@subBlock.0"/>
    <elementRef href="model_MoCC.extendedCCSL#//@subBlock.0/@relations.51"/>
  </references>
  <references xsi:type="trace:ModelElementReference">
    <elementRef href="model_MoCC.extendedCCSL#//@subBlock.0"/>
    <elementRef href="model_MoCC.extendedCCSL#//@subBlock.0/@relations.39"/>
  </references>
  <references xsi:type="trace:ModelElementReference">
    <elementRef href="model_MoCC.extendedCCSL#//@subBlock.0"/>
    <elementRef href="model_MoCC.extendedCCSL#//@subBlock.0/@relations.19"/>
  </references>
  <references xsi:type="trace:ModelElementReference">
    <elementRef href="model_MoCC.extendedCCSL#//@subBlock.0"/>
    <elementRef href="model_MoCC.extendedCCSL#//@subBlock.0/@relations.12"/>
    <elementRef href="platform:/plugin/fr.inria.aoste.timesquare.ccslkernel.model/ccsllibrary/CCSL.ccslLib#//@relationLibraries.0/@relationDefinitions.0"/>
    <elementRef href="platform:/plugin/fr.inria.aoste.timesquare.ccslkernel.model/ccsllibrary/CCSL.ccslLib#//@relationLibraries.0/@relationDefinitions.0/@concreteEntities.0"/>
  </references>
  <references xsi:type="trace:ModelElementReference">
    <elementRef href="model_MoCC.extendedCCSL#//@subBlock.0"/>
    <elementRef href="model_MoCC.extendedCCSL#//@subBlock.0/@relations.12"/>
    <elementRef href="platform:/plugin/fr.inria.aoste.timesquare.ccslkernel.model/ccsllibrary/CCSL.ccslLib#//@relationLibraries.0/@relationDefinitions.0"/>
    <elementRef href="platform:/plugin/fr.inria.aoste.timesquare.ccslkernel.model/ccsllibrary/CCSL.ccslLib#//@relationLibraries.0/@relationDefinitions.0/@concreteEntities.3"/>
  </references>
  <references xsi:type="trace:ModelElementReference">
    <elementRef href="model_MoCC.extendedCCSL#//@subBlock.0"/>
    <elementRef href="model_MoCC.extendedCCSL#//@subBlock.0/@relations.4"/>
    <elementRef href="platform:/plugin/fr.inria.aoste.timesquare.ccslkernel.model/ccsllibrary/CCSL.ccslLib#//@relationLibraries.0/@relationDefinitions.0"/>
    <elementRef href="platform:/plugin/fr.inria.aoste.timesquare.ccslkernel.model/ccsllibrary/CCSL.ccslLib#//@relationLibraries.0/@relationDefinitions.0/@concreteEntities.0"/>
  </references>
  <references xsi:type="trace:ModelElementReference">
    <elementRef href="model_MoCC.extendedCCSL#//@subBlock.0"/>
    <elementRef href="model_MoCC.extendedCCSL#//@subBlock.0/@relations.4"/>
    <elementRef href="platform:/plugin/fr.inria.aoste.timesquare.ccslkernel.model/ccsllibrary/CCSL.ccslLib#//@relationLibraries.0/@relationDefinitions.0"/>
    <elementRef href="platform:/plugin/fr.inria.aoste.timesquare.ccslkernel.model/ccsllibrary/CCSL.ccslLib#//@relationLibraries.0/@relationDefinitions.0/@concreteEntities.3"/>
  </references>
  <references xsi:type="trace:ModelElementReference">
    <elementRef href="model_MoCC.extendedCCSL#//@subBlock.0"/>
    <elementRef href="model_MoCC.extendedCCSL#//@subBlock.0/@relations.47"/>
  </references>
  <references xsi:type="trace:ModelElementReference">
    <elementRef href="model_MoCC.extendedCCSL#//@subBlock.0"/>
    <elementRef href="model_MoCC.extendedCCSL#//@subBlock.0/@relations.46"/>
  </references>
  <references xsi:type="trace:ModelElementReference">
    <elementRef href="model_MoCC.extendedCCSL#//@subBlock.0"/>
    <elementRef href="model_MoCC.extendedCCSL#//@subBlock.0/@relations.40"/>
  </references>
  <references xsi:type="trace:ModelElementReference">
    <elementRef href="model_MoCC.extendedCCSL#//@subBlock.0"/>
    <elementRef href="model_MoCC.extendedCCSL#//@subBlock.0/@relations.36"/>
  </references>
  <references xsi:type="trace:ModelElementReference">
    <elementRef href="model_MoCC.extendedCCSL#//@subBlock.0"/>
    <elementRef href="model_MoCC.extendedCCSL#//@subBlock.0/@relations.26"/>
  </references>
  <references xsi:type="trace:ModelElementReference">
    <elementRef href="model_MoCC.extendedCCSL#//@subBlock.0"/>
    <elementRef href="model_MoCC.extendedCCSL#//@subBlock.0/@relations.28"/>
  </references>
  <references xsi:type="trace:ModelElementReference">
    <elementRef href="model_MoCC.extendedCCSL#//@subBlock.0"/>
    <elementRef href="model_MoCC.extendedCCSL#//@subBlock.0/@relations.31"/>
  </references>
  <references xsi:type="trace:ModelElementReference">
    <elementRef href="model_MoCC.extendedCCSL#//@subBlock.0"/>
    <elementRef href="model_MoCC.extendedCCSL#//@subBlock.0/@relations.22"/>
  </references>
  <references xsi:type="trace:ModelElementReference">
    <elementRef href="model_MoCC.extendedCCSL#//@subBlock.0"/>
    <elementRef href="model_MoCC.extendedCCSL#//@subBlock.0/@relations.11"/>
    <elementRef href="platform:/plugin/fr.inria.aoste.timesquare.ccslkernel.model/ccsllibrary/CCSL.ccslLib#//@relationLibraries.0/@relationDefinitions.0"/>
    <elementRef href="platform:/plugin/fr.inria.aoste.timesquare.ccslkernel.model/ccsllibrary/CCSL.ccslLib#//@relationLibraries.0/@relationDefinitions.0/@concreteEntities.0"/>
  </references>
  <references xsi:type="trace:ModelElementReference">
    <elementRef href="model_MoCC.extendedCCSL#//@subBlock.0"/>
    <elementRef href="model_MoCC.extendedCCSL#//@subBlock.0/@relations.11"/>
    <elementRef href="platform:/plugin/fr.inria.aoste.timesquare.ccslkernel.model/ccsllibrary/CCSL.ccslLib#//@relationLibraries.0/@relationDefinitions.0"/>
    <elementRef href="platform:/plugin/fr.inria.aoste.timesquare.ccslkernel.model/ccsllibrary/CCSL.ccslLib#//@relationLibraries.0/@relationDefinitions.0/@concreteEntities.3"/>
  </references>
  <references xsi:type="trace:ModelElementReference">
    <elementRef href="model_MoCC.extendedCCSL#//@subBlock.0"/>
    <elementRef href="model_MoCC.extendedCCSL#//@subBlock.0/@relations.21"/>
  </references>
  <references xsi:type="trace:ModelElementReference">
    <elementRef href="model_MoCC.extendedCCSL#//@subBlock.0"/>
    <elementRef href="model_MoCC.extendedCCSL#//@subBlock.0/@relations.24"/>
  </references>
  <references xsi:type="trace:ModelElementReference">
    <elementRef href="model_MoCC.extendedCCSL#//@subBlock.0"/>
    <elementRef href="model_MoCC.extendedCCSL#//@subBlock.0/@relations.33"/>
  </references>
  <references xsi:type="trace:ModelElementReference">
    <elementRef href="model_MoCC.extendedCCSL#//@subBlock.0"/>
    <elementRef href="model_MoCC.extendedCCSL#//@subBlock.0/@relations.34"/>
  </references>
  <references xsi:type="trace:ModelElementReference">
    <elementRef href="model_MoCC.extendedCCSL#//@subBlock.0"/>
    <elementRef href="model_MoCC.extendedCCSL#//@subBlock.0/@relations.17"/>
  </references>
  <references xsi:type="trace:ModelElementReference">
    <elementRef href="model_MoCC.extendedCCSL#//@subBlock.0"/>
    <elementRef href="model_MoCC.extendedCCSL#//@subBlock.0/@relations.55"/>
  </references>
  <references xsi:type="trace:ModelElementReference">
    <elementRef href="model_MoCC.extendedCCSL#//@subBlock.0"/>
    <elementRef href="model_MoCC.extendedCCSL#//@subBlock.0/@relations.44"/>
  </references>
  <references xsi:type="trace:ModelElementReference">
    <elementRef href="model_MoCC.extendedCCSL#//@subBlock.0"/>
    <elementRef href="model_MoCC.extendedCCSL#//@subBlock.0/@relations.35"/>
  </references>
  <references xsi:type="trace:ModelElementReference">
    <elementRef href="model_MoCC.extendedCCSL#//@subBlock.0"/>
    <elementRef href="model_MoCC.extendedCCSL#//@subBlock.0/@relations.14"/>
    <elementRef href="platform:/plugin/fr.inria.aoste.timesquare.ccslkernel.model/ccsllibrary/CCSL.ccslLib#//@relationLibraries.0/@relationDefinitions.0"/>
    <elementRef href="platform:/plugin/fr.inria.aoste.timesquare.ccslkernel.model/ccsllibrary/CCSL.ccslLib#//@relationLibraries.0/@relationDefinitions.0/@concreteEntities.0"/>
  </references>
  <references xsi:type="trace:ModelElementReference">
    <elementRef href="model_MoCC.extendedCCSL#//@subBlock.0"/>
    <elementRef href="model_MoCC.extendedCCSL#//@subBlock.0/@relations.14"/>
    <elementRef href="platform:/plugin/fr.inria.aoste.timesquare.ccslkernel.model/ccsllibrary/CCSL.ccslLib#//@relationLibraries.0/@relationDefinitions.0"/>
    <elementRef href="platform:/plugin/fr.inria.aoste.timesquare.ccslkernel.model/ccsllibrary/CCSL.ccslLib#//@relationLibraries.0/@relationDefinitions.0/@concreteEntities.3"/>
  </references>
  <references xsi:type="trace:ModelElementReference">
    <elementRef href="model_MoCC.extendedCCSL#//@subBlock.0"/>
    <elementRef href="model_MoCC.extendedCCSL#//@subBlock.0/@relations.48"/>
  </references>
  <references xsi:type="trace:ModelElementReference">
    <elementRef href="model_MoCC.extendedCCSL#//@subBlock.0"/>
    <elementRef href="model_MoCC.extendedCCSL#//@subBlock.0/@relations.8"/>
    <elementRef href="platform:/plugin/fr.inria.aoste.timesquare.ccslkernel.model/ccsllibrary/CCSL.ccslLib#//@relationLibraries.0/@relationDefinitions.0"/>
    <elementRef href="platform:/plugin/fr.inria.aoste.timesquare.ccslkernel.model/ccsllibrary/CCSL.ccslLib#//@relationLibraries.0/@relationDefinitions.0/@concreteEntities.0"/>
  </references>
  <references xsi:type="trace:ModelElementReference">
    <elementRef href="model_MoCC.extendedCCSL#//@subBlock.0"/>
    <elementRef href="model_MoCC.extendedCCSL#//@subBlock.0/@relations.8"/>
    <elementRef href="platform:/plugin/fr.inria.aoste.timesquare.ccslkernel.model/ccsllibrary/CCSL.ccslLib#//@relationLibraries.0/@relationDefinitions.0"/>
    <elementRef href="platform:/plugin/fr.inria.aoste.timesquare.ccslkernel.model/ccsllibrary/CCSL.ccslLib#//@relationLibraries.0/@relationDefinitions.0/@concreteEntities.3"/>
  </references>
  <references xsi:type="trace:ModelElementReference">
    <elementRef href="model_MoCC.extendedCCSL#//@subBlock.0"/>
    <elementRef href="model_MoCC.extendedCCSL#//@subBlock.0/@relations.9"/>
    <elementRef href="platform:/plugin/fr.inria.aoste.timesquare.ccslkernel.model/ccsllibrary/CCSL.ccslLib#//@relationLibraries.0/@relationDefinitions.0"/>
    <elementRef href="platform:/plugin/fr.inria.aoste.timesquare.ccslkernel.model/ccsllibrary/CCSL.ccslLib#//@relationLibraries.0/@relationDefinitions.0/@concreteEntities.0"/>
  </references>
  <references xsi:type="trace:ModelElementReference">
    <elementRef href="model_MoCC.extendedCCSL#//@subBlock.0"/>
    <elementRef href="model_MoCC.extendedCCSL#//@subBlock.0/@relations.9"/>
    <elementRef href="platform:/plugin/fr.inria.aoste.timesquare.ccslkernel.model/ccsllibrary/CCSL.ccslLib#//@relationLibraries.0/@relationDefinitions.0"/>
    <elementRef href="platform:/plugin/fr.inria.aoste.timesquare.ccslkernel.model/ccsllibrary/CCSL.ccslLib#//@relationLibraries.0/@relationDefinitions.0/@concreteEntities.3"/>
  </references>
  <references xsi:type="trace:ModelElementReference">
    <elementRef href="model_MoCC.extendedCCSL#//@subBlock.0"/>
    <elementRef href="model_MoCC.extendedCCSL#//@subBlock.0/@relations.10"/>
    <elementRef href="platform:/plugin/fr.inria.aoste.timesquare.ccslkernel.model/ccsllibrary/CCSL.ccslLib#//@relationLibraries.0/@relationDefinitions.0"/>
    <elementRef href="platform:/plugin/fr.inria.aoste.timesquare.ccslkernel.model/ccsllibrary/CCSL.ccslLib#//@relationLibraries.0/@relationDefinitions.0/@concreteEntities.0"/>
  </references>
  <references xsi:type="trace:ModelElementReference">
    <elementRef href="model_MoCC.extendedCCSL#//@subBlock.0"/>
    <elementRef href="model_MoCC.extendedCCSL#//@subBlock.0/@relations.10"/>
    <elementRef href="platform:/plugin/fr.inria.aoste.timesquare.ccslkernel.model/ccsllibrary/CCSL.ccslLib#//@relationLibraries.0/@relationDefinitions.0"/>
    <elementRef href="platform:/plugin/fr.inria.aoste.timesquare.ccslkernel.model/ccsllibrary/CCSL.ccslLib#//@relationLibraries.0/@relationDefinitions.0/@concreteEntities.3"/>
  </references>
  <references xsi:type="trace:ModelElementReference">
    <elementRef href="model_MoCC.extendedCCSL#//@subBlock.0"/>
    <elementRef href="model_MoCC.extendedCCSL#//@subBlock.0/@relations.30"/>
  </references>
  <references xsi:type="trace:ModelElementReference">
    <elementRef href="model_MoCC.extendedCCSL#//@subBlock.0"/>
    <elementRef href="model_MoCC.extendedCCSL#//@subBlock.0/@relations.57"/>
  </references>
  <references xsi:type="trace:ModelElementReference">
    <elementRef href="model_MoCC.extendedCCSL#//@subBlock.0"/>
    <elementRef href="model_MoCC.extendedCCSL#//@subBlock.0/@relations.20"/>
  </references>
  <references xsi:type="trace:ModelElementReference">
    <elementRef href="model_MoCC.extendedCCSL#//@subBlock.0"/>
    <elementRef href="model_MoCC.extendedCCSL#//@subBlock.0/@relations.45"/>
  </references>
</trace:Trace>
